13:43:14 **** Build of configuration Debug for project sewing-PID-STM32-program ****
make -j9 all 
arm-none-eabi-gcc "../Drivers/STM32C0xx_HAL_Driver/Src/stm32c0xx_hal.c" -mcpu=cortex-m0plus -std=gnu11 -g3 -DDEBUG -DUSE_HAL_DRIVER -DSTM32C092xx -c -I../Core/Inc -I../Drivers/STM32C0xx_HAL_Driver/Inc -I../Drivers/STM32C0xx_HAL_Driver/Inc/Legacy -I../Drivers/CMSIS/Device/ST/STM32C0xx/Include -I../Drivers/CMSIS/Include -O0 -ffunction-sections -fdata-sections -Wall -fstack-usage -fcyclomatic-complexity -MMD -MP -MF"Drivers/STM32C0xx_HAL_Driver/Src/stm32c0xx_hal.d" -MT"Drivers/STM32C0xx_HAL_Driver/Src/stm32c0xx_hal.o" --specs=nano.specs -mfloat-abi=soft -mthumb -o "Drivers/STM32C0xx_HAL_Driver/Src/stm32c0xx_hal.o"
arm-none-eabi-gcc "../Drivers/STM32C0xx_HAL_Driver/Src/stm32c0xx_hal_adc.c" -mcpu=cortex-m0plus -std=gnu11 -g3 -DDEBUG -DUSE_HAL_DRIVER -DSTM32C092xx -c -I../Core/Inc -I../Drivers/STM32C0xx_HAL_Driver/Inc -I../Drivers/STM32C0xx_HAL_Driver/Inc/Legacy -I../Drivers/CMSIS/Device/ST/STM32C0xx/Include -I../Drivers/CMSIS/Include -O0 -ffunction-sections -fdata-sections -Wall -fstack-usage -fcyclomatic-complexity -MMD -MP -MF"Drivers/STM32C0xx_HAL_Driver/Src/stm32c0xx_hal_adc.d" -MT"Drivers/STM32C0xx_HAL_Driver/Src/stm32c0xx_hal_adc.o" --specs=nano.specs -mfloat-abi=soft -mthumb -o "Drivers/STM32C0xx_HAL_Driver/Src/stm32c0xx_hal_adc.o"
arm-none-eabi-gcc "../Drivers/STM32C0xx_HAL_Driver/Src/stm32c0xx_hal_adc_ex.c" -mcpu=cortex-m0plus -std=gnu11 -g3 -DDEBUG -DUSE_HAL_DRIVER -DSTM32C092xx -c -I../Core/Inc -I../Drivers/STM32C0xx_HAL_Driver/Inc -I../Drivers/STM32C0xx_HAL_Driver/Inc/Legacy -I../Drivers/CMSIS/Device/ST/STM32C0xx/Include -I../Drivers/CMSIS/Include -O0 -ffunction-sections -fdata-sections -Wall -fstack-usage -fcyclomatic-complexity -MMD -MP -MF"Drivers/STM32C0xx_HAL_Driver/Src/stm32c0xx_hal_adc_ex.d" -MT"Drivers/STM32C0xx_HAL_Driver/Src/stm32c0xx_hal_adc_ex.o" --specs=nano.specs -mfloat-abi=soft -mthumb -o "Drivers/STM32C0xx_HAL_Driver/Src/stm32c0xx_hal_adc_ex.o"
arm-none-eabi-gcc "../Drivers/STM32C0xx_HAL_Driver/Src/stm32c0xx_hal_cortex.c" -mcpu=cortex-m0plus -std=gnu11 -g3 -DDEBUG -DUSE_HAL_DRIVER -DSTM32C092xx -c -I../Core/Inc -I../Drivers/STM32C0xx_HAL_Driver/Inc -I../Drivers/STM32C0xx_HAL_Driver/Inc/Legacy -I../Drivers/CMSIS/Device/ST/STM32C0xx/Include -I../Drivers/CMSIS/Include -O0 -ffunction-sections -fdata-sections -Wall -fstack-usage -fcyclomatic-complexity -MMD -MP -MF"Drivers/STM32C0xx_HAL_Driver/Src/stm32c0xx_hal_cortex.d" -MT"Drivers/STM32C0xx_HAL_Driver/Src/stm32c0xx_hal_cortex.o" --specs=nano.specs -mfloat-abi=soft -mthumb -o "Drivers/STM32C0xx_HAL_Driver/Src/stm32c0xx_hal_cortex.o"
arm-none-eabi-gcc "../Drivers/STM32C0xx_HAL_Driver/Src/stm32c0xx_hal_dma.c" -mcpu=cortex-m0plus -std=gnu11 -g3 -DDEBUG -DUSE_HAL_DRIVER -DSTM32C092xx -c -I../Core/Inc -I../Drivers/STM32C0xx_HAL_Driver/Inc -I../Drivers/STM32C0xx_HAL_Driver/Inc/Legacy -I../Drivers/CMSIS/Device/ST/STM32C0xx/Include -I../Drivers/CMSIS/Include -O0 -ffunction-sections -fdata-sections -Wall -fstack-usage -fcyclomatic-complexity -MMD -MP -MF"Drivers/STM32C0xx_HAL_Driver/Src/stm32c0xx_hal_dma.d" -MT"Drivers/STM32C0xx_HAL_Driver/Src/stm32c0xx_hal_dma.o" --specs=nano.specs -mfloat-abi=soft -mthumb -o "Drivers/STM32C0xx_HAL_Driver/Src/stm32c0xx_hal_dma.o"
arm-none-eabi-gcc "../Drivers/STM32C0xx_HAL_Driver/Src/stm32c0xx_hal_dma_ex.c" -mcpu=cortex-m0plus -std=gnu11 -g3 -DDEBUG -DUSE_HAL_DRIVER -DSTM32C092xx -c -I../Core/Inc -I../Drivers/STM32C0xx_HAL_Driver/Inc -I../Drivers/STM32C0xx_HAL_Driver/Inc/Legacy -I../Drivers/CMSIS/Device/ST/STM32C0xx/Include -I../Drivers/CMSIS/Include -O0 -ffunction-sections -fdata-sections -Wall -fstack-usage -fcyclomatic-complexity -MMD -MP -MF"Drivers/STM32C0xx_HAL_Driver/Src/stm32c0xx_hal_dma_ex.d" -MT"Drivers/STM32C0xx_HAL_Driver/Src/stm32c0xx_hal_dma_ex.o" --specs=nano.specs -mfloat-abi=soft -mthumb -o "Drivers/STM32C0xx_HAL_Driver/Src/stm32c0xx_hal_dma_ex.o"
arm-none-eabi-gcc "../Drivers/STM32C0xx_HAL_Driver/Src/stm32c0xx_hal_exti.c" -mcpu=cortex-m0plus -std=gnu11 -g3 -DDEBUG -DUSE_HAL_DRIVER -DSTM32C092xx -c -I../Core/Inc -I../Drivers/STM32C0xx_HAL_Driver/Inc -I../Drivers/STM32C0xx_HAL_Driver/Inc/Legacy -I../Drivers/CMSIS/Device/ST/STM32C0xx/Include -I../Drivers/CMSIS/Include -O0 -ffunction-sections -fdata-sections -Wall -fstack-usage -fcyclomatic-complexity -MMD -MP -MF"Drivers/STM32C0xx_HAL_Driver/Src/stm32c0xx_hal_exti.d" -MT"Drivers/STM32C0xx_HAL_Driver/Src/stm32c0xx_hal_exti.o" --specs=nano.specs -mfloat-abi=soft -mthumb -o "Drivers/STM32C0xx_HAL_Driver/Src/stm32c0xx_hal_exti.o"
arm-none-eabi-gcc "../Drivers/STM32C0xx_HAL_Driver/Src/stm32c0xx_hal_flash.c" -mcpu=cortex-m0plus -std=gnu11 -g3 -DDEBUG -DUSE_HAL_DRIVER -DSTM32C092xx -c -I../Core/Inc -I../Drivers/STM32C0xx_HAL_Driver/Inc -I../Drivers/STM32C0xx_HAL_Driver/Inc/Legacy -I../Drivers/CMSIS/Device/ST/STM32C0xx/Include -I../Drivers/CMSIS/Include -O0 -ffunction-sections -fdata-sections -Wall -fstack-usage -fcyclomatic-complexity -MMD -MP -MF"Drivers/STM32C0xx_HAL_Driver/Src/stm32c0xx_hal_flash.d" -MT"Drivers/STM32C0xx_HAL_Driver/Src/stm32c0xx_hal_flash.o" --specs=nano.specs -mfloat-abi=soft -mthumb -o "Drivers/STM32C0xx_HAL_Driver/Src/stm32c0xx_hal_flash.o"
arm-none-eabi-gcc "../Drivers/STM32C0xx_HAL_Driver/Src/stm32c0xx_hal_flash_ex.c" -mcpu=cortex-m0plus -std=gnu11 -g3 -DDEBUG -DUSE_HAL_DRIVER -DSTM32C092xx -c -I../Core/Inc -I../Drivers/STM32C0xx_HAL_Driver/Inc -I../Drivers/STM32C0xx_HAL_Driver/Inc/Legacy -I../Drivers/CMSIS/Device/ST/STM32C0xx/Include -I../Drivers/CMSIS/Include -O0 -ffunction-sections -fdata-sections -Wall -fstack-usage -fcyclomatic-complexity -MMD -MP -MF"Drivers/STM32C0xx_HAL_Driver/Src/stm32c0xx_hal_flash_ex.d" -MT"Drivers/STM32C0xx_HAL_Driver/Src/stm32c0xx_hal_flash_ex.o" --specs=nano.specs -mfloat-abi=soft -mthumb -o "Drivers/STM32C0xx_HAL_Driver/Src/stm32c0xx_hal_flash_ex.o"
arm-none-eabi-gcc "../Drivers/STM32C0xx_HAL_Driver/Src/stm32c0xx_hal_gpio.c" -mcpu=cortex-m0plus -std=gnu11 -g3 -DDEBUG -DUSE_HAL_DRIVER -DSTM32C092xx -c -I../Core/Inc -I../Drivers/STM32C0xx_HAL_Driver/Inc -I../Drivers/STM32C0xx_HAL_Driver/Inc/Legacy -I../Drivers/CMSIS/Device/ST/STM32C0xx/Include -I../Drivers/CMSIS/Include -O0 -ffunction-sections -fdata-sections -Wall -fstack-usage -fcyclomatic-complexity -MMD -MP -MF"Drivers/STM32C0xx_HAL_Driver/Src/stm32c0xx_hal_gpio.d" -MT"Drivers/STM32C0xx_HAL_Driver/Src/stm32c0xx_hal_gpio.o" --specs=nano.specs -mfloat-abi=soft -mthumb -o "Drivers/STM32C0xx_HAL_Driver/Src/stm32c0xx_hal_gpio.o"
arm-none-eabi-gcc "../Drivers/STM32C0xx_HAL_Driver/Src/stm32c0xx_hal_pwr.c" -mcpu=cortex-m0plus -std=gnu11 -g3 -DDEBUG -DUSE_HAL_DRIVER -DSTM32C092xx -c -I../Core/Inc -I../Drivers/STM32C0xx_HAL_Driver/Inc -I../Drivers/STM32C0xx_HAL_Driver/Inc/Legacy -I../Drivers/CMSIS/Device/ST/STM32C0xx/Include -I../Drivers/CMSIS/Include -O0 -ffunction-sections -fdata-sections -Wall -fstack-usage -fcyclomatic-complexity -MMD -MP -MF"Drivers/STM32C0xx_HAL_Driver/Src/stm32c0xx_hal_pwr.d" -MT"Drivers/STM32C0xx_HAL_Driver/Src/stm32c0xx_hal_pwr.o" --specs=nano.specs -mfloat-abi=soft -mthumb -o "Drivers/STM32C0xx_HAL_Driver/Src/stm32c0xx_hal_pwr.o"
arm-none-eabi-gcc "../Drivers/STM32C0xx_HAL_Driver/Src/stm32c0xx_hal_pwr_ex.c" -mcpu=cortex-m0plus -std=gnu11 -g3 -DDEBUG -DUSE_HAL_DRIVER -DSTM32C092xx -c -I../Core/Inc -I../Drivers/STM32C0xx_HAL_Driver/Inc -I../Drivers/STM32C0xx_HAL_Driver/Inc/Legacy -I../Drivers/CMSIS/Device/ST/STM32C0xx/Include -I../Drivers/CMSIS/Include -O0 -ffunction-sections -fdata-sections -Wall -fstack-usage -fcyclomatic-complexity -MMD -MP -MF"Drivers/STM32C0xx_HAL_Driver/Src/stm32c0xx_hal_pwr_ex.d" -MT"Drivers/STM32C0xx_HAL_Driver/Src/stm32c0xx_hal_pwr_ex.o" --specs=nano.specs -mfloat-abi=soft -mthumb -o "Drivers/STM32C0xx_HAL_Driver/Src/stm32c0xx_hal_pwr_ex.o"
arm-none-eabi-gcc "../Drivers/STM32C0xx_HAL_Driver/Src/stm32c0xx_hal_rcc.c" -mcpu=cortex-m0plus -std=gnu11 -g3 -DDEBUG -DUSE_HAL_DRIVER -DSTM32C092xx -c -I../Core/Inc -I../Drivers/STM32C0xx_HAL_Driver/Inc -I../Drivers/STM32C0xx_HAL_Driver/Inc/Legacy -I../Drivers/CMSIS/Device/ST/STM32C0xx/Include -I../Drivers/CMSIS/Include -O0 -ffunction-sections -fdata-sections -Wall -fstack-usage -fcyclomatic-complexity -MMD -MP -MF"Drivers/STM32C0xx_HAL_Driver/Src/stm32c0xx_hal_rcc.d" -MT"Drivers/STM32C0xx_HAL_Driver/Src/stm32c0xx_hal_rcc.o" --specs=nano.specs -mfloat-abi=soft -mthumb -o "Drivers/STM32C0xx_HAL_Driver/Src/stm32c0xx_hal_rcc.o"
arm-none-eabi-gcc "../Drivers/STM32C0xx_HAL_Driver/Src/stm32c0xx_hal_rcc_ex.c" -mcpu=cortex-m0plus -std=gnu11 -g3 -DDEBUG -DUSE_HAL_DRIVER -DSTM32C092xx -c -I../Core/Inc -I../Drivers/STM32C0xx_HAL_Driver/Inc -I../Drivers/STM32C0xx_HAL_Driver/Inc/Legacy -I../Drivers/CMSIS/Device/ST/STM32C0xx/Include -I../Drivers/CMSIS/Include -O0 -ffunction-sections -fdata-sections -Wall -fstack-usage -fcyclomatic-complexity -MMD -MP -MF"Drivers/STM32C0xx_HAL_Driver/Src/stm32c0xx_hal_rcc_ex.d" -MT"Drivers/STM32C0xx_HAL_Driver/Src/stm32c0xx_hal_rcc_ex.o" --specs=nano.specs -mfloat-abi=soft -mthumb -o "Drivers/STM32C0xx_HAL_Driver/Src/stm32c0xx_hal_rcc_ex.o"
arm-none-eabi-gcc "../Drivers/STM32C0xx_HAL_Driver/Src/stm32c0xx_hal_tim.c" -mcpu=cortex-m0plus -std=gnu11 -g3 -DDEBUG -DUSE_HAL_DRIVER -DSTM32C092xx -c -I../Core/Inc -I../Drivers/STM32C0xx_HAL_Driver/Inc -I../Drivers/STM32C0xx_HAL_Driver/Inc/Legacy -I../Drivers/CMSIS/Device/ST/STM32C0xx/Include -I../Drivers/CMSIS/Include -O0 -ffunction-sections -fdata-sections -Wall -fstack-usage -fcyclomatic-complexity -MMD -MP -MF"Drivers/STM32C0xx_HAL_Driver/Src/stm32c0xx_hal_tim.d" -MT"Drivers/STM32C0xx_HAL_Driver/Src/stm32c0xx_hal_tim.o" --specs=nano.specs -mfloat-abi=soft -mthumb -o "Drivers/STM32C0xx_HAL_Driver/Src/stm32c0xx_hal_tim.o"
arm-none-eabi-gcc "../Drivers/STM32C0xx_HAL_Driver/Src/stm32c0xx_hal_tim_ex.c" -mcpu=cortex-m0plus -std=gnu11 -g3 -DDEBUG -DUSE_HAL_DRIVER -DSTM32C092xx -c -I../Core/Inc -I../Drivers/STM32C0xx_HAL_Driver/Inc -I../Drivers/STM32C0xx_HAL_Driver/Inc/Legacy -I../Drivers/CMSIS/Device/ST/STM32C0xx/Include -I../Drivers/CMSIS/Include -O0 -ffunction-sections -fdata-sections -Wall -fstack-usage -fcyclomatic-complexity -MMD -MP -MF"Drivers/STM32C0xx_HAL_Driver/Src/stm32c0xx_hal_tim_ex.d" -MT"Drivers/STM32C0xx_HAL_Driver/Src/stm32c0xx_hal_tim_ex.o" --specs=nano.specs -mfloat-abi=soft -mthumb -o "Drivers/STM32C0xx_HAL_Driver/Src/stm32c0xx_hal_tim_ex.o"
arm-none-eabi-gcc -mcpu=cortex-m0plus -g3 -DDEBUG -c -x assembler-with-cpp -MMD -MP -MF"Core/Startup/startup_stm32c092kctx.d" -MT"Core/Startup/startup_stm32c092kctx.o" --specs=nano.specs -mfloat-abi=soft -mthumb -o "Core/Startup/startup_stm32c092kctx.o" "../Core/Startup/startup_stm32c092kctx.s"
arm-none-eabi-gcc "../Core/Src/main.c" -mcpu=cortex-m0plus -std=gnu11 -g3 -DDEBUG -DUSE_HAL_DRIVER -DSTM32C092xx -c -I../Core/Inc -I../Drivers/STM32C0xx_HAL_Driver/Inc -I../Drivers/STM32C0xx_HAL_Driver/Inc/Legacy -I../Drivers/CMSIS/Device/ST/STM32C0xx/Include -I../Drivers/CMSIS/Include -O0 -ffunction-sections -fdata-sections -Wall -fstack-usage -fcyclomatic-complexity -MMD -MP -MF"Core/Src/main.d" -MT"Core/Src/main.o" --specs=nano.specs -mfloat-abi=soft -mthumb -o "Core/Src/main.o"
arm-none-eabi-gcc "../Core/Src/stm32c0xx_hal_msp.c" -mcpu=cortex-m0plus -std=gnu11 -g3 -DDEBUG -DUSE_HAL_DRIVER -DSTM32C092xx -c -I../Core/Inc -I../Drivers/STM32C0xx_HAL_Driver/Inc -I../Drivers/STM32C0xx_HAL_Driver/Inc/Legacy -I../Drivers/CMSIS/Device/ST/STM32C0xx/Include -I../Drivers/CMSIS/Include -O0 -ffunction-sections -fdata-sections -Wall -fstack-usage -fcyclomatic-complexity -MMD -MP -MF"Core/Src/stm32c0xx_hal_msp.d" -MT"Core/Src/stm32c0xx_hal_msp.o" --specs=nano.specs -mfloat-abi=soft -mthumb -o "Core/Src/stm32c0xx_hal_msp.o"
arm-none-eabi-gcc "../Core/Src/stm32c0xx_it.c" -mcpu=cortex-m0plus -std=gnu11 -g3 -DDEBUG -DUSE_HAL_DRIVER -DSTM32C092xx -c -I../Core/Inc -I../Drivers/STM32C0xx_HAL_Driver/Inc -I../Drivers/STM32C0xx_HAL_Driver/Inc/Legacy -I../Drivers/CMSIS/Device/ST/STM32C0xx/Include -I../Drivers/CMSIS/Include -O0 -ffunction-sections -fdata-sections -Wall -fstack-usage -fcyclomatic-complexity -MMD -MP -MF"Core/Src/stm32c0xx_it.d" -MT"Core/Src/stm32c0xx_it.o" --specs=nano.specs -mfloat-abi=soft -mthumb -o "Core/Src/stm32c0xx_it.o"
arm-none-eabi-gcc "../Core/Src/syscalls.c" -mcpu=cortex-m0plus -std=gnu11 -g3 -DDEBUG -DUSE_HAL_DRIVER -DSTM32C092xx -c -I../Core/Inc -I../Drivers/STM32C0xx_HAL_Driver/Inc -I../Drivers/STM32C0xx_HAL_Driver/Inc/Legacy -I../Drivers/CMSIS/Device/ST/STM32C0xx/Include -I../Drivers/CMSIS/Include -O0 -ffunction-sections -fdata-sections -Wall -fstack-usage -fcyclomatic-complexity -MMD -MP -MF"Core/Src/syscalls.d" -MT"Core/Src/syscalls.o" --specs=nano.specs -mfloat-abi=soft -mthumb -o "Core/Src/syscalls.o"
arm-none-eabi-gcc "../Core/Src/sysmem.c" -mcpu=cortex-m0plus -std=gnu11 -g3 -DDEBUG -DUSE_HAL_DRIVER -DSTM32C092xx -c -I../Core/Inc -I../Drivers/STM32C0xx_HAL_Driver/Inc -I../Drivers/STM32C0xx_HAL_Driver/Inc/Legacy -I../Drivers/CMSIS/Device/ST/STM32C0xx/Include -I../Drivers/CMSIS/Include -O0 -ffunction-sections -fdata-sections -Wall -fstack-usage -fcyclomatic-complexity -MMD -MP -MF"Core/Src/sysmem.d" -MT"Core/Src/sysmem.o" --specs=nano.specs -mfloat-abi=soft -mthumb -o "Core/Src/sysmem.o"
arm-none-eabi-gcc "../Core/Src/system_stm32c0xx.c" -mcpu=cortex-m0plus -std=gnu11 -g3 -DDEBUG -DUSE_HAL_DRIVER -DSTM32C092xx -c -I../Core/Inc -I../Drivers/STM32C0xx_HAL_Driver/Inc -I../Drivers/STM32C0xx_HAL_Driver/Inc/Legacy -I../Drivers/CMSIS/Device/ST/STM32C0xx/Include -I../Drivers/CMSIS/Include -O0 -ffunction-sections -fdata-sections -Wall -fstack-usage -fcyclomatic-complexity -MMD -MP -MF"Core/Src/system_stm32c0xx.d" -MT"Core/Src/system_stm32c0xx.o" --specs=nano.specs -mfloat-abi=soft -mthumb -o "Core/Src/system_stm32c0xx.o"
arm-none-eabi-g++ -o "sewing-PID-STM32-program.elf" @"objects.list"   -mcpu=cortex-m0plus -T"/Users/john/Library/CloudStorage/OneDrive-Stanford/nonsense/sewing/singer4452-speed-controller/sewing-PID-STM32-program/sewing-PID-STM32-program/STM32C092KCTX_FLASH.ld" --specs=nosys.specs -Wl,-Map="sewing-PID-STM32-program.map" -Wl,--gc-sections -static --specs=nano.specs -mfloat-abi=soft -mthumb -Wl,--start-group -lc -lm -lstdc++ -lsupc++ -Wl,--end-group
Finished building target: sewing-PID-STM32-program.elf
 
arm-none-eabi-size  sewing-PID-STM32-program.elf 
arm-none-eabi-objdump -h -S sewing-PID-STM32-program.elf  > "sewing-PID-STM32-program.list"
   text	   data	    bss	    dec	    hex	filename
   7624	     12	   1668	   9304	   2458	sewing-PID-STM32-program.elf
Finished building: default.size.stdout
 
Finished building: sewing-PID-STM32-program.list
 
13:43:32 **** Incremental Build of configuration Debug for project sewing-PID-STM32-program ****
make -j9 all 
arm-none-eabi-size  sewing-PID-STM32-program.elf 
   text	   data	    bss	    dec	    hex	filename
   7624	     12	   1668	   9304	   2458	sewing-PID-STM32-program.elf
Finished building: default.size.stdout
 
13:43:51 **** Incremental Build of configuration Debug for project sewing-PID-STM32-program ****
make -j9 all 
arm-none-eabi-size  sewing-PID-STM32-program.elf 
   text	   data	    bss	    dec	    hex	filename
   7624	     12	   1668	   9304	   2458	sewing-PID-STM32-program.elf
Finished building: default.size.stdout
 
13:59:22 **** Incremental Build of configuration Debug for project sewing-PID-STM32-program ****
make -j9 all 
arm-none-eabi-gcc "../Core/Src/main.c" -mcpu=cortex-m0plus -std=gnu11 -g3 -DDEBUG -DUSE_HAL_DRIVER -DSTM32C092xx -c -I../Core/Inc -I../Drivers/STM32C0xx_HAL_Driver/Inc -I../Drivers/STM32C0xx_HAL_Driver/Inc/Legacy -I../Drivers/CMSIS/Device/ST/STM32C0xx/Include -I../Drivers/CMSIS/Include -O0 -ffunction-sections -fdata-sections -Wall -fstack-usage -fcyclomatic-complexity -MMD -MP -MF"Core/Src/main.d" -MT"Core/Src/main.o" --specs=nano.specs -mfloat-abi=soft -mthumb -o "Core/Src/main.o"
../Core/Src/main.c: In function 'main':
../Core/Src/main.c:104:11: error: unknown type name 'uint16'; did you mean 'uint16_t'?
  104 |           uint16 NUM_PINS = 15;
      |           ^~~~~~
      |           uint16_t
../Core/Src/main.c:106:48: error: variable-sized object may not be initialized except with an empty initializer
  106 |           GPIO_TypeDef* GPIO_Ports[NUM_PINS] = {
      |                                                ^
../Core/Src/main.c:111:42: error: variable-sized object may not be initialized except with an empty initializer
  111 |           uint16_t GPIO_Pins[NUM_PINS] = {
      |                                          ^
../Core/Src/main.c:118:16: error: unknown type name 'uint16'; did you mean 'uint16_t'?
  118 |           for (uint16 i = 0; i < NUM_PINS; i++)
      |                ^~~~~~
      |                uint16_t
../Core/Src/main.c:123:16: error: unknown type name 'uint16'; did you mean 'uint16_t'?
  123 |           for (uint16 i = 0; i < NUM_PINS; i++)
      |                ^~~~~~
      |                uint16_t
make: *** [Core/Src/subdir.mk:34: Core/Src/main.o] Error 1
"make -j9 all" terminated with exit code 2. Build might be incomplete.
13:59:55 **** Incremental Build of configuration Debug for project sewing-PID-STM32-program ****
make -j9 all 
arm-none-eabi-gcc "../Core/Src/main.c" -mcpu=cortex-m0plus -std=gnu11 -g3 -DDEBUG -DUSE_HAL_DRIVER -DSTM32C092xx -c -I../Core/Inc -I../Drivers/STM32C0xx_HAL_Driver/Inc -I../Drivers/STM32C0xx_HAL_Driver/Inc/Legacy -I../Drivers/CMSIS/Device/ST/STM32C0xx/Include -I../Drivers/CMSIS/Include -O0 -ffunction-sections -fdata-sections -Wall -fstack-usage -fcyclomatic-complexity -MMD -MP -MF"Core/Src/main.d" -MT"Core/Src/main.o" --specs=nano.specs -mfloat-abi=soft -mthumb -o "Core/Src/main.o"
../Core/Src/main.c: In function 'main':
../Core/Src/main.c:106:48: error: variable-sized object may not be initialized except with an empty initializer
  106 |           GPIO_TypeDef* GPIO_Ports[NUM_PINS] = {
      |                                                ^
../Core/Src/main.c:111:42: error: variable-sized object may not be initialized except with an empty initializer
  111 |           uint16_t GPIO_Pins[NUM_PINS] = {
      |                                          ^
make: *** [Core/Src/subdir.mk:34: Core/Src/main.o] Error 1
"make -j9 all" terminated with exit code 2. Build might be incomplete.
14:00:13 **** Incremental Build of configuration Debug for project sewing-PID-STM32-program ****
make -j9 all 
arm-none-eabi-gcc "../Core/Src/main.c" -mcpu=cortex-m0plus -std=gnu11 -g3 -DDEBUG -DUSE_HAL_DRIVER -DSTM32C092xx -c -I../Core/Inc -I../Drivers/STM32C0xx_HAL_Driver/Inc -I../Drivers/STM32C0xx_HAL_Driver/Inc/Legacy -I../Drivers/CMSIS/Device/ST/STM32C0xx/Include -I../Drivers/CMSIS/Include -O0 -ffunction-sections -fdata-sections -Wall -fstack-usage -fcyclomatic-complexity -MMD -MP -MF"Core/Src/main.d" -MT"Core/Src/main.o" --specs=nano.specs -mfloat-abi=soft -mthumb -o "Core/Src/main.o"
../Core/Src/main.c: In function 'main':
../Core/Src/main.c:106:48: error: variable-sized object may not be initialized except with an empty initializer
  106 |           GPIO_TypeDef* GPIO_Ports[NUM_PINS] = {
      |                                                ^
../Core/Src/main.c:111:42: error: variable-sized object may not be initialized except with an empty initializer
  111 |           uint16_t GPIO_Pins[NUM_PINS] = {
      |                                          ^
make: *** [Core/Src/subdir.mk:34: Core/Src/main.o] Error 1
"make -j9 all" terminated with exit code 2. Build might be incomplete.
14:00:56 **** Incremental Build of configuration Debug for project sewing-PID-STM32-program ****
make -j9 all 
arm-none-eabi-gcc "../Core/Src/main.c" -mcpu=cortex-m0plus -std=gnu11 -g3 -DDEBUG -DUSE_HAL_DRIVER -DSTM32C092xx -c -I../Core/Inc -I../Drivers/STM32C0xx_HAL_Driver/Inc -I../Drivers/STM32C0xx_HAL_Driver/Inc/Legacy -I../Drivers/CMSIS/Device/ST/STM32C0xx/Include -I../Drivers/CMSIS/Include -O0 -ffunction-sections -fdata-sections -Wall -fstack-usage -fcyclomatic-complexity -MMD -MP -MF"Core/Src/main.d" -MT"Core/Src/main.o" --specs=nano.specs -mfloat-abi=soft -mthumb -o "Core/Src/main.o"
../Core/Src/main.c: In function 'main':
../Core/Src/main.c:105:48: error: variable-sized object may not be initialized except with an empty initializer
  105 |           GPIO_TypeDef* GPIO_Ports[NUM_PINS] = {
      |                                                ^
../Core/Src/main.c:110:42: error: variable-sized object may not be initialized except with an empty initializer
  110 |           uint16_t GPIO_Pins[NUM_PINS] = {
      |                                          ^
make: *** [Core/Src/subdir.mk:34: Core/Src/main.o] Error 1
"make -j9 all" terminated with exit code 2. Build might be incomplete.
14:01:52 **** Incremental Build of configuration Debug for project sewing-PID-STM32-program ****
make -j9 all 
arm-none-eabi-gcc "../Core/Src/main.c" -mcpu=cortex-m0plus -std=gnu11 -g3 -DDEBUG -DUSE_HAL_DRIVER -DSTM32C092xx -c -I../Core/Inc -I../Drivers/STM32C0xx_HAL_Driver/Inc -I../Drivers/STM32C0xx_HAL_Driver/Inc/Legacy -I../Drivers/CMSIS/Device/ST/STM32C0xx/Include -I../Drivers/CMSIS/Include -O0 -ffunction-sections -fdata-sections -Wall -fstack-usage -fcyclomatic-complexity -MMD -MP -MF"Core/Src/main.d" -MT"Core/Src/main.o" --specs=nano.specs -mfloat-abi=soft -mthumb -o "Core/Src/main.o"
arm-none-eabi-g++ -o "sewing-PID-STM32-program.elf" @"objects.list"   -mcpu=cortex-m0plus -T"/Users/john/Library/CloudStorage/OneDrive-Stanford/nonsense/sewing/singer4452-speed-controller/sewing-PID-STM32-program/sewing-PID-STM32-program/STM32C092KCTX_FLASH.ld" --specs=nosys.specs -Wl,-Map="sewing-PID-STM32-program.map" -Wl,--gc-sections -static --specs=nano.specs -mfloat-abi=soft -mthumb -Wl,--start-group -lc -lm -lstdc++ -lsupc++ -Wl,--end-group
Finished building target: sewing-PID-STM32-program.elf
 
arm-none-eabi-size  sewing-PID-STM32-program.elf 
arm-none-eabi-objdump -h -S sewing-PID-STM32-program.elf  > "sewing-PID-STM32-program.list"
   text	   data	    bss	    dec	    hex	filename
   8000	     12	   1668	   9680	   25d0	sewing-PID-STM32-program.elf
Finished building: default.size.stdout
 
Finished building: sewing-PID-STM32-program.list
 
14:02:37 **** Incremental Build of configuration Debug for project sewing-PID-STM32-program ****
make -j9 all 
arm-none-eabi-gcc "../Core/Src/main.c" -mcpu=cortex-m0plus -std=gnu11 -g3 -DDEBUG -DUSE_HAL_DRIVER -DSTM32C092xx -c -I../Core/Inc -I../Drivers/STM32C0xx_HAL_Driver/Inc -I../Drivers/STM32C0xx_HAL_Driver/Inc/Legacy -I../Drivers/CMSIS/Device/ST/STM32C0xx/Include -I../Drivers/CMSIS/Include -O0 -ffunction-sections -fdata-sections -Wall -fstack-usage -fcyclomatic-complexity -MMD -MP -MF"Core/Src/main.d" -MT"Core/Src/main.o" --specs=nano.specs -mfloat-abi=soft -mthumb -o "Core/Src/main.o"
arm-none-eabi-g++ -o "sewing-PID-STM32-program.elf" @"objects.list"   -mcpu=cortex-m0plus -T"/Users/john/Library/CloudStorage/OneDrive-Stanford/nonsense/sewing/singer4452-speed-controller/sewing-PID-STM32-program/sewing-PID-STM32-program/STM32C092KCTX_FLASH.ld" --specs=nosys.specs -Wl,-Map="sewing-PID-STM32-program.map" -Wl,--gc-sections -static --specs=nano.specs -mfloat-abi=soft -mthumb -Wl,--start-group -lc -lm -lstdc++ -lsupc++ -Wl,--end-group
Finished building target: sewing-PID-STM32-program.elf
 
arm-none-eabi-size  sewing-PID-STM32-program.elf 
arm-none-eabi-objdump -h -S sewing-PID-STM32-program.elf  > "sewing-PID-STM32-program.list"
   text	   data	    bss	    dec	    hex	filename
   8000	     12	   1668	   9680	   25d0	sewing-PID-STM32-program.elf
Finished building: default.size.stdout
 
Finished building: sewing-PID-STM32-program.list
 
15:44:58 **** Incremental Build of configuration Debug for project sewing-PID-STM32-program ****
make -j9 all 
arm-none-eabi-gcc "../Core/Src/main.c" -mcpu=cortex-m0plus -std=gnu11 -g3 -DDEBUG -DUSE_HAL_DRIVER -DSTM32C092xx -c -I../Core/Inc -I../Drivers/STM32C0xx_HAL_Driver/Inc -I../Drivers/STM32C0xx_HAL_Driver/Inc/Legacy -I../Drivers/CMSIS/Device/ST/STM32C0xx/Include -I../Drivers/CMSIS/Include -O0 -ffunction-sections -fdata-sections -Wall -fstack-usage -fcyclomatic-complexity -MMD -MP -MF"Core/Src/main.d" -MT"Core/Src/main.o" --specs=nano.specs -mfloat-abi=soft -mthumb -o "Core/Src/main.o"
In file included from ../Drivers/CMSIS/Device/ST/STM32C0xx/Include/stm32c0xx.h:113,
                 from ../Drivers/STM32C0xx_HAL_Driver/Inc/stm32c0xx_ll_system.h:40,
                 from ../Drivers/STM32C0xx_HAL_Driver/Inc/stm32c0xx_hal.h:29,
                 from ../Core/Inc/main.h:30,
                 from ../Core/Src/main.c:20:
../Drivers/CMSIS/Device/ST/STM32C0xx/Include/stm32c092xx.h:697:29: error: invalid initializer
  697 | #define GPIOA               ((GPIO_TypeDef *) GPIOA_BASE)
      |                             ^
../Core/Src/main.c:82:27: note: in expansion of macro 'GPIOA'
   82 | GPIO_TypeDef minResPort = GPIOA;
      |                           ^~~~~
../Drivers/CMSIS/Device/ST/STM32C0xx/Include/stm32c092xx.h:697:29: error: invalid initializer
  697 | #define GPIOA               ((GPIO_TypeDef *) GPIOA_BASE)
      |                             ^
../Core/Src/main.c:85:27: note: in expansion of macro 'GPIOA'
   85 | GPIO_TypeDef maxResPort = GPIOA;
      |                           ^~~~~
../Core/Src/main.c: In function 'set_throttle':
../Core/Src/main.c:113:35: error: incompatible type for argument 1 of 'HAL_GPIO_WritePin'
  113 |                 HAL_GPIO_WritePin(minResPort, minResPin, GPIO_PIN_RESET); // Don't short the network
      |                                   ^~~~~~~~~~
      |                                   |
      |                                   GPIO_TypeDef
In file included from ../Core/Inc/stm32c0xx_hal_conf.h:172,
                 from ../Drivers/STM32C0xx_HAL_Driver/Inc/stm32c0xx_hal.h:30:
../Drivers/STM32C0xx_HAL_Driver/Inc/stm32c0xx_hal_gpio.h:325:51: note: expected 'GPIO_TypeDef *' but argument is of type 'GPIO_TypeDef'
  325 | void              HAL_GPIO_WritePin(GPIO_TypeDef *GPIOx, uint16_t GPIO_Pin, GPIO_PinState PinState);
      |                                     ~~~~~~~~~~~~~~^~~~~
../Core/Src/main.c:114:35: error: incompatible type for argument 1 of 'HAL_GPIO_WritePin'
  114 |                 HAL_GPIO_WritePin(maxResPort, maxResPin, GPIO_PIN_RESET); // Cut off the network completely
      |                                   ^~~~~~~~~~
      |                                   |
      |                                   GPIO_TypeDef
../Drivers/STM32C0xx_HAL_Driver/Inc/stm32c0xx_hal_gpio.h:325:51: note: expected 'GPIO_TypeDef *' but argument is of type 'GPIO_TypeDef'
  325 | void              HAL_GPIO_WritePin(GPIO_TypeDef *GPIOx, uint16_t GPIO_Pin, GPIO_PinState PinState);
      |                                     ~~~~~~~~~~~~~~^~~~~
../Core/Src/main.c:119:35: error: incompatible type for argument 1 of 'HAL_GPIO_WritePin'
  119 |                 HAL_GPIO_WritePin(minResPort, minResPin, GPIO_PIN_SET); // Short the network
      |                                   ^~~~~~~~~~
      |                                   |
      |                                   GPIO_TypeDef
../Drivers/STM32C0xx_HAL_Driver/Inc/stm32c0xx_hal_gpio.h:325:51: note: expected 'GPIO_TypeDef *' but argument is of type 'GPIO_TypeDef'
  325 | void              HAL_GPIO_WritePin(GPIO_TypeDef *GPIOx, uint16_t GPIO_Pin, GPIO_PinState PinState);
      |                                     ~~~~~~~~~~~~~~^~~~~
../Core/Src/main.c:120:35: error: incompatible type for argument 1 of 'HAL_GPIO_WritePin'
  120 |                 HAL_GPIO_WritePin(maxResPort, maxResPin, GPIO_PIN_SET); // Connect the network
      |                                   ^~~~~~~~~~
      |                                   |
      |                                   GPIO_TypeDef
../Drivers/STM32C0xx_HAL_Driver/Inc/stm32c0xx_hal_gpio.h:325:51: note: expected 'GPIO_TypeDef *' but argument is of type 'GPIO_TypeDef'
  325 | void              HAL_GPIO_WritePin(GPIO_TypeDef *GPIOx, uint16_t GPIO_Pin, GPIO_PinState PinState);
      |                                     ~~~~~~~~~~~~~~^~~~~
../Core/Src/main.c:125:35: error: incompatible type for argument 1 of 'HAL_GPIO_WritePin'
  125 |                 HAL_GPIO_WritePin(minResPort, minResPin, GPIO_PIN_RESET); // Don't short the network
      |                                   ^~~~~~~~~~
      |                                   |
      |                                   GPIO_TypeDef
../Drivers/STM32C0xx_HAL_Driver/Inc/stm32c0xx_hal_gpio.h:325:51: note: expected 'GPIO_TypeDef *' but argument is of type 'GPIO_TypeDef'
  325 | void              HAL_GPIO_WritePin(GPIO_TypeDef *GPIOx, uint16_t GPIO_Pin, GPIO_PinState PinState);
      |                                     ~~~~~~~~~~~~~~^~~~~
../Core/Src/main.c:126:35: error: incompatible type for argument 1 of 'HAL_GPIO_WritePin'
  126 |                 HAL_GPIO_WritePin(maxResPort, maxResPin, GPIO_PIN_SET); // Connect the network
      |                                   ^~~~~~~~~~
      |                                   |
      |                                   GPIO_TypeDef
../Drivers/STM32C0xx_HAL_Driver/Inc/stm32c0xx_hal_gpio.h:325:51: note: expected 'GPIO_TypeDef *' but argument is of type 'GPIO_TypeDef'
  325 | void              HAL_GPIO_WritePin(GPIO_TypeDef *GPIOx, uint16_t GPIO_Pin, GPIO_PinState PinState);
      |                                     ~~~~~~~~~~~~~~^~~~~
make: *** [Core/Src/subdir.mk:34: Core/Src/main.o] Error 1
"make -j9 all" terminated with exit code 2. Build might be incomplete.
15:45:45 **** Incremental Build of configuration Debug for project sewing-PID-STM32-program ****
make -j9 all 
arm-none-eabi-gcc "../Core/Src/main.c" -mcpu=cortex-m0plus -std=gnu11 -g3 -DDEBUG -DUSE_HAL_DRIVER -DSTM32C092xx -c -I../Core/Inc -I../Drivers/STM32C0xx_HAL_Driver/Inc -I../Drivers/STM32C0xx_HAL_Driver/Inc/Legacy -I../Drivers/CMSIS/Device/ST/STM32C0xx/Include -I../Drivers/CMSIS/Include -O0 -ffunction-sections -fdata-sections -Wall -fstack-usage -fcyclomatic-complexity -MMD -MP -MF"Core/Src/main.d" -MT"Core/Src/main.o" --specs=nano.specs -mfloat-abi=soft -mthumb -o "Core/Src/main.o"
arm-none-eabi-g++ -o "sewing-PID-STM32-program.elf" @"objects.list"   -mcpu=cortex-m0plus -T"/Users/john/Library/CloudStorage/OneDrive-Stanford/nonsense/sewing/singer4452-speed-controller/sewing-PID-STM32-program/sewing-PID-STM32-program/STM32C092KCTX_FLASH.ld" --specs=nosys.specs -Wl,-Map="sewing-PID-STM32-program.map" -Wl,--gc-sections -static --specs=nano.specs -mfloat-abi=soft -mthumb -Wl,--start-group -lc -lm -lstdc++ -lsupc++ -Wl,--end-group
Finished building target: sewing-PID-STM32-program.elf
 
arm-none-eabi-size  sewing-PID-STM32-program.elf 
arm-none-eabi-objdump -h -S sewing-PID-STM32-program.elf  > "sewing-PID-STM32-program.list"
   text	   data	    bss	    dec	    hex	filename
  13600	    132	   1668	  15400	   3c28	sewing-PID-STM32-program.elf
Finished building: default.size.stdout
 
Finished building: sewing-PID-STM32-program.list
 
16:06:35 **** Incremental Build of configuration Debug for project sewing-PID-STM32-program ****
make -j9 all 
arm-none-eabi-gcc "../Drivers/STM32C0xx_HAL_Driver/Src/stm32c0xx_hal.c" -mcpu=cortex-m0plus -std=gnu11 -g3 -DDEBUG -DUSE_HAL_DRIVER -DSTM32C092xx -c -I../Core/Inc -I../Drivers/STM32C0xx_HAL_Driver/Inc -I../Drivers/STM32C0xx_HAL_Driver/Inc/Legacy -I../Drivers/CMSIS/Device/ST/STM32C0xx/Include -I../Drivers/CMSIS/Include -O0 -ffunction-sections -fdata-sections -Wall -fstack-usage -fcyclomatic-complexity -MMD -MP -MF"Drivers/STM32C0xx_HAL_Driver/Src/stm32c0xx_hal.d" -MT"Drivers/STM32C0xx_HAL_Driver/Src/stm32c0xx_hal.o" --specs=nano.specs -mfloat-abi=soft -mthumb -o "Drivers/STM32C0xx_HAL_Driver/Src/stm32c0xx_hal.o"
arm-none-eabi-gcc "../Drivers/STM32C0xx_HAL_Driver/Src/stm32c0xx_hal_adc.c" -mcpu=cortex-m0plus -std=gnu11 -g3 -DDEBUG -DUSE_HAL_DRIVER -DSTM32C092xx -c -I../Core/Inc -I../Drivers/STM32C0xx_HAL_Driver/Inc -I../Drivers/STM32C0xx_HAL_Driver/Inc/Legacy -I../Drivers/CMSIS/Device/ST/STM32C0xx/Include -I../Drivers/CMSIS/Include -O0 -ffunction-sections -fdata-sections -Wall -fstack-usage -fcyclomatic-complexity -MMD -MP -MF"Drivers/STM32C0xx_HAL_Driver/Src/stm32c0xx_hal_adc.d" -MT"Drivers/STM32C0xx_HAL_Driver/Src/stm32c0xx_hal_adc.o" --specs=nano.specs -mfloat-abi=soft -mthumb -o "Drivers/STM32C0xx_HAL_Driver/Src/stm32c0xx_hal_adc.o"
arm-none-eabi-gcc "../Drivers/STM32C0xx_HAL_Driver/Src/stm32c0xx_hal_adc_ex.c" -mcpu=cortex-m0plus -std=gnu11 -g3 -DDEBUG -DUSE_HAL_DRIVER -DSTM32C092xx -c -I../Core/Inc -I../Drivers/STM32C0xx_HAL_Driver/Inc -I../Drivers/STM32C0xx_HAL_Driver/Inc/Legacy -I../Drivers/CMSIS/Device/ST/STM32C0xx/Include -I../Drivers/CMSIS/Include -O0 -ffunction-sections -fdata-sections -Wall -fstack-usage -fcyclomatic-complexity -MMD -MP -MF"Drivers/STM32C0xx_HAL_Driver/Src/stm32c0xx_hal_adc_ex.d" -MT"Drivers/STM32C0xx_HAL_Driver/Src/stm32c0xx_hal_adc_ex.o" --specs=nano.specs -mfloat-abi=soft -mthumb -o "Drivers/STM32C0xx_HAL_Driver/Src/stm32c0xx_hal_adc_ex.o"
arm-none-eabi-gcc "../Drivers/STM32C0xx_HAL_Driver/Src/stm32c0xx_hal_cortex.c" -mcpu=cortex-m0plus -std=gnu11 -g3 -DDEBUG -DUSE_HAL_DRIVER -DSTM32C092xx -c -I../Core/Inc -I../Drivers/STM32C0xx_HAL_Driver/Inc -I../Drivers/STM32C0xx_HAL_Driver/Inc/Legacy -I../Drivers/CMSIS/Device/ST/STM32C0xx/Include -I../Drivers/CMSIS/Include -O0 -ffunction-sections -fdata-sections -Wall -fstack-usage -fcyclomatic-complexity -MMD -MP -MF"Drivers/STM32C0xx_HAL_Driver/Src/stm32c0xx_hal_cortex.d" -MT"Drivers/STM32C0xx_HAL_Driver/Src/stm32c0xx_hal_cortex.o" --specs=nano.specs -mfloat-abi=soft -mthumb -o "Drivers/STM32C0xx_HAL_Driver/Src/stm32c0xx_hal_cortex.o"
arm-none-eabi-gcc "../Drivers/STM32C0xx_HAL_Driver/Src/stm32c0xx_hal_dma.c" -mcpu=cortex-m0plus -std=gnu11 -g3 -DDEBUG -DUSE_HAL_DRIVER -DSTM32C092xx -c -I../Core/Inc -I../Drivers/STM32C0xx_HAL_Driver/Inc -I../Drivers/STM32C0xx_HAL_Driver/Inc/Legacy -I../Drivers/CMSIS/Device/ST/STM32C0xx/Include -I../Drivers/CMSIS/Include -O0 -ffunction-sections -fdata-sections -Wall -fstack-usage -fcyclomatic-complexity -MMD -MP -MF"Drivers/STM32C0xx_HAL_Driver/Src/stm32c0xx_hal_dma.d" -MT"Drivers/STM32C0xx_HAL_Driver/Src/stm32c0xx_hal_dma.o" --specs=nano.specs -mfloat-abi=soft -mthumb -o "Drivers/STM32C0xx_HAL_Driver/Src/stm32c0xx_hal_dma.o"
arm-none-eabi-gcc "../Drivers/STM32C0xx_HAL_Driver/Src/stm32c0xx_hal_dma_ex.c" -mcpu=cortex-m0plus -std=gnu11 -g3 -DDEBUG -DUSE_HAL_DRIVER -DSTM32C092xx -c -I../Core/Inc -I../Drivers/STM32C0xx_HAL_Driver/Inc -I../Drivers/STM32C0xx_HAL_Driver/Inc/Legacy -I../Drivers/CMSIS/Device/ST/STM32C0xx/Include -I../Drivers/CMSIS/Include -O0 -ffunction-sections -fdata-sections -Wall -fstack-usage -fcyclomatic-complexity -MMD -MP -MF"Drivers/STM32C0xx_HAL_Driver/Src/stm32c0xx_hal_dma_ex.d" -MT"Drivers/STM32C0xx_HAL_Driver/Src/stm32c0xx_hal_dma_ex.o" --specs=nano.specs -mfloat-abi=soft -mthumb -o "Drivers/STM32C0xx_HAL_Driver/Src/stm32c0xx_hal_dma_ex.o"
arm-none-eabi-gcc "../Drivers/STM32C0xx_HAL_Driver/Src/stm32c0xx_hal_exti.c" -mcpu=cortex-m0plus -std=gnu11 -g3 -DDEBUG -DUSE_HAL_DRIVER -DSTM32C092xx -c -I../Core/Inc -I../Drivers/STM32C0xx_HAL_Driver/Inc -I../Drivers/STM32C0xx_HAL_Driver/Inc/Legacy -I../Drivers/CMSIS/Device/ST/STM32C0xx/Include -I../Drivers/CMSIS/Include -O0 -ffunction-sections -fdata-sections -Wall -fstack-usage -fcyclomatic-complexity -MMD -MP -MF"Drivers/STM32C0xx_HAL_Driver/Src/stm32c0xx_hal_exti.d" -MT"Drivers/STM32C0xx_HAL_Driver/Src/stm32c0xx_hal_exti.o" --specs=nano.specs -mfloat-abi=soft -mthumb -o "Drivers/STM32C0xx_HAL_Driver/Src/stm32c0xx_hal_exti.o"
arm-none-eabi-gcc "../Drivers/STM32C0xx_HAL_Driver/Src/stm32c0xx_hal_flash.c" -mcpu=cortex-m0plus -std=gnu11 -g3 -DDEBUG -DUSE_HAL_DRIVER -DSTM32C092xx -c -I../Core/Inc -I../Drivers/STM32C0xx_HAL_Driver/Inc -I../Drivers/STM32C0xx_HAL_Driver/Inc/Legacy -I../Drivers/CMSIS/Device/ST/STM32C0xx/Include -I../Drivers/CMSIS/Include -O0 -ffunction-sections -fdata-sections -Wall -fstack-usage -fcyclomatic-complexity -MMD -MP -MF"Drivers/STM32C0xx_HAL_Driver/Src/stm32c0xx_hal_flash.d" -MT"Drivers/STM32C0xx_HAL_Driver/Src/stm32c0xx_hal_flash.o" --specs=nano.specs -mfloat-abi=soft -mthumb -o "Drivers/STM32C0xx_HAL_Driver/Src/stm32c0xx_hal_flash.o"
arm-none-eabi-gcc "../Drivers/STM32C0xx_HAL_Driver/Src/stm32c0xx_hal_flash_ex.c" -mcpu=cortex-m0plus -std=gnu11 -g3 -DDEBUG -DUSE_HAL_DRIVER -DSTM32C092xx -c -I../Core/Inc -I../Drivers/STM32C0xx_HAL_Driver/Inc -I../Drivers/STM32C0xx_HAL_Driver/Inc/Legacy -I../Drivers/CMSIS/Device/ST/STM32C0xx/Include -I../Drivers/CMSIS/Include -O0 -ffunction-sections -fdata-sections -Wall -fstack-usage -fcyclomatic-complexity -MMD -MP -MF"Drivers/STM32C0xx_HAL_Driver/Src/stm32c0xx_hal_flash_ex.d" -MT"Drivers/STM32C0xx_HAL_Driver/Src/stm32c0xx_hal_flash_ex.o" --specs=nano.specs -mfloat-abi=soft -mthumb -o "Drivers/STM32C0xx_HAL_Driver/Src/stm32c0xx_hal_flash_ex.o"
arm-none-eabi-gcc "../Drivers/STM32C0xx_HAL_Driver/Src/stm32c0xx_hal_gpio.c" -mcpu=cortex-m0plus -std=gnu11 -g3 -DDEBUG -DUSE_HAL_DRIVER -DSTM32C092xx -c -I../Core/Inc -I../Drivers/STM32C0xx_HAL_Driver/Inc -I../Drivers/STM32C0xx_HAL_Driver/Inc/Legacy -I../Drivers/CMSIS/Device/ST/STM32C0xx/Include -I../Drivers/CMSIS/Include -O0 -ffunction-sections -fdata-sections -Wall -fstack-usage -fcyclomatic-complexity -MMD -MP -MF"Drivers/STM32C0xx_HAL_Driver/Src/stm32c0xx_hal_gpio.d" -MT"Drivers/STM32C0xx_HAL_Driver/Src/stm32c0xx_hal_gpio.o" --specs=nano.specs -mfloat-abi=soft -mthumb -o "Drivers/STM32C0xx_HAL_Driver/Src/stm32c0xx_hal_gpio.o"
arm-none-eabi-gcc "../Drivers/STM32C0xx_HAL_Driver/Src/stm32c0xx_hal_pwr.c" -mcpu=cortex-m0plus -std=gnu11 -g3 -DDEBUG -DUSE_HAL_DRIVER -DSTM32C092xx -c -I../Core/Inc -I../Drivers/STM32C0xx_HAL_Driver/Inc -I../Drivers/STM32C0xx_HAL_Driver/Inc/Legacy -I../Drivers/CMSIS/Device/ST/STM32C0xx/Include -I../Drivers/CMSIS/Include -O0 -ffunction-sections -fdata-sections -Wall -fstack-usage -fcyclomatic-complexity -MMD -MP -MF"Drivers/STM32C0xx_HAL_Driver/Src/stm32c0xx_hal_pwr.d" -MT"Drivers/STM32C0xx_HAL_Driver/Src/stm32c0xx_hal_pwr.o" --specs=nano.specs -mfloat-abi=soft -mthumb -o "Drivers/STM32C0xx_HAL_Driver/Src/stm32c0xx_hal_pwr.o"
arm-none-eabi-gcc "../Drivers/STM32C0xx_HAL_Driver/Src/stm32c0xx_hal_pwr_ex.c" -mcpu=cortex-m0plus -std=gnu11 -g3 -DDEBUG -DUSE_HAL_DRIVER -DSTM32C092xx -c -I../Core/Inc -I../Drivers/STM32C0xx_HAL_Driver/Inc -I../Drivers/STM32C0xx_HAL_Driver/Inc/Legacy -I../Drivers/CMSIS/Device/ST/STM32C0xx/Include -I../Drivers/CMSIS/Include -O0 -ffunction-sections -fdata-sections -Wall -fstack-usage -fcyclomatic-complexity -MMD -MP -MF"Drivers/STM32C0xx_HAL_Driver/Src/stm32c0xx_hal_pwr_ex.d" -MT"Drivers/STM32C0xx_HAL_Driver/Src/stm32c0xx_hal_pwr_ex.o" --specs=nano.specs -mfloat-abi=soft -mthumb -o "Drivers/STM32C0xx_HAL_Driver/Src/stm32c0xx_hal_pwr_ex.o"
arm-none-eabi-gcc "../Drivers/STM32C0xx_HAL_Driver/Src/stm32c0xx_hal_rcc.c" -mcpu=cortex-m0plus -std=gnu11 -g3 -DDEBUG -DUSE_HAL_DRIVER -DSTM32C092xx -c -I../Core/Inc -I../Drivers/STM32C0xx_HAL_Driver/Inc -I../Drivers/STM32C0xx_HAL_Driver/Inc/Legacy -I../Drivers/CMSIS/Device/ST/STM32C0xx/Include -I../Drivers/CMSIS/Include -O0 -ffunction-sections -fdata-sections -Wall -fstack-usage -fcyclomatic-complexity -MMD -MP -MF"Drivers/STM32C0xx_HAL_Driver/Src/stm32c0xx_hal_rcc.d" -MT"Drivers/STM32C0xx_HAL_Driver/Src/stm32c0xx_hal_rcc.o" --specs=nano.specs -mfloat-abi=soft -mthumb -o "Drivers/STM32C0xx_HAL_Driver/Src/stm32c0xx_hal_rcc.o"
arm-none-eabi-gcc "../Drivers/STM32C0xx_HAL_Driver/Src/stm32c0xx_hal_rcc_ex.c" -mcpu=cortex-m0plus -std=gnu11 -g3 -DDEBUG -DUSE_HAL_DRIVER -DSTM32C092xx -c -I../Core/Inc -I../Drivers/STM32C0xx_HAL_Driver/Inc -I../Drivers/STM32C0xx_HAL_Driver/Inc/Legacy -I../Drivers/CMSIS/Device/ST/STM32C0xx/Include -I../Drivers/CMSIS/Include -O0 -ffunction-sections -fdata-sections -Wall -fstack-usage -fcyclomatic-complexity -MMD -MP -MF"Drivers/STM32C0xx_HAL_Driver/Src/stm32c0xx_hal_rcc_ex.d" -MT"Drivers/STM32C0xx_HAL_Driver/Src/stm32c0xx_hal_rcc_ex.o" --specs=nano.specs -mfloat-abi=soft -mthumb -o "Drivers/STM32C0xx_HAL_Driver/Src/stm32c0xx_hal_rcc_ex.o"
arm-none-eabi-gcc "../Drivers/STM32C0xx_HAL_Driver/Src/stm32c0xx_hal_tim.c" -mcpu=cortex-m0plus -std=gnu11 -g3 -DDEBUG -DUSE_HAL_DRIVER -DSTM32C092xx -c -I../Core/Inc -I../Drivers/STM32C0xx_HAL_Driver/Inc -I../Drivers/STM32C0xx_HAL_Driver/Inc/Legacy -I../Drivers/CMSIS/Device/ST/STM32C0xx/Include -I../Drivers/CMSIS/Include -O0 -ffunction-sections -fdata-sections -Wall -fstack-usage -fcyclomatic-complexity -MMD -MP -MF"Drivers/STM32C0xx_HAL_Driver/Src/stm32c0xx_hal_tim.d" -MT"Drivers/STM32C0xx_HAL_Driver/Src/stm32c0xx_hal_tim.o" --specs=nano.specs -mfloat-abi=soft -mthumb -o "Drivers/STM32C0xx_HAL_Driver/Src/stm32c0xx_hal_tim.o"
arm-none-eabi-gcc "../Drivers/STM32C0xx_HAL_Driver/Src/stm32c0xx_hal_tim_ex.c" -mcpu=cortex-m0plus -std=gnu11 -g3 -DDEBUG -DUSE_HAL_DRIVER -DSTM32C092xx -c -I../Core/Inc -I../Drivers/STM32C0xx_HAL_Driver/Inc -I../Drivers/STM32C0xx_HAL_Driver/Inc/Legacy -I../Drivers/CMSIS/Device/ST/STM32C0xx/Include -I../Drivers/CMSIS/Include -O0 -ffunction-sections -fdata-sections -Wall -fstack-usage -fcyclomatic-complexity -MMD -MP -MF"Drivers/STM32C0xx_HAL_Driver/Src/stm32c0xx_hal_tim_ex.d" -MT"Drivers/STM32C0xx_HAL_Driver/Src/stm32c0xx_hal_tim_ex.o" --specs=nano.specs -mfloat-abi=soft -mthumb -o "Drivers/STM32C0xx_HAL_Driver/Src/stm32c0xx_hal_tim_ex.o"
arm-none-eabi-gcc "../Core/Src/main.c" -mcpu=cortex-m0plus -std=gnu11 -g3 -DDEBUG -DUSE_HAL_DRIVER -DSTM32C092xx -c -I../Core/Inc -I../Drivers/STM32C0xx_HAL_Driver/Inc -I../Drivers/STM32C0xx_HAL_Driver/Inc/Legacy -I../Drivers/CMSIS/Device/ST/STM32C0xx/Include -I../Drivers/CMSIS/Include -O0 -ffunction-sections -fdata-sections -Wall -fstack-usage -fcyclomatic-complexity -MMD -MP -MF"Core/Src/main.d" -MT"Core/Src/main.o" --specs=nano.specs -mfloat-abi=soft -mthumb -o "Core/Src/main.o"
arm-none-eabi-gcc "../Core/Src/stm32c0xx_hal_msp.c" -mcpu=cortex-m0plus -std=gnu11 -g3 -DDEBUG -DUSE_HAL_DRIVER -DSTM32C092xx -c -I../Core/Inc -I../Drivers/STM32C0xx_HAL_Driver/Inc -I../Drivers/STM32C0xx_HAL_Driver/Inc/Legacy -I../Drivers/CMSIS/Device/ST/STM32C0xx/Include -I../Drivers/CMSIS/Include -O0 -ffunction-sections -fdata-sections -Wall -fstack-usage -fcyclomatic-complexity -MMD -MP -MF"Core/Src/stm32c0xx_hal_msp.d" -MT"Core/Src/stm32c0xx_hal_msp.o" --specs=nano.specs -mfloat-abi=soft -mthumb -o "Core/Src/stm32c0xx_hal_msp.o"
arm-none-eabi-gcc "../Core/Src/stm32c0xx_it.c" -mcpu=cortex-m0plus -std=gnu11 -g3 -DDEBUG -DUSE_HAL_DRIVER -DSTM32C092xx -c -I../Core/Inc -I../Drivers/STM32C0xx_HAL_Driver/Inc -I../Drivers/STM32C0xx_HAL_Driver/Inc/Legacy -I../Drivers/CMSIS/Device/ST/STM32C0xx/Include -I../Drivers/CMSIS/Include -O0 -ffunction-sections -fdata-sections -Wall -fstack-usage -fcyclomatic-complexity -MMD -MP -MF"Core/Src/stm32c0xx_it.d" -MT"Core/Src/stm32c0xx_it.o" --specs=nano.specs -mfloat-abi=soft -mthumb -o "Core/Src/stm32c0xx_it.o"
arm-none-eabi-gcc "../Core/Src/system_stm32c0xx.c" -mcpu=cortex-m0plus -std=gnu11 -g3 -DDEBUG -DUSE_HAL_DRIVER -DSTM32C092xx -c -I../Core/Inc -I../Drivers/STM32C0xx_HAL_Driver/Inc -I../Drivers/STM32C0xx_HAL_Driver/Inc/Legacy -I../Drivers/CMSIS/Device/ST/STM32C0xx/Include -I../Drivers/CMSIS/Include -O0 -ffunction-sections -fdata-sections -Wall -fstack-usage -fcyclomatic-complexity -MMD -MP -MF"Core/Src/system_stm32c0xx.d" -MT"Core/Src/system_stm32c0xx.o" --specs=nano.specs -mfloat-abi=soft -mthumb -o "Core/Src/system_stm32c0xx.o"
arm-none-eabi-g++ -o "sewing-PID-STM32-program.elf" @"objects.list"   -mcpu=cortex-m0plus -T"/Users/john/Library/CloudStorage/OneDrive-Stanford/nonsense/sewing/singer4452-speed-controller/sewing-PID-STM32-program/sewing-PID-STM32-program/STM32C092KCTX_FLASH.ld" --specs=nosys.specs -Wl,-Map="sewing-PID-STM32-program.map" -Wl,--gc-sections -static --specs=nano.specs -mfloat-abi=soft -mthumb -Wl,--start-group -lc -lm -lstdc++ -lsupc++ -Wl,--end-group
Finished building target: sewing-PID-STM32-program.elf
 
arm-none-eabi-size  sewing-PID-STM32-program.elf 
arm-none-eabi-objdump -h -S sewing-PID-STM32-program.elf  > "sewing-PID-STM32-program.list"
   text	   data	    bss	    dec	    hex	filename
  17040	    132	   1696	  18868	   49b4	sewing-PID-STM32-program.elf
Finished building: default.size.stdout
 
Finished building: sewing-PID-STM32-program.list
 
16:08:59 **** Incremental Build of configuration Debug for project sewing-PID-STM32-program ****
make -j9 all 
arm-none-eabi-gcc "../Core/Src/main.c" -mcpu=cortex-m0plus -std=gnu11 -g3 -DDEBUG -DUSE_HAL_DRIVER -DSTM32C092xx -c -I../Core/Inc -I../Drivers/STM32C0xx_HAL_Driver/Inc -I../Drivers/STM32C0xx_HAL_Driver/Inc/Legacy -I../Drivers/CMSIS/Device/ST/STM32C0xx/Include -I../Drivers/CMSIS/Include -O0 -ffunction-sections -fdata-sections -Wall -fstack-usage -fcyclomatic-complexity -MMD -MP -MF"Core/Src/main.d" -MT"Core/Src/main.o" --specs=nano.specs -mfloat-abi=soft -mthumb -o "Core/Src/main.o"
arm-none-eabi-g++ -o "sewing-PID-STM32-program.elf" @"objects.list"   -mcpu=cortex-m0plus -T"/Users/john/Library/CloudStorage/OneDrive-Stanford/nonsense/sewing/singer4452-speed-controller/sewing-PID-STM32-program/sewing-PID-STM32-program/STM32C092KCTX_FLASH.ld" --specs=nosys.specs -Wl,-Map="sewing-PID-STM32-program.map" -Wl,--gc-sections -static --specs=nano.specs -mfloat-abi=soft -mthumb -Wl,--start-group -lc -lm -lstdc++ -lsupc++ -Wl,--end-group
Finished building target: sewing-PID-STM32-program.elf
 
arm-none-eabi-size  sewing-PID-STM32-program.elf 
arm-none-eabi-objdump -h -S sewing-PID-STM32-program.elf  > "sewing-PID-STM32-program.list"
   text	   data	    bss	    dec	    hex	filename
  17020	    132	   1696	  18848	   49a0	sewing-PID-STM32-program.elf
Finished building: default.size.stdout
 
Finished building: sewing-PID-STM32-program.list
 
16:11:17 **** Incremental Build of configuration Debug for project sewing-PID-STM32-program ****
make -j9 all 
arm-none-eabi-size  sewing-PID-STM32-program.elf 
   text	   data	    bss	    dec	    hex	filename
  17020	    132	   1696	  18848	   49a0	sewing-PID-STM32-program.elf
Finished building: default.size.stdout
 
16:17:41 **** Incremental Build of configuration Debug for project sewing-PID-STM32-program ****
make -j9 all 
arm-none-eabi-gcc "../Core/Src/main.c" -mcpu=cortex-m0plus -std=gnu11 -g3 -DDEBUG -DUSE_HAL_DRIVER -DSTM32C092xx -c -I../Core/Inc -I../Drivers/STM32C0xx_HAL_Driver/Inc -I../Drivers/STM32C0xx_HAL_Driver/Inc/Legacy -I../Drivers/CMSIS/Device/ST/STM32C0xx/Include -I../Drivers/CMSIS/Include -O0 -ffunction-sections -fdata-sections -Wall -fstack-usage -fcyclomatic-complexity -MMD -MP -MF"Core/Src/main.d" -MT"Core/Src/main.o" --specs=nano.specs -mfloat-abi=soft -mthumb -o "Core/Src/main.o"
arm-none-eabi-g++ -o "sewing-PID-STM32-program.elf" @"objects.list"   -mcpu=cortex-m0plus -T"/Users/john/Library/CloudStorage/OneDrive-Stanford/nonsense/sewing/singer4452-speed-controller/sewing-PID-STM32-program/sewing-PID-STM32-program/STM32C092KCTX_FLASH.ld" --specs=nosys.specs -Wl,-Map="sewing-PID-STM32-program.map" -Wl,--gc-sections -static --specs=nano.specs -mfloat-abi=soft -mthumb -Wl,--start-group -lc -lm -lstdc++ -lsupc++ -Wl,--end-group
Finished building target: sewing-PID-STM32-program.elf
 
arm-none-eabi-size  sewing-PID-STM32-program.elf 
arm-none-eabi-objdump -h -S sewing-PID-STM32-program.elf  > "sewing-PID-STM32-program.list"
   text	   data	    bss	    dec	    hex	filename
  17020	    132	   1696	  18848	   49a0	sewing-PID-STM32-program.elf
Finished building: default.size.stdout
 
Finished building: sewing-PID-STM32-program.list
 
16:19:16 **** Incremental Build of configuration Debug for project sewing-PID-STM32-program ****
make -j9 all 
arm-none-eabi-gcc "../Core/Src/main.c" -mcpu=cortex-m0plus -std=gnu11 -g3 -DDEBUG -DUSE_HAL_DRIVER -DSTM32C092xx -c -I../Core/Inc -I../Drivers/STM32C0xx_HAL_Driver/Inc -I../Drivers/STM32C0xx_HAL_Driver/Inc/Legacy -I../Drivers/CMSIS/Device/ST/STM32C0xx/Include -I../Drivers/CMSIS/Include -O0 -ffunction-sections -fdata-sections -Wall -fstack-usage -fcyclomatic-complexity -MMD -MP -MF"Core/Src/main.d" -MT"Core/Src/main.o" --specs=nano.specs -mfloat-abi=soft -mthumb -o "Core/Src/main.o"
arm-none-eabi-g++ -o "sewing-PID-STM32-program.elf" @"objects.list"   -mcpu=cortex-m0plus -T"/Users/john/Library/CloudStorage/OneDrive-Stanford/nonsense/sewing/singer4452-speed-controller/sewing-PID-STM32-program/sewing-PID-STM32-program/STM32C092KCTX_FLASH.ld" --specs=nosys.specs -Wl,-Map="sewing-PID-STM32-program.map" -Wl,--gc-sections -static --specs=nano.specs -mfloat-abi=soft -mthumb -Wl,--start-group -lc -lm -lstdc++ -lsupc++ -Wl,--end-group
Finished building target: sewing-PID-STM32-program.elf
 
arm-none-eabi-size  sewing-PID-STM32-program.elf 
arm-none-eabi-objdump -h -S sewing-PID-STM32-program.elf  > "sewing-PID-STM32-program.list"
   text	   data	    bss	    dec	    hex	filename
  17020	    132	   1696	  18848	   49a0	sewing-PID-STM32-program.elf
Finished building: default.size.stdout
 
Finished building: sewing-PID-STM32-program.list
 
16:28:52 **** Incremental Build of configuration Debug for project sewing-PID-STM32-program ****
make -j9 all 
arm-none-eabi-gcc "../Core/Src/main.c" -mcpu=cortex-m0plus -std=gnu11 -g3 -DDEBUG -DUSE_HAL_DRIVER -DSTM32C092xx -c -I../Core/Inc -I../Drivers/STM32C0xx_HAL_Driver/Inc -I../Drivers/STM32C0xx_HAL_Driver/Inc/Legacy -I../Drivers/CMSIS/Device/ST/STM32C0xx/Include -I../Drivers/CMSIS/Include -O0 -ffunction-sections -fdata-sections -Wall -fstack-usage -fcyclomatic-complexity -MMD -MP -MF"Core/Src/main.d" -MT"Core/Src/main.o" --specs=nano.specs -mfloat-abi=soft -mthumb -o "Core/Src/main.o"
../Core/Src/main.c: In function 'main':
../Core/Src/main.c:197:11: error: 'sConfig' undeclared (first use in this function)
  197 |           sConfig.Channel = ADC_CHANNEL_1;
      |           ^~~~~~~
../Core/Src/main.c:197:11: note: each undeclared identifier is reported only once for each function it appears in
make: *** [Core/Src/subdir.mk:34: Core/Src/main.o] Error 1
"make -j9 all" terminated with exit code 2. Build might be incomplete.
16:35:47 **** Incremental Build of configuration Debug for project sewing-PID-STM32-program ****
make -j9 all 
arm-none-eabi-gcc "../Drivers/STM32C0xx_HAL_Driver/Src/stm32c0xx_hal.c" -mcpu=cortex-m0plus -std=gnu11 -g3 -DDEBUG -DUSE_HAL_DRIVER -DSTM32C092xx -c -I../Core/Inc -I../Drivers/STM32C0xx_HAL_Driver/Inc -I../Drivers/STM32C0xx_HAL_Driver/Inc/Legacy -I../Drivers/CMSIS/Device/ST/STM32C0xx/Include -I../Drivers/CMSIS/Include -O0 -ffunction-sections -fdata-sections -Wall -fstack-usage -fcyclomatic-complexity -MMD -MP -MF"Drivers/STM32C0xx_HAL_Driver/Src/stm32c0xx_hal.d" -MT"Drivers/STM32C0xx_HAL_Driver/Src/stm32c0xx_hal.o" --specs=nano.specs -mfloat-abi=soft -mthumb -o "Drivers/STM32C0xx_HAL_Driver/Src/stm32c0xx_hal.o"
arm-none-eabi-gcc "../Drivers/STM32C0xx_HAL_Driver/Src/stm32c0xx_hal_adc.c" -mcpu=cortex-m0plus -std=gnu11 -g3 -DDEBUG -DUSE_HAL_DRIVER -DSTM32C092xx -c -I../Core/Inc -I../Drivers/STM32C0xx_HAL_Driver/Inc -I../Drivers/STM32C0xx_HAL_Driver/Inc/Legacy -I../Drivers/CMSIS/Device/ST/STM32C0xx/Include -I../Drivers/CMSIS/Include -O0 -ffunction-sections -fdata-sections -Wall -fstack-usage -fcyclomatic-complexity -MMD -MP -MF"Drivers/STM32C0xx_HAL_Driver/Src/stm32c0xx_hal_adc.d" -MT"Drivers/STM32C0xx_HAL_Driver/Src/stm32c0xx_hal_adc.o" --specs=nano.specs -mfloat-abi=soft -mthumb -o "Drivers/STM32C0xx_HAL_Driver/Src/stm32c0xx_hal_adc.o"
arm-none-eabi-gcc "../Drivers/STM32C0xx_HAL_Driver/Src/stm32c0xx_hal_adc_ex.c" -mcpu=cortex-m0plus -std=gnu11 -g3 -DDEBUG -DUSE_HAL_DRIVER -DSTM32C092xx -c -I../Core/Inc -I../Drivers/STM32C0xx_HAL_Driver/Inc -I../Drivers/STM32C0xx_HAL_Driver/Inc/Legacy -I../Drivers/CMSIS/Device/ST/STM32C0xx/Include -I../Drivers/CMSIS/Include -O0 -ffunction-sections -fdata-sections -Wall -fstack-usage -fcyclomatic-complexity -MMD -MP -MF"Drivers/STM32C0xx_HAL_Driver/Src/stm32c0xx_hal_adc_ex.d" -MT"Drivers/STM32C0xx_HAL_Driver/Src/stm32c0xx_hal_adc_ex.o" --specs=nano.specs -mfloat-abi=soft -mthumb -o "Drivers/STM32C0xx_HAL_Driver/Src/stm32c0xx_hal_adc_ex.o"
arm-none-eabi-gcc "../Drivers/STM32C0xx_HAL_Driver/Src/stm32c0xx_hal_cortex.c" -mcpu=cortex-m0plus -std=gnu11 -g3 -DDEBUG -DUSE_HAL_DRIVER -DSTM32C092xx -c -I../Core/Inc -I../Drivers/STM32C0xx_HAL_Driver/Inc -I../Drivers/STM32C0xx_HAL_Driver/Inc/Legacy -I../Drivers/CMSIS/Device/ST/STM32C0xx/Include -I../Drivers/CMSIS/Include -O0 -ffunction-sections -fdata-sections -Wall -fstack-usage -fcyclomatic-complexity -MMD -MP -MF"Drivers/STM32C0xx_HAL_Driver/Src/stm32c0xx_hal_cortex.d" -MT"Drivers/STM32C0xx_HAL_Driver/Src/stm32c0xx_hal_cortex.o" --specs=nano.specs -mfloat-abi=soft -mthumb -o "Drivers/STM32C0xx_HAL_Driver/Src/stm32c0xx_hal_cortex.o"
arm-none-eabi-gcc "../Drivers/STM32C0xx_HAL_Driver/Src/stm32c0xx_hal_dma.c" -mcpu=cortex-m0plus -std=gnu11 -g3 -DDEBUG -DUSE_HAL_DRIVER -DSTM32C092xx -c -I../Core/Inc -I../Drivers/STM32C0xx_HAL_Driver/Inc -I../Drivers/STM32C0xx_HAL_Driver/Inc/Legacy -I../Drivers/CMSIS/Device/ST/STM32C0xx/Include -I../Drivers/CMSIS/Include -O0 -ffunction-sections -fdata-sections -Wall -fstack-usage -fcyclomatic-complexity -MMD -MP -MF"Drivers/STM32C0xx_HAL_Driver/Src/stm32c0xx_hal_dma.d" -MT"Drivers/STM32C0xx_HAL_Driver/Src/stm32c0xx_hal_dma.o" --specs=nano.specs -mfloat-abi=soft -mthumb -o "Drivers/STM32C0xx_HAL_Driver/Src/stm32c0xx_hal_dma.o"
arm-none-eabi-gcc "../Drivers/STM32C0xx_HAL_Driver/Src/stm32c0xx_hal_dma_ex.c" -mcpu=cortex-m0plus -std=gnu11 -g3 -DDEBUG -DUSE_HAL_DRIVER -DSTM32C092xx -c -I../Core/Inc -I../Drivers/STM32C0xx_HAL_Driver/Inc -I../Drivers/STM32C0xx_HAL_Driver/Inc/Legacy -I../Drivers/CMSIS/Device/ST/STM32C0xx/Include -I../Drivers/CMSIS/Include -O0 -ffunction-sections -fdata-sections -Wall -fstack-usage -fcyclomatic-complexity -MMD -MP -MF"Drivers/STM32C0xx_HAL_Driver/Src/stm32c0xx_hal_dma_ex.d" -MT"Drivers/STM32C0xx_HAL_Driver/Src/stm32c0xx_hal_dma_ex.o" --specs=nano.specs -mfloat-abi=soft -mthumb -o "Drivers/STM32C0xx_HAL_Driver/Src/stm32c0xx_hal_dma_ex.o"
arm-none-eabi-gcc "../Drivers/STM32C0xx_HAL_Driver/Src/stm32c0xx_hal_exti.c" -mcpu=cortex-m0plus -std=gnu11 -g3 -DDEBUG -DUSE_HAL_DRIVER -DSTM32C092xx -c -I../Core/Inc -I../Drivers/STM32C0xx_HAL_Driver/Inc -I../Drivers/STM32C0xx_HAL_Driver/Inc/Legacy -I../Drivers/CMSIS/Device/ST/STM32C0xx/Include -I../Drivers/CMSIS/Include -O0 -ffunction-sections -fdata-sections -Wall -fstack-usage -fcyclomatic-complexity -MMD -MP -MF"Drivers/STM32C0xx_HAL_Driver/Src/stm32c0xx_hal_exti.d" -MT"Drivers/STM32C0xx_HAL_Driver/Src/stm32c0xx_hal_exti.o" --specs=nano.specs -mfloat-abi=soft -mthumb -o "Drivers/STM32C0xx_HAL_Driver/Src/stm32c0xx_hal_exti.o"
arm-none-eabi-gcc "../Drivers/STM32C0xx_HAL_Driver/Src/stm32c0xx_hal_flash.c" -mcpu=cortex-m0plus -std=gnu11 -g3 -DDEBUG -DUSE_HAL_DRIVER -DSTM32C092xx -c -I../Core/Inc -I../Drivers/STM32C0xx_HAL_Driver/Inc -I../Drivers/STM32C0xx_HAL_Driver/Inc/Legacy -I../Drivers/CMSIS/Device/ST/STM32C0xx/Include -I../Drivers/CMSIS/Include -O0 -ffunction-sections -fdata-sections -Wall -fstack-usage -fcyclomatic-complexity -MMD -MP -MF"Drivers/STM32C0xx_HAL_Driver/Src/stm32c0xx_hal_flash.d" -MT"Drivers/STM32C0xx_HAL_Driver/Src/stm32c0xx_hal_flash.o" --specs=nano.specs -mfloat-abi=soft -mthumb -o "Drivers/STM32C0xx_HAL_Driver/Src/stm32c0xx_hal_flash.o"
arm-none-eabi-gcc "../Drivers/STM32C0xx_HAL_Driver/Src/stm32c0xx_hal_flash_ex.c" -mcpu=cortex-m0plus -std=gnu11 -g3 -DDEBUG -DUSE_HAL_DRIVER -DSTM32C092xx -c -I../Core/Inc -I../Drivers/STM32C0xx_HAL_Driver/Inc -I../Drivers/STM32C0xx_HAL_Driver/Inc/Legacy -I../Drivers/CMSIS/Device/ST/STM32C0xx/Include -I../Drivers/CMSIS/Include -O0 -ffunction-sections -fdata-sections -Wall -fstack-usage -fcyclomatic-complexity -MMD -MP -MF"Drivers/STM32C0xx_HAL_Driver/Src/stm32c0xx_hal_flash_ex.d" -MT"Drivers/STM32C0xx_HAL_Driver/Src/stm32c0xx_hal_flash_ex.o" --specs=nano.specs -mfloat-abi=soft -mthumb -o "Drivers/STM32C0xx_HAL_Driver/Src/stm32c0xx_hal_flash_ex.o"
arm-none-eabi-gcc "../Drivers/STM32C0xx_HAL_Driver/Src/stm32c0xx_hal_gpio.c" -mcpu=cortex-m0plus -std=gnu11 -g3 -DDEBUG -DUSE_HAL_DRIVER -DSTM32C092xx -c -I../Core/Inc -I../Drivers/STM32C0xx_HAL_Driver/Inc -I../Drivers/STM32C0xx_HAL_Driver/Inc/Legacy -I../Drivers/CMSIS/Device/ST/STM32C0xx/Include -I../Drivers/CMSIS/Include -O0 -ffunction-sections -fdata-sections -Wall -fstack-usage -fcyclomatic-complexity -MMD -MP -MF"Drivers/STM32C0xx_HAL_Driver/Src/stm32c0xx_hal_gpio.d" -MT"Drivers/STM32C0xx_HAL_Driver/Src/stm32c0xx_hal_gpio.o" --specs=nano.specs -mfloat-abi=soft -mthumb -o "Drivers/STM32C0xx_HAL_Driver/Src/stm32c0xx_hal_gpio.o"
arm-none-eabi-gcc "../Drivers/STM32C0xx_HAL_Driver/Src/stm32c0xx_hal_pwr.c" -mcpu=cortex-m0plus -std=gnu11 -g3 -DDEBUG -DUSE_HAL_DRIVER -DSTM32C092xx -c -I../Core/Inc -I../Drivers/STM32C0xx_HAL_Driver/Inc -I../Drivers/STM32C0xx_HAL_Driver/Inc/Legacy -I../Drivers/CMSIS/Device/ST/STM32C0xx/Include -I../Drivers/CMSIS/Include -O0 -ffunction-sections -fdata-sections -Wall -fstack-usage -fcyclomatic-complexity -MMD -MP -MF"Drivers/STM32C0xx_HAL_Driver/Src/stm32c0xx_hal_pwr.d" -MT"Drivers/STM32C0xx_HAL_Driver/Src/stm32c0xx_hal_pwr.o" --specs=nano.specs -mfloat-abi=soft -mthumb -o "Drivers/STM32C0xx_HAL_Driver/Src/stm32c0xx_hal_pwr.o"
arm-none-eabi-gcc "../Drivers/STM32C0xx_HAL_Driver/Src/stm32c0xx_hal_pwr_ex.c" -mcpu=cortex-m0plus -std=gnu11 -g3 -DDEBUG -DUSE_HAL_DRIVER -DSTM32C092xx -c -I../Core/Inc -I../Drivers/STM32C0xx_HAL_Driver/Inc -I../Drivers/STM32C0xx_HAL_Driver/Inc/Legacy -I../Drivers/CMSIS/Device/ST/STM32C0xx/Include -I../Drivers/CMSIS/Include -O0 -ffunction-sections -fdata-sections -Wall -fstack-usage -fcyclomatic-complexity -MMD -MP -MF"Drivers/STM32C0xx_HAL_Driver/Src/stm32c0xx_hal_pwr_ex.d" -MT"Drivers/STM32C0xx_HAL_Driver/Src/stm32c0xx_hal_pwr_ex.o" --specs=nano.specs -mfloat-abi=soft -mthumb -o "Drivers/STM32C0xx_HAL_Driver/Src/stm32c0xx_hal_pwr_ex.o"
arm-none-eabi-gcc "../Drivers/STM32C0xx_HAL_Driver/Src/stm32c0xx_hal_rcc.c" -mcpu=cortex-m0plus -std=gnu11 -g3 -DDEBUG -DUSE_HAL_DRIVER -DSTM32C092xx -c -I../Core/Inc -I../Drivers/STM32C0xx_HAL_Driver/Inc -I../Drivers/STM32C0xx_HAL_Driver/Inc/Legacy -I../Drivers/CMSIS/Device/ST/STM32C0xx/Include -I../Drivers/CMSIS/Include -O0 -ffunction-sections -fdata-sections -Wall -fstack-usage -fcyclomatic-complexity -MMD -MP -MF"Drivers/STM32C0xx_HAL_Driver/Src/stm32c0xx_hal_rcc.d" -MT"Drivers/STM32C0xx_HAL_Driver/Src/stm32c0xx_hal_rcc.o" --specs=nano.specs -mfloat-abi=soft -mthumb -o "Drivers/STM32C0xx_HAL_Driver/Src/stm32c0xx_hal_rcc.o"
arm-none-eabi-gcc "../Drivers/STM32C0xx_HAL_Driver/Src/stm32c0xx_hal_rcc_ex.c" -mcpu=cortex-m0plus -std=gnu11 -g3 -DDEBUG -DUSE_HAL_DRIVER -DSTM32C092xx -c -I../Core/Inc -I../Drivers/STM32C0xx_HAL_Driver/Inc -I../Drivers/STM32C0xx_HAL_Driver/Inc/Legacy -I../Drivers/CMSIS/Device/ST/STM32C0xx/Include -I../Drivers/CMSIS/Include -O0 -ffunction-sections -fdata-sections -Wall -fstack-usage -fcyclomatic-complexity -MMD -MP -MF"Drivers/STM32C0xx_HAL_Driver/Src/stm32c0xx_hal_rcc_ex.d" -MT"Drivers/STM32C0xx_HAL_Driver/Src/stm32c0xx_hal_rcc_ex.o" --specs=nano.specs -mfloat-abi=soft -mthumb -o "Drivers/STM32C0xx_HAL_Driver/Src/stm32c0xx_hal_rcc_ex.o"
arm-none-eabi-gcc "../Drivers/STM32C0xx_HAL_Driver/Src/stm32c0xx_hal_tim.c" -mcpu=cortex-m0plus -std=gnu11 -g3 -DDEBUG -DUSE_HAL_DRIVER -DSTM32C092xx -c -I../Core/Inc -I../Drivers/STM32C0xx_HAL_Driver/Inc -I../Drivers/STM32C0xx_HAL_Driver/Inc/Legacy -I../Drivers/CMSIS/Device/ST/STM32C0xx/Include -I../Drivers/CMSIS/Include -O0 -ffunction-sections -fdata-sections -Wall -fstack-usage -fcyclomatic-complexity -MMD -MP -MF"Drivers/STM32C0xx_HAL_Driver/Src/stm32c0xx_hal_tim.d" -MT"Drivers/STM32C0xx_HAL_Driver/Src/stm32c0xx_hal_tim.o" --specs=nano.specs -mfloat-abi=soft -mthumb -o "Drivers/STM32C0xx_HAL_Driver/Src/stm32c0xx_hal_tim.o"
arm-none-eabi-gcc "../Drivers/STM32C0xx_HAL_Driver/Src/stm32c0xx_hal_tim_ex.c" -mcpu=cortex-m0plus -std=gnu11 -g3 -DDEBUG -DUSE_HAL_DRIVER -DSTM32C092xx -c -I../Core/Inc -I../Drivers/STM32C0xx_HAL_Driver/Inc -I../Drivers/STM32C0xx_HAL_Driver/Inc/Legacy -I../Drivers/CMSIS/Device/ST/STM32C0xx/Include -I../Drivers/CMSIS/Include -O0 -ffunction-sections -fdata-sections -Wall -fstack-usage -fcyclomatic-complexity -MMD -MP -MF"Drivers/STM32C0xx_HAL_Driver/Src/stm32c0xx_hal_tim_ex.d" -MT"Drivers/STM32C0xx_HAL_Driver/Src/stm32c0xx_hal_tim_ex.o" --specs=nano.specs -mfloat-abi=soft -mthumb -o "Drivers/STM32C0xx_HAL_Driver/Src/stm32c0xx_hal_tim_ex.o"
arm-none-eabi-gcc "../Core/Src/main.c" -mcpu=cortex-m0plus -std=gnu11 -g3 -DDEBUG -DUSE_HAL_DRIVER -DSTM32C092xx -c -I../Core/Inc -I../Drivers/STM32C0xx_HAL_Driver/Inc -I../Drivers/STM32C0xx_HAL_Driver/Inc/Legacy -I../Drivers/CMSIS/Device/ST/STM32C0xx/Include -I../Drivers/CMSIS/Include -O0 -ffunction-sections -fdata-sections -Wall -fstack-usage -fcyclomatic-complexity -MMD -MP -MF"Core/Src/main.d" -MT"Core/Src/main.o" --specs=nano.specs -mfloat-abi=soft -mthumb -o "Core/Src/main.o"
arm-none-eabi-gcc "../Core/Src/stm32c0xx_hal_msp.c" -mcpu=cortex-m0plus -std=gnu11 -g3 -DDEBUG -DUSE_HAL_DRIVER -DSTM32C092xx -c -I../Core/Inc -I../Drivers/STM32C0xx_HAL_Driver/Inc -I../Drivers/STM32C0xx_HAL_Driver/Inc/Legacy -I../Drivers/CMSIS/Device/ST/STM32C0xx/Include -I../Drivers/CMSIS/Include -O0 -ffunction-sections -fdata-sections -Wall -fstack-usage -fcyclomatic-complexity -MMD -MP -MF"Core/Src/stm32c0xx_hal_msp.d" -MT"Core/Src/stm32c0xx_hal_msp.o" --specs=nano.specs -mfloat-abi=soft -mthumb -o "Core/Src/stm32c0xx_hal_msp.o"
../Core/Src/main.c: In function 'main':
../Core/Src/main.c:200:24: warning: unused variable 'adc_val1' [-Wunused-variable]
  200 |               uint32_t adc_val1 = HAL_ADC_GetValue(&hadc1);
      |                        ^~~~~~~~
../Core/Src/main.c:205:24: warning: unused variable 'adc_val2' [-Wunused-variable]
  205 |               uint32_t adc_val2 = HAL_ADC_GetValue(&hadc1);
      |                        ^~~~~~~~
arm-none-eabi-gcc "../Core/Src/stm32c0xx_it.c" -mcpu=cortex-m0plus -std=gnu11 -g3 -DDEBUG -DUSE_HAL_DRIVER -DSTM32C092xx -c -I../Core/Inc -I../Drivers/STM32C0xx_HAL_Driver/Inc -I../Drivers/STM32C0xx_HAL_Driver/Inc/Legacy -I../Drivers/CMSIS/Device/ST/STM32C0xx/Include -I../Drivers/CMSIS/Include -O0 -ffunction-sections -fdata-sections -Wall -fstack-usage -fcyclomatic-complexity -MMD -MP -MF"Core/Src/stm32c0xx_it.d" -MT"Core/Src/stm32c0xx_it.o" --specs=nano.specs -mfloat-abi=soft -mthumb -o "Core/Src/stm32c0xx_it.o"
arm-none-eabi-gcc "../Core/Src/system_stm32c0xx.c" -mcpu=cortex-m0plus -std=gnu11 -g3 -DDEBUG -DUSE_HAL_DRIVER -DSTM32C092xx -c -I../Core/Inc -I../Drivers/STM32C0xx_HAL_Driver/Inc -I../Drivers/STM32C0xx_HAL_Driver/Inc/Legacy -I../Drivers/CMSIS/Device/ST/STM32C0xx/Include -I../Drivers/CMSIS/Include -O0 -ffunction-sections -fdata-sections -Wall -fstack-usage -fcyclomatic-complexity -MMD -MP -MF"Core/Src/system_stm32c0xx.d" -MT"Core/Src/system_stm32c0xx.o" --specs=nano.specs -mfloat-abi=soft -mthumb -o "Core/Src/system_stm32c0xx.o"
arm-none-eabi-g++ -o "sewing-PID-STM32-program.elf" @"objects.list"   -mcpu=cortex-m0plus -T"/Users/john/Library/CloudStorage/OneDrive-Stanford/nonsense/sewing/singer4452-speed-controller/sewing-PID-STM32-program/sewing-PID-STM32-program/STM32C092KCTX_FLASH.ld" --specs=nosys.specs -Wl,-Map="sewing-PID-STM32-program.map" -Wl,--gc-sections -static --specs=nano.specs -mfloat-abi=soft -mthumb -Wl,--start-group -lc -lm -lstdc++ -lsupc++ -Wl,--end-group
Finished building target: sewing-PID-STM32-program.elf
 
arm-none-eabi-size  sewing-PID-STM32-program.elf 
arm-none-eabi-objdump -h -S sewing-PID-STM32-program.elf  > "sewing-PID-STM32-program.list"
   text	   data	    bss	    dec	    hex	filename
  17040	    132	   1696	  18868	   49b4	sewing-PID-STM32-program.elf
Finished building: default.size.stdout
 
Finished building: sewing-PID-STM32-program.list
 
16:37:58 **** Incremental Build of configuration Debug for project sewing-PID-STM32-program ****
make -j9 all 
arm-none-eabi-gcc "../Core/Src/main.c" -mcpu=cortex-m0plus -std=gnu11 -g3 -DDEBUG -DUSE_HAL_DRIVER -DSTM32C092xx -c -I../Core/Inc -I../Drivers/STM32C0xx_HAL_Driver/Inc -I../Drivers/STM32C0xx_HAL_Driver/Inc/Legacy -I../Drivers/CMSIS/Device/ST/STM32C0xx/Include -I../Drivers/CMSIS/Include -O0 -ffunction-sections -fdata-sections -Wall -fstack-usage -fcyclomatic-complexity -MMD -MP -MF"Core/Src/main.d" -MT"Core/Src/main.o" --specs=nano.specs -mfloat-abi=soft -mthumb -o "Core/Src/main.o"
arm-none-eabi-g++ -o "sewing-PID-STM32-program.elf" @"objects.list"   -mcpu=cortex-m0plus -T"/Users/john/Library/CloudStorage/OneDrive-Stanford/nonsense/sewing/singer4452-speed-controller/sewing-PID-STM32-program/sewing-PID-STM32-program/STM32C092KCTX_FLASH.ld" --specs=nosys.specs -Wl,-Map="sewing-PID-STM32-program.map" -Wl,--gc-sections -static --specs=nano.specs -mfloat-abi=soft -mthumb -Wl,--start-group -lc -lm -lstdc++ -lsupc++ -Wl,--end-group
Finished building target: sewing-PID-STM32-program.elf
 
arm-none-eabi-size  sewing-PID-STM32-program.elf 
arm-none-eabi-objdump -h -S sewing-PID-STM32-program.elf  > "sewing-PID-STM32-program.list"
   text	   data	    bss	    dec	    hex	filename
  17044	    132	   1696	  18872	   49b8	sewing-PID-STM32-program.elf
Finished building: default.size.stdout
 
Finished building: sewing-PID-STM32-program.list
 
16:40:26 **** Incremental Build of configuration Debug for project sewing-PID-STM32-program ****
make -j9 all 
arm-none-eabi-size  sewing-PID-STM32-program.elf 
   text	   data	    bss	    dec	    hex	filename
  17044	    132	   1696	  18872	   49b8	sewing-PID-STM32-program.elf
Finished building: default.size.stdout
 
16:46:34 **** Incremental Build of configuration Debug for project sewing-PID-STM32-program ****
make -j9 all 
arm-none-eabi-gcc "../Core/Src/main.c" -mcpu=cortex-m0plus -std=gnu11 -g3 -DDEBUG -DUSE_HAL_DRIVER -DSTM32C092xx -c -I../Core/Inc -I../Drivers/STM32C0xx_HAL_Driver/Inc -I../Drivers/STM32C0xx_HAL_Driver/Inc/Legacy -I../Drivers/CMSIS/Device/ST/STM32C0xx/Include -I../Drivers/CMSIS/Include -O0 -ffunction-sections -fdata-sections -Wall -fstack-usage -fcyclomatic-complexity -MMD -MP -MF"Core/Src/main.d" -MT"Core/Src/main.o" --specs=nano.specs -mfloat-abi=soft -mthumb -o "Core/Src/main.o"
../Core/Src/main.c:111:29: error: expected declaration specifiers or '...' before '&' token
  111 | HAL_ADCEx_Calibration_Start(&hadc1);
      |                             ^
make: *** [Core/Src/subdir.mk:34: Core/Src/main.o] Error 1
"make -j9 all" terminated with exit code 2. Build might be incomplete.
16:47:36 **** Incremental Build of configuration Debug for project sewing-PID-STM32-program ****
make -j9 all 
arm-none-eabi-gcc "../Core/Src/main.c" -mcpu=cortex-m0plus -std=gnu11 -g3 -DDEBUG -DUSE_HAL_DRIVER -DSTM32C092xx -c -I../Core/Inc -I../Drivers/STM32C0xx_HAL_Driver/Inc -I../Drivers/STM32C0xx_HAL_Driver/Inc/Legacy -I../Drivers/CMSIS/Device/ST/STM32C0xx/Include -I../Drivers/CMSIS/Include -O0 -ffunction-sections -fdata-sections -Wall -fstack-usage -fcyclomatic-complexity -MMD -MP -MF"Core/Src/main.d" -MT"Core/Src/main.o" --specs=nano.specs -mfloat-abi=soft -mthumb -o "Core/Src/main.o"
../Core/Src/main.c:111:29: error: expected declaration specifiers or '...' before '&' token
  111 | HAL_ADCEx_Calibration_Start(&hadc1, ADC_SINGLE_ENDED);
      |                             ^
../Core/Src/main.c:111:37: error: unknown type name 'ADC_SINGLE_ENDED'
  111 | HAL_ADCEx_Calibration_Start(&hadc1, ADC_SINGLE_ENDED);
      |                                     ^~~~~~~~~~~~~~~~
make: *** [Core/Src/subdir.mk:34: Core/Src/main.o] Error 1
"make -j9 all" terminated with exit code 2. Build might be incomplete.
16:48:40 **** Incremental Build of configuration Debug for project sewing-PID-STM32-program ****
make -j9 all 
arm-none-eabi-gcc "../Core/Src/main.c" -mcpu=cortex-m0plus -std=gnu11 -g3 -DDEBUG -DUSE_HAL_DRIVER -DSTM32C092xx -c -I../Core/Inc -I../Drivers/STM32C0xx_HAL_Driver/Inc -I../Drivers/STM32C0xx_HAL_Driver/Inc/Legacy -I../Drivers/CMSIS/Device/ST/STM32C0xx/Include -I../Drivers/CMSIS/Include -O0 -ffunction-sections -fdata-sections -Wall -fstack-usage -fcyclomatic-complexity -MMD -MP -MF"Core/Src/main.d" -MT"Core/Src/main.o" --specs=nano.specs -mfloat-abi=soft -mthumb -o "Core/Src/main.o"
../Core/Src/main.c: In function 'main':
../Core/Src/main.c:186:39: error: 'ADC_SINGLE_ENDED' undeclared (first use in this function)
  186 |   HAL_ADCEx_Calibration_Start(&hadc1, ADC_SINGLE_ENDED);
      |                                       ^~~~~~~~~~~~~~~~
../Core/Src/main.c:186:39: note: each undeclared identifier is reported only once for each function it appears in
../Core/Src/main.c:186:3: error: too many arguments to function 'HAL_ADCEx_Calibration_Start'
  186 |   HAL_ADCEx_Calibration_Start(&hadc1, ADC_SINGLE_ENDED);
      |   ^~~~~~~~~~~~~~~~~~~~~~~~~~~
In file included from ../Drivers/STM32C0xx_HAL_Driver/Inc/stm32c0xx_hal_adc.h:1823,
                 from ../Core/Inc/stm32c0xx_hal_conf.h:184,
                 from ../Drivers/STM32C0xx_HAL_Driver/Inc/stm32c0xx_hal.h:30,
                 from ../Core/Inc/main.h:30,
                 from ../Core/Src/main.c:20:
../Drivers/STM32C0xx_HAL_Driver/Inc/stm32c0xx_hal_adc_ex.h:145:25: note: declared here
  145 | HAL_StatusTypeDef       HAL_ADCEx_Calibration_Start(ADC_HandleTypeDef *hadc);
      |                         ^~~~~~~~~~~~~~~~~~~~~~~~~~~
make: *** [Core/Src/subdir.mk:34: Core/Src/main.o] Error 1
"make -j9 all" terminated with exit code 2. Build might be incomplete.
16:48:50 **** Incremental Build of configuration Debug for project sewing-PID-STM32-program ****
make -j9 all 
arm-none-eabi-gcc "../Core/Src/main.c" -mcpu=cortex-m0plus -std=gnu11 -g3 -DDEBUG -DUSE_HAL_DRIVER -DSTM32C092xx -c -I../Core/Inc -I../Drivers/STM32C0xx_HAL_Driver/Inc -I../Drivers/STM32C0xx_HAL_Driver/Inc/Legacy -I../Drivers/CMSIS/Device/ST/STM32C0xx/Include -I../Drivers/CMSIS/Include -O0 -ffunction-sections -fdata-sections -Wall -fstack-usage -fcyclomatic-complexity -MMD -MP -MF"Core/Src/main.d" -MT"Core/Src/main.o" --specs=nano.specs -mfloat-abi=soft -mthumb -o "Core/Src/main.o"
arm-none-eabi-g++ -o "sewing-PID-STM32-program.elf" @"objects.list"   -mcpu=cortex-m0plus -T"/Users/john/Library/CloudStorage/OneDrive-Stanford/nonsense/sewing/singer4452-speed-controller/sewing-PID-STM32-program/sewing-PID-STM32-program/STM32C092KCTX_FLASH.ld" --specs=nosys.specs -Wl,-Map="sewing-PID-STM32-program.map" -Wl,--gc-sections -static --specs=nano.specs -mfloat-abi=soft -mthumb -Wl,--start-group -lc -lm -lstdc++ -lsupc++ -Wl,--end-group
Finished building target: sewing-PID-STM32-program.elf
 
arm-none-eabi-size  sewing-PID-STM32-program.elf 
arm-none-eabi-objdump -h -S sewing-PID-STM32-program.elf  > "sewing-PID-STM32-program.list"
   text	   data	    bss	    dec	    hex	filename
  17868	    132	   1696	  19696	   4cf0	sewing-PID-STM32-program.elf
Finished building: default.size.stdout
 
Finished building: sewing-PID-STM32-program.list
 
16:53:15 **** Incremental Build of configuration Debug for project sewing-PID-STM32-program ****
make -j9 all 
arm-none-eabi-size  sewing-PID-STM32-program.elf 
   text	   data	    bss	    dec	    hex	filename
  17868	    132	   1696	  19696	   4cf0	sewing-PID-STM32-program.elf
Finished building: default.size.stdout
 
16:57:04 **** Incremental Build of configuration Debug for project sewing-PID-STM32-program ****
make -j9 all 
arm-none-eabi-gcc "../Core/Src/main.c" -mcpu=cortex-m0plus -std=gnu11 -g3 -DDEBUG -DUSE_HAL_DRIVER -DSTM32C092xx -c -I../Core/Inc -I../Drivers/STM32C0xx_HAL_Driver/Inc -I../Drivers/STM32C0xx_HAL_Driver/Inc/Legacy -I../Drivers/CMSIS/Device/ST/STM32C0xx/Include -I../Drivers/CMSIS/Include -O0 -ffunction-sections -fdata-sections -Wall -fstack-usage -fcyclomatic-complexity -MMD -MP -MF"Core/Src/main.d" -MT"Core/Src/main.o" --specs=nano.specs -mfloat-abi=soft -mthumb -o "Core/Src/main.o"
arm-none-eabi-g++ -o "sewing-PID-STM32-program.elf" @"objects.list"   -mcpu=cortex-m0plus -T"/Users/john/Library/CloudStorage/OneDrive-Stanford/nonsense/sewing/singer4452-speed-controller/sewing-PID-STM32-program/sewing-PID-STM32-program/STM32C092KCTX_FLASH.ld" --specs=nosys.specs -Wl,-Map="sewing-PID-STM32-program.map" -Wl,--gc-sections -static --specs=nano.specs -mfloat-abi=soft -mthumb -Wl,--start-group -lc -lm -lstdc++ -lsupc++ -Wl,--end-group
Finished building target: sewing-PID-STM32-program.elf
 
arm-none-eabi-size  sewing-PID-STM32-program.elf 
arm-none-eabi-objdump -h -S sewing-PID-STM32-program.elf  > "sewing-PID-STM32-program.list"
   text	   data	    bss	    dec	    hex	filename
  17868	    132	   1696	  19696	   4cf0	sewing-PID-STM32-program.elf
Finished building: default.size.stdout
 
Finished building: sewing-PID-STM32-program.list
 
16:58:01 **** Incremental Build of configuration Debug for project sewing-PID-STM32-program ****
make -j9 all 
arm-none-eabi-gcc "../Core/Src/main.c" -mcpu=cortex-m0plus -std=gnu11 -g3 -DDEBUG -DUSE_HAL_DRIVER -DSTM32C092xx -c -I../Core/Inc -I../Drivers/STM32C0xx_HAL_Driver/Inc -I../Drivers/STM32C0xx_HAL_Driver/Inc/Legacy -I../Drivers/CMSIS/Device/ST/STM32C0xx/Include -I../Drivers/CMSIS/Include -O0 -ffunction-sections -fdata-sections -Wall -fstack-usage -fcyclomatic-complexity -MMD -MP -MF"Core/Src/main.d" -MT"Core/Src/main.o" --specs=nano.specs -mfloat-abi=soft -mthumb -o "Core/Src/main.o"
arm-none-eabi-g++ -o "sewing-PID-STM32-program.elf" @"objects.list"   -mcpu=cortex-m0plus -T"/Users/john/Library/CloudStorage/OneDrive-Stanford/nonsense/sewing/singer4452-speed-controller/sewing-PID-STM32-program/sewing-PID-STM32-program/STM32C092KCTX_FLASH.ld" --specs=nosys.specs -Wl,-Map="sewing-PID-STM32-program.map" -Wl,--gc-sections -static --specs=nano.specs -mfloat-abi=soft -mthumb -Wl,--start-group -lc -lm -lstdc++ -lsupc++ -Wl,--end-group
Finished building target: sewing-PID-STM32-program.elf
 
arm-none-eabi-size  sewing-PID-STM32-program.elf 
arm-none-eabi-objdump -h -S sewing-PID-STM32-program.elf  > "sewing-PID-STM32-program.list"
   text	   data	    bss	    dec	    hex	filename
  17868	    132	   1696	  19696	   4cf0	sewing-PID-STM32-program.elf
Finished building: default.size.stdout
 
Finished building: sewing-PID-STM32-program.list
 
17:18:04 **** Incremental Build of configuration Debug for project sewing-PID-STM32-program ****
make -j9 all 
arm-none-eabi-size  sewing-PID-STM32-program.elf 
   text	   data	    bss	    dec	    hex	filename
  17868	    132	   1696	  19696	   4cf0	sewing-PID-STM32-program.elf
Finished building: default.size.stdout
 
19:24:41 **** Incremental Build of configuration Debug for project sewing-PID-STM32-program ****
make -j9 all 
arm-none-eabi-gcc "../Core/Src/main.c" -mcpu=cortex-m0plus -std=gnu11 -g3 -DDEBUG -DUSE_HAL_DRIVER -DSTM32C092xx -c -I../Core/Inc -I../Drivers/STM32C0xx_HAL_Driver/Inc -I../Drivers/STM32C0xx_HAL_Driver/Inc/Legacy -I../Drivers/CMSIS/Device/ST/STM32C0xx/Include -I../Drivers/CMSIS/Include -O0 -ffunction-sections -fdata-sections -Wall -fstack-usage -fcyclomatic-complexity -MMD -MP -MF"Core/Src/main.d" -MT"Core/Src/main.o" --specs=nano.specs -mfloat-abi=soft -mthumb -o "Core/Src/main.o"
../Core/Src/main.c: In function 'main':
../Core/Src/main.c:302:9: warning: implicit declaration of function 'HAL_DELAY'; did you mean 'HAL_Delay'? [-Wimplicit-function-declaration]
  302 |         HAL_DELAY(20);
      |         ^~~~~~~~~
      |         HAL_Delay
arm-none-eabi-g++ -o "sewing-PID-STM32-program.elf" @"objects.list"   -mcpu=cortex-m0plus -T"/Users/john/Library/CloudStorage/OneDrive-Stanford/nonsense/sewing/singer4452-speed-controller/sewing-PID-STM32-program/sewing-PID-STM32-program/STM32C092KCTX_FLASH.ld" --specs=nosys.specs -Wl,-Map="sewing-PID-STM32-program.map" -Wl,--gc-sections -static --specs=nano.specs -mfloat-abi=soft -mthumb -Wl,--start-group -lc -lm -lstdc++ -lsupc++ -Wl,--end-group
/Applications/STM32CubeIDE.app/Contents/Eclipse/plugins/com.st.stm32cube.ide.mcu.externaltools.gnu-tools-for-stm32.13.3.rel1.macos64_1.0.0.202411102158/tools/bin/../lib/gcc/arm-none-eabi/13.3.1/../../../../arm-none-eabi/bin/ld: ./Core/Src/main.o: in function `main':
/Users/john/Library/CloudStorage/OneDrive-Stanford/nonsense/sewing/singer4452-speed-controller/sewing-PID-STM32-program/sewing-PID-STM32-program/Debug/../Core/Src/main.c:302:(.text.main+0x1c4): undefined reference to `HAL_DELAY'
collect2: error: ld returned 1 exit status
make: *** [makefile:88: sewing-PID-STM32-program.elf] Error 1
"make -j9 all" terminated with exit code 2. Build might be incomplete.
19:25:01 **** Incremental Build of configuration Debug for project sewing-PID-STM32-program ****
make -j9 all 
arm-none-eabi-gcc "../Core/Src/main.c" -mcpu=cortex-m0plus -std=gnu11 -g3 -DDEBUG -DUSE_HAL_DRIVER -DSTM32C092xx -c -I../Core/Inc -I../Drivers/STM32C0xx_HAL_Driver/Inc -I../Drivers/STM32C0xx_HAL_Driver/Inc/Legacy -I../Drivers/CMSIS/Device/ST/STM32C0xx/Include -I../Drivers/CMSIS/Include -O0 -ffunction-sections -fdata-sections -Wall -fstack-usage -fcyclomatic-complexity -MMD -MP -MF"Core/Src/main.d" -MT"Core/Src/main.o" --specs=nano.specs -mfloat-abi=soft -mthumb -o "Core/Src/main.o"
arm-none-eabi-g++ -o "sewing-PID-STM32-program.elf" @"objects.list"   -mcpu=cortex-m0plus -T"/Users/john/Library/CloudStorage/OneDrive-Stanford/nonsense/sewing/singer4452-speed-controller/sewing-PID-STM32-program/sewing-PID-STM32-program/STM32C092KCTX_FLASH.ld" --specs=nosys.specs -Wl,-Map="sewing-PID-STM32-program.map" -Wl,--gc-sections -static --specs=nano.specs -mfloat-abi=soft -mthumb -Wl,--start-group -lc -lm -lstdc++ -lsupc++ -Wl,--end-group
Finished building target: sewing-PID-STM32-program.elf
 
arm-none-eabi-size  sewing-PID-STM32-program.elf 
arm-none-eabi-objdump -h -S sewing-PID-STM32-program.elf  > "sewing-PID-STM32-program.list"
   text	   data	    bss	    dec	    hex	filename
  21904	    132	   1720	  23756	   5ccc	sewing-PID-STM32-program.elf
Finished building: default.size.stdout
 
Finished building: sewing-PID-STM32-program.list
 
19:51:16 **** Incremental Build of configuration Debug for project sewing-PID-STM32-program ****
make -j9 all 
arm-none-eabi-size  sewing-PID-STM32-program.elf 
   text	   data	    bss	    dec	    hex	filename
  21904	    132	   1720	  23756	   5ccc	sewing-PID-STM32-program.elf
Finished building: default.size.stdout
 
19:53:48 **** Incremental Build of configuration Debug for project sewing-PID-STM32-program ****
make -j9 all 
arm-none-eabi-gcc "../Core/Src/main.c" -mcpu=cortex-m0plus -std=gnu11 -g3 -DDEBUG -DUSE_HAL_DRIVER -DSTM32C092xx -c -I../Core/Inc -I../Drivers/STM32C0xx_HAL_Driver/Inc -I../Drivers/STM32C0xx_HAL_Driver/Inc/Legacy -I../Drivers/CMSIS/Device/ST/STM32C0xx/Include -I../Drivers/CMSIS/Include -O0 -ffunction-sections -fdata-sections -Wall -fstack-usage -fcyclomatic-complexity -MMD -MP -MF"Core/Src/main.d" -MT"Core/Src/main.o" --specs=nano.specs -mfloat-abi=soft -mthumb -o "Core/Src/main.o"
arm-none-eabi-g++ -o "sewing-PID-STM32-program.elf" @"objects.list"   -mcpu=cortex-m0plus -T"/Users/john/Library/CloudStorage/OneDrive-Stanford/nonsense/sewing/singer4452-speed-controller/sewing-PID-STM32-program/sewing-PID-STM32-program/STM32C092KCTX_FLASH.ld" --specs=nosys.specs -Wl,-Map="sewing-PID-STM32-program.map" -Wl,--gc-sections -static --specs=nano.specs -mfloat-abi=soft -mthumb -Wl,--start-group -lc -lm -lstdc++ -lsupc++ -Wl,--end-group
Finished building target: sewing-PID-STM32-program.elf
 
arm-none-eabi-size  sewing-PID-STM32-program.elf 
arm-none-eabi-objdump -h -S sewing-PID-STM32-program.elf  > "sewing-PID-STM32-program.list"
   text	   data	    bss	    dec	    hex	filename
  21904	    132	   1720	  23756	   5ccc	sewing-PID-STM32-program.elf
Finished building: default.size.stdout
 
Finished building: sewing-PID-STM32-program.list
 
21:03:31 **** Incremental Build of configuration Debug for project sewing-PID-STM32-program ****
make -j9 all 
arm-none-eabi-gcc "../Core/Src/main.c" -mcpu=cortex-m0plus -std=gnu11 -g3 -DDEBUG -DUSE_HAL_DRIVER -DSTM32C092xx -c -I../Core/Inc -I../Drivers/STM32C0xx_HAL_Driver/Inc -I../Drivers/STM32C0xx_HAL_Driver/Inc/Legacy -I../Drivers/CMSIS/Device/ST/STM32C0xx/Include -I../Drivers/CMSIS/Include -O0 -ffunction-sections -fdata-sections -Wall -fstack-usage -fcyclomatic-complexity -MMD -MP -MF"Core/Src/main.d" -MT"Core/Src/main.o" --specs=nano.specs -mfloat-abi=soft -mthumb -o "Core/Src/main.o"
arm-none-eabi-g++ -o "sewing-PID-STM32-program.elf" @"objects.list"   -mcpu=cortex-m0plus -T"/Users/john/Library/CloudStorage/OneDrive-Stanford/nonsense/sewing/singer4452-speed-controller/sewing-PID-STM32-program/sewing-PID-STM32-program/STM32C092KCTX_FLASH.ld" --specs=nosys.specs -Wl,-Map="sewing-PID-STM32-program.map" -Wl,--gc-sections -static --specs=nano.specs -mfloat-abi=soft -mthumb -Wl,--start-group -lc -lm -lstdc++ -lsupc++ -Wl,--end-group
Finished building target: sewing-PID-STM32-program.elf
 
arm-none-eabi-size  sewing-PID-STM32-program.elf 
arm-none-eabi-objdump -h -S sewing-PID-STM32-program.elf  > "sewing-PID-STM32-program.list"
   text	   data	    bss	    dec	    hex	filename
  21924	    132	   1720	  23776	   5ce0	sewing-PID-STM32-program.elf
Finished building: default.size.stdout
 
Finished building: sewing-PID-STM32-program.list
 
21:05:27 **** Incremental Build of configuration Debug for project sewing-PID-STM32-program ****
make -j9 all 
arm-none-eabi-gcc "../Core/Src/main.c" -mcpu=cortex-m0plus -std=gnu11 -g3 -DDEBUG -DUSE_HAL_DRIVER -DSTM32C092xx -c -I../Core/Inc -I../Drivers/STM32C0xx_HAL_Driver/Inc -I../Drivers/STM32C0xx_HAL_Driver/Inc/Legacy -I../Drivers/CMSIS/Device/ST/STM32C0xx/Include -I../Drivers/CMSIS/Include -O0 -ffunction-sections -fdata-sections -Wall -fstack-usage -fcyclomatic-complexity -MMD -MP -MF"Core/Src/main.d" -MT"Core/Src/main.o" --specs=nano.specs -mfloat-abi=soft -mthumb -o "Core/Src/main.o"
arm-none-eabi-g++ -o "sewing-PID-STM32-program.elf" @"objects.list"   -mcpu=cortex-m0plus -T"/Users/john/Library/CloudStorage/OneDrive-Stanford/nonsense/sewing/singer4452-speed-controller/sewing-PID-STM32-program/sewing-PID-STM32-program/STM32C092KCTX_FLASH.ld" --specs=nosys.specs -Wl,-Map="sewing-PID-STM32-program.map" -Wl,--gc-sections -static --specs=nano.specs -mfloat-abi=soft -mthumb -Wl,--start-group -lc -lm -lstdc++ -lsupc++ -Wl,--end-group
Finished building target: sewing-PID-STM32-program.elf
 
arm-none-eabi-size  sewing-PID-STM32-program.elf 
arm-none-eabi-objdump -h -S sewing-PID-STM32-program.elf  > "sewing-PID-STM32-program.list"
   text	   data	    bss	    dec	    hex	filename
  21924	    132	   1720	  23776	   5ce0	sewing-PID-STM32-program.elf
Finished building: default.size.stdout
 
Finished building: sewing-PID-STM32-program.list
 
21:06:33 **** Incremental Build of configuration Debug for project sewing-PID-STM32-program ****
make -j9 all 
arm-none-eabi-gcc "../Core/Src/main.c" -mcpu=cortex-m0plus -std=gnu11 -g3 -DDEBUG -DUSE_HAL_DRIVER -DSTM32C092xx -c -I../Core/Inc -I../Drivers/STM32C0xx_HAL_Driver/Inc -I../Drivers/STM32C0xx_HAL_Driver/Inc/Legacy -I../Drivers/CMSIS/Device/ST/STM32C0xx/Include -I../Drivers/CMSIS/Include -O0 -ffunction-sections -fdata-sections -Wall -fstack-usage -fcyclomatic-complexity -MMD -MP -MF"Core/Src/main.d" -MT"Core/Src/main.o" --specs=nano.specs -mfloat-abi=soft -mthumb -o "Core/Src/main.o"
arm-none-eabi-g++ -o "sewing-PID-STM32-program.elf" @"objects.list"   -mcpu=cortex-m0plus -T"/Users/john/Library/CloudStorage/OneDrive-Stanford/nonsense/sewing/singer4452-speed-controller/sewing-PID-STM32-program/sewing-PID-STM32-program/STM32C092KCTX_FLASH.ld" --specs=nosys.specs -Wl,-Map="sewing-PID-STM32-program.map" -Wl,--gc-sections -static --specs=nano.specs -mfloat-abi=soft -mthumb -Wl,--start-group -lc -lm -lstdc++ -lsupc++ -Wl,--end-group
Finished building target: sewing-PID-STM32-program.elf
 
arm-none-eabi-size  sewing-PID-STM32-program.elf 
arm-none-eabi-objdump -h -S sewing-PID-STM32-program.elf  > "sewing-PID-STM32-program.list"
   text	   data	    bss	    dec	    hex	filename
  21916	    132	   1720	  23768	   5cd8	sewing-PID-STM32-program.elf
Finished building: default.size.stdout
 
Finished building: sewing-PID-STM32-program.list
 
21:07:25 **** Incremental Build of configuration Debug for project sewing-PID-STM32-program ****
make -j9 all 
arm-none-eabi-gcc "../Core/Src/main.c" -mcpu=cortex-m0plus -std=gnu11 -g3 -DDEBUG -DUSE_HAL_DRIVER -DSTM32C092xx -c -I../Core/Inc -I../Drivers/STM32C0xx_HAL_Driver/Inc -I../Drivers/STM32C0xx_HAL_Driver/Inc/Legacy -I../Drivers/CMSIS/Device/ST/STM32C0xx/Include -I../Drivers/CMSIS/Include -O0 -ffunction-sections -fdata-sections -Wall -fstack-usage -fcyclomatic-complexity -MMD -MP -MF"Core/Src/main.d" -MT"Core/Src/main.o" --specs=nano.specs -mfloat-abi=soft -mthumb -o "Core/Src/main.o"
arm-none-eabi-g++ -o "sewing-PID-STM32-program.elf" @"objects.list"   -mcpu=cortex-m0plus -T"/Users/john/Library/CloudStorage/OneDrive-Stanford/nonsense/sewing/singer4452-speed-controller/sewing-PID-STM32-program/sewing-PID-STM32-program/STM32C092KCTX_FLASH.ld" --specs=nosys.specs -Wl,-Map="sewing-PID-STM32-program.map" -Wl,--gc-sections -static --specs=nano.specs -mfloat-abi=soft -mthumb -Wl,--start-group -lc -lm -lstdc++ -lsupc++ -Wl,--end-group
Finished building target: sewing-PID-STM32-program.elf
 
arm-none-eabi-size  sewing-PID-STM32-program.elf 
arm-none-eabi-objdump -h -S sewing-PID-STM32-program.elf  > "sewing-PID-STM32-program.list"
   text	   data	    bss	    dec	    hex	filename
  21920	    132	   1720	  23772	   5cdc	sewing-PID-STM32-program.elf
Finished building: default.size.stdout
 
Finished building: sewing-PID-STM32-program.list
 
21:11:26 **** Incremental Build of configuration Debug for project sewing-PID-STM32-program ****
make -j9 all 
arm-none-eabi-gcc "../Core/Src/main.c" -mcpu=cortex-m0plus -std=gnu11 -g3 -DDEBUG -DUSE_HAL_DRIVER -DSTM32C092xx -c -I../Core/Inc -I../Drivers/STM32C0xx_HAL_Driver/Inc -I../Drivers/STM32C0xx_HAL_Driver/Inc/Legacy -I../Drivers/CMSIS/Device/ST/STM32C0xx/Include -I../Drivers/CMSIS/Include -O0 -ffunction-sections -fdata-sections -Wall -fstack-usage -fcyclomatic-complexity -MMD -MP -MF"Core/Src/main.d" -MT"Core/Src/main.o" --specs=nano.specs -mfloat-abi=soft -mthumb -o "Core/Src/main.o"
../Core/Src/main.c: In function 'PID_Compute':
../Core/Src/main.c:192:25: error: 'I' undeclared (first use in this function)
  192 |     double output = P + I + D;
      |                         ^
../Core/Src/main.c:192:25: note: each undeclared identifier is reported only once for each function it appears in
make: *** [Core/Src/subdir.mk:34: Core/Src/main.o] Error 1
"make -j9 all" terminated with exit code 2. Build might be incomplete.
21:12:31 **** Incremental Build of configuration Debug for project sewing-PID-STM32-program ****
make -j9 all 
arm-none-eabi-gcc "../Core/Src/main.c" -mcpu=cortex-m0plus -std=gnu11 -g3 -DDEBUG -DUSE_HAL_DRIVER -DSTM32C092xx -c -I../Core/Inc -I../Drivers/STM32C0xx_HAL_Driver/Inc -I../Drivers/STM32C0xx_HAL_Driver/Inc/Legacy -I../Drivers/CMSIS/Device/ST/STM32C0xx/Include -I../Drivers/CMSIS/Include -O0 -ffunction-sections -fdata-sections -Wall -fstack-usage -fcyclomatic-complexity -MMD -MP -MF"Core/Src/main.d" -MT"Core/Src/main.o" --specs=nano.specs -mfloat-abi=soft -mthumb -o "Core/Src/main.o"
arm-none-eabi-g++ -o "sewing-PID-STM32-program.elf" @"objects.list"   -mcpu=cortex-m0plus -T"/Users/john/Library/CloudStorage/OneDrive-Stanford/nonsense/sewing/singer4452-speed-controller/sewing-PID-STM32-program/sewing-PID-STM32-program/STM32C092KCTX_FLASH.ld" --specs=nosys.specs -Wl,-Map="sewing-PID-STM32-program.map" -Wl,--gc-sections -static --specs=nano.specs -mfloat-abi=soft -mthumb -Wl,--start-group -lc -lm -lstdc++ -lsupc++ -Wl,--end-group
Finished building target: sewing-PID-STM32-program.elf
 
arm-none-eabi-size  sewing-PID-STM32-program.elf 
arm-none-eabi-objdump -h -S sewing-PID-STM32-program.elf  > "sewing-PID-STM32-program.list"
   text	   data	    bss	    dec	    hex	filename
  22080	    132	   1720	  23932	   5d7c	sewing-PID-STM32-program.elf
Finished building: default.size.stdout
 
Finished building: sewing-PID-STM32-program.list
 
21:14:27 **** Incremental Build of configuration Debug for project sewing-PID-STM32-program ****
make -j9 all 
arm-none-eabi-gcc "../Core/Src/main.c" -mcpu=cortex-m0plus -std=gnu11 -g3 -DDEBUG -DUSE_HAL_DRIVER -DSTM32C092xx -c -I../Core/Inc -I../Drivers/STM32C0xx_HAL_Driver/Inc -I../Drivers/STM32C0xx_HAL_Driver/Inc/Legacy -I../Drivers/CMSIS/Device/ST/STM32C0xx/Include -I../Drivers/CMSIS/Include -O0 -ffunction-sections -fdata-sections -Wall -fstack-usage -fcyclomatic-complexity -MMD -MP -MF"Core/Src/main.d" -MT"Core/Src/main.o" --specs=nano.specs -mfloat-abi=soft -mthumb -o "Core/Src/main.o"
arm-none-eabi-g++ -o "sewing-PID-STM32-program.elf" @"objects.list"   -mcpu=cortex-m0plus -T"/Users/john/Library/CloudStorage/OneDrive-Stanford/nonsense/sewing/singer4452-speed-controller/sewing-PID-STM32-program/sewing-PID-STM32-program/STM32C092KCTX_FLASH.ld" --specs=nosys.specs -Wl,-Map="sewing-PID-STM32-program.map" -Wl,--gc-sections -static --specs=nano.specs -mfloat-abi=soft -mthumb -Wl,--start-group -lc -lm -lstdc++ -lsupc++ -Wl,--end-group
Finished building target: sewing-PID-STM32-program.elf
 
arm-none-eabi-size  sewing-PID-STM32-program.elf 
arm-none-eabi-objdump -h -S sewing-PID-STM32-program.elf  > "sewing-PID-STM32-program.list"
   text	   data	    bss	    dec	    hex	filename
  22092	    132	   1720	  23944	   5d88	sewing-PID-STM32-program.elf
Finished building: default.size.stdout
 
Finished building: sewing-PID-STM32-program.list
 
21:22:44 **** Incremental Build of configuration Debug for project sewing-PID-STM32-program ****
make -j9 all 
arm-none-eabi-gcc "../Core/Src/main.c" -mcpu=cortex-m0plus -std=gnu11 -g3 -DDEBUG -DUSE_HAL_DRIVER -DSTM32C092xx -c -I../Core/Inc -I../Drivers/STM32C0xx_HAL_Driver/Inc -I../Drivers/STM32C0xx_HAL_Driver/Inc/Legacy -I../Drivers/CMSIS/Device/ST/STM32C0xx/Include -I../Drivers/CMSIS/Include -O0 -ffunction-sections -fdata-sections -Wall -fstack-usage -fcyclomatic-complexity -MMD -MP -MF"Core/Src/main.d" -MT"Core/Src/main.o" --specs=nano.specs -mfloat-abi=soft -mthumb -o "Core/Src/main.o"
arm-none-eabi-g++ -o "sewing-PID-STM32-program.elf" @"objects.list"   -mcpu=cortex-m0plus -T"/Users/john/Library/CloudStorage/OneDrive-Stanford/nonsense/sewing/singer4452-speed-controller/sewing-PID-STM32-program/sewing-PID-STM32-program/STM32C092KCTX_FLASH.ld" --specs=nosys.specs -Wl,-Map="sewing-PID-STM32-program.map" -Wl,--gc-sections -static --specs=nano.specs -mfloat-abi=soft -mthumb -Wl,--start-group -lc -lm -lstdc++ -lsupc++ -Wl,--end-group
Finished building target: sewing-PID-STM32-program.elf
 
arm-none-eabi-size  sewing-PID-STM32-program.elf 
arm-none-eabi-objdump -h -S sewing-PID-STM32-program.elf  > "sewing-PID-STM32-program.list"
   text	   data	    bss	    dec	    hex	filename
  22088	    132	   1720	  23940	   5d84	sewing-PID-STM32-program.elf
Finished building: default.size.stdout
 
Finished building: sewing-PID-STM32-program.list
 
21:23:48 **** Incremental Build of configuration Debug for project sewing-PID-STM32-program ****
make -j9 all 
arm-none-eabi-gcc "../Core/Src/main.c" -mcpu=cortex-m0plus -std=gnu11 -g3 -DDEBUG -DUSE_HAL_DRIVER -DSTM32C092xx -c -I../Core/Inc -I../Drivers/STM32C0xx_HAL_Driver/Inc -I../Drivers/STM32C0xx_HAL_Driver/Inc/Legacy -I../Drivers/CMSIS/Device/ST/STM32C0xx/Include -I../Drivers/CMSIS/Include -O0 -ffunction-sections -fdata-sections -Wall -fstack-usage -fcyclomatic-complexity -MMD -MP -MF"Core/Src/main.d" -MT"Core/Src/main.o" --specs=nano.specs -mfloat-abi=soft -mthumb -o "Core/Src/main.o"
arm-none-eabi-g++ -o "sewing-PID-STM32-program.elf" @"objects.list"   -mcpu=cortex-m0plus -T"/Users/john/Library/CloudStorage/OneDrive-Stanford/nonsense/sewing/singer4452-speed-controller/sewing-PID-STM32-program/sewing-PID-STM32-program/STM32C092KCTX_FLASH.ld" --specs=nosys.specs -Wl,-Map="sewing-PID-STM32-program.map" -Wl,--gc-sections -static --specs=nano.specs -mfloat-abi=soft -mthumb -Wl,--start-group -lc -lm -lstdc++ -lsupc++ -Wl,--end-group
Finished building target: sewing-PID-STM32-program.elf
 
arm-none-eabi-size  sewing-PID-STM32-program.elf 
arm-none-eabi-objdump -h -S sewing-PID-STM32-program.elf  > "sewing-PID-STM32-program.list"
   text	   data	    bss	    dec	    hex	filename
  22092	    132	   1720	  23944	   5d88	sewing-PID-STM32-program.elf
Finished building: default.size.stdout
 
Finished building: sewing-PID-STM32-program.list
 
21:24:27 **** Incremental Build of configuration Debug for project sewing-PID-STM32-program ****
make -j9 all 
arm-none-eabi-gcc "../Core/Src/main.c" -mcpu=cortex-m0plus -std=gnu11 -g3 -DDEBUG -DUSE_HAL_DRIVER -DSTM32C092xx -c -I../Core/Inc -I../Drivers/STM32C0xx_HAL_Driver/Inc -I../Drivers/STM32C0xx_HAL_Driver/Inc/Legacy -I../Drivers/CMSIS/Device/ST/STM32C0xx/Include -I../Drivers/CMSIS/Include -O0 -ffunction-sections -fdata-sections -Wall -fstack-usage -fcyclomatic-complexity -MMD -MP -MF"Core/Src/main.d" -MT"Core/Src/main.o" --specs=nano.specs -mfloat-abi=soft -mthumb -o "Core/Src/main.o"
arm-none-eabi-g++ -o "sewing-PID-STM32-program.elf" @"objects.list"   -mcpu=cortex-m0plus -T"/Users/john/Library/CloudStorage/OneDrive-Stanford/nonsense/sewing/singer4452-speed-controller/sewing-PID-STM32-program/sewing-PID-STM32-program/STM32C092KCTX_FLASH.ld" --specs=nosys.specs -Wl,-Map="sewing-PID-STM32-program.map" -Wl,--gc-sections -static --specs=nano.specs -mfloat-abi=soft -mthumb -Wl,--start-group -lc -lm -lstdc++ -lsupc++ -Wl,--end-group
Finished building target: sewing-PID-STM32-program.elf
 
arm-none-eabi-size  sewing-PID-STM32-program.elf 
arm-none-eabi-objdump -h -S sewing-PID-STM32-program.elf  > "sewing-PID-STM32-program.list"
   text	   data	    bss	    dec	    hex	filename
  22092	    132	   1720	  23944	   5d88	sewing-PID-STM32-program.elf
Finished building: default.size.stdout
 
Finished building: sewing-PID-STM32-program.list
 
21:25:09 **** Incremental Build of configuration Debug for project sewing-PID-STM32-program ****
make -j9 all 
arm-none-eabi-gcc "../Core/Src/main.c" -mcpu=cortex-m0plus -std=gnu11 -g3 -DDEBUG -DUSE_HAL_DRIVER -DSTM32C092xx -c -I../Core/Inc -I../Drivers/STM32C0xx_HAL_Driver/Inc -I../Drivers/STM32C0xx_HAL_Driver/Inc/Legacy -I../Drivers/CMSIS/Device/ST/STM32C0xx/Include -I../Drivers/CMSIS/Include -O0 -ffunction-sections -fdata-sections -Wall -fstack-usage -fcyclomatic-complexity -MMD -MP -MF"Core/Src/main.d" -MT"Core/Src/main.o" --specs=nano.specs -mfloat-abi=soft -mthumb -o "Core/Src/main.o"
arm-none-eabi-g++ -o "sewing-PID-STM32-program.elf" @"objects.list"   -mcpu=cortex-m0plus -T"/Users/john/Library/CloudStorage/OneDrive-Stanford/nonsense/sewing/singer4452-speed-controller/sewing-PID-STM32-program/sewing-PID-STM32-program/STM32C092KCTX_FLASH.ld" --specs=nosys.specs -Wl,-Map="sewing-PID-STM32-program.map" -Wl,--gc-sections -static --specs=nano.specs -mfloat-abi=soft -mthumb -Wl,--start-group -lc -lm -lstdc++ -lsupc++ -Wl,--end-group
Finished building target: sewing-PID-STM32-program.elf
 
arm-none-eabi-size  sewing-PID-STM32-program.elf 
arm-none-eabi-objdump -h -S sewing-PID-STM32-program.elf  > "sewing-PID-STM32-program.list"
   text	   data	    bss	    dec	    hex	filename
  22092	    132	   1720	  23944	   5d88	sewing-PID-STM32-program.elf
Finished building: default.size.stdout
 
Finished building: sewing-PID-STM32-program.list
 
21:25:39 **** Incremental Build of configuration Debug for project sewing-PID-STM32-program ****
make -j9 all 
arm-none-eabi-gcc "../Core/Src/main.c" -mcpu=cortex-m0plus -std=gnu11 -g3 -DDEBUG -DUSE_HAL_DRIVER -DSTM32C092xx -c -I../Core/Inc -I../Drivers/STM32C0xx_HAL_Driver/Inc -I../Drivers/STM32C0xx_HAL_Driver/Inc/Legacy -I../Drivers/CMSIS/Device/ST/STM32C0xx/Include -I../Drivers/CMSIS/Include -O0 -ffunction-sections -fdata-sections -Wall -fstack-usage -fcyclomatic-complexity -MMD -MP -MF"Core/Src/main.d" -MT"Core/Src/main.o" --specs=nano.specs -mfloat-abi=soft -mthumb -o "Core/Src/main.o"
arm-none-eabi-g++ -o "sewing-PID-STM32-program.elf" @"objects.list"   -mcpu=cortex-m0plus -T"/Users/john/Library/CloudStorage/OneDrive-Stanford/nonsense/sewing/singer4452-speed-controller/sewing-PID-STM32-program/sewing-PID-STM32-program/STM32C092KCTX_FLASH.ld" --specs=nosys.specs -Wl,-Map="sewing-PID-STM32-program.map" -Wl,--gc-sections -static --specs=nano.specs -mfloat-abi=soft -mthumb -Wl,--start-group -lc -lm -lstdc++ -lsupc++ -Wl,--end-group
Finished building target: sewing-PID-STM32-program.elf
 
arm-none-eabi-size  sewing-PID-STM32-program.elf 
arm-none-eabi-objdump -h -S sewing-PID-STM32-program.elf  > "sewing-PID-STM32-program.list"
   text	   data	    bss	    dec	    hex	filename
  22096	    132	   1720	  23948	   5d8c	sewing-PID-STM32-program.elf
Finished building: default.size.stdout
 
Finished building: sewing-PID-STM32-program.list
 
21:30:06 **** Incremental Build of configuration Debug for project sewing-PID-STM32-program ****
make -j9 all 
arm-none-eabi-gcc "../Core/Src/main.c" -mcpu=cortex-m0plus -std=gnu11 -g3 -DDEBUG -DUSE_HAL_DRIVER -DSTM32C092xx -c -I../Core/Inc -I../Drivers/STM32C0xx_HAL_Driver/Inc -I../Drivers/STM32C0xx_HAL_Driver/Inc/Legacy -I../Drivers/CMSIS/Device/ST/STM32C0xx/Include -I../Drivers/CMSIS/Include -O0 -ffunction-sections -fdata-sections -Wall -fstack-usage -fcyclomatic-complexity -MMD -MP -MF"Core/Src/main.d" -MT"Core/Src/main.o" --specs=nano.specs -mfloat-abi=soft -mthumb -o "Core/Src/main.o"
../Core/Src/main.c: In function 'PID_Compute':
../Core/Src/main.c:178:9: error: 'speed_setpoint' undeclared (first use in this function)
  178 |     if (speed_setpoint < 0.5)
      |         ^~~~~~~~~~~~~~
../Core/Src/main.c:178:9: note: each undeclared identifier is reported only once for each function it appears in
../Core/Src/main.c:180:9: error: 'motor_pid' undeclared (first use in this function)
  180 |         motor_pid.Kp = 10.0;
      |         ^~~~~~~~~
make: *** [Core/Src/subdir.mk:34: Core/Src/main.o] Error 1
"make -j9 all" terminated with exit code 2. Build might be incomplete.
21:30:27 **** Incremental Build of configuration Debug for project sewing-PID-STM32-program ****
make -j9 all 
arm-none-eabi-gcc "../Core/Src/main.c" -mcpu=cortex-m0plus -std=gnu11 -g3 -DDEBUG -DUSE_HAL_DRIVER -DSTM32C092xx -c -I../Core/Inc -I../Drivers/STM32C0xx_HAL_Driver/Inc -I../Drivers/STM32C0xx_HAL_Driver/Inc/Legacy -I../Drivers/CMSIS/Device/ST/STM32C0xx/Include -I../Drivers/CMSIS/Include -O0 -ffunction-sections -fdata-sections -Wall -fstack-usage -fcyclomatic-complexity -MMD -MP -MF"Core/Src/main.d" -MT"Core/Src/main.o" --specs=nano.specs -mfloat-abi=soft -mthumb -o "Core/Src/main.o"
../Core/Src/main.c: In function 'PID_Compute':
../Core/Src/main.c:180:9: error: 'motor_pid' undeclared (first use in this function)
  180 |         motor_pid.Kp = 10.0;
      |         ^~~~~~~~~
../Core/Src/main.c:180:9: note: each undeclared identifier is reported only once for each function it appears in
make: *** [Core/Src/subdir.mk:34: Core/Src/main.o] Error 1
"make -j9 all" terminated with exit code 2. Build might be incomplete.
21:30:53 **** Incremental Build of configuration Debug for project sewing-PID-STM32-program ****
make -j9 all 
arm-none-eabi-gcc "../Core/Src/main.c" -mcpu=cortex-m0plus -std=gnu11 -g3 -DDEBUG -DUSE_HAL_DRIVER -DSTM32C092xx -c -I../Core/Inc -I../Drivers/STM32C0xx_HAL_Driver/Inc -I../Drivers/STM32C0xx_HAL_Driver/Inc/Legacy -I../Drivers/CMSIS/Device/ST/STM32C0xx/Include -I../Drivers/CMSIS/Include -O0 -ffunction-sections -fdata-sections -Wall -fstack-usage -fcyclomatic-complexity -MMD -MP -MF"Core/Src/main.d" -MT"Core/Src/main.o" --specs=nano.specs -mfloat-abi=soft -mthumb -o "Core/Src/main.o"
arm-none-eabi-g++ -o "sewing-PID-STM32-program.elf" @"objects.list"   -mcpu=cortex-m0plus -T"/Users/john/Library/CloudStorage/OneDrive-Stanford/nonsense/sewing/singer4452-speed-controller/sewing-PID-STM32-program/sewing-PID-STM32-program/STM32C092KCTX_FLASH.ld" --specs=nosys.specs -Wl,-Map="sewing-PID-STM32-program.map" -Wl,--gc-sections -static --specs=nano.specs -mfloat-abi=soft -mthumb -Wl,--start-group -lc -lm -lstdc++ -lsupc++ -Wl,--end-group
Finished building target: sewing-PID-STM32-program.elf
 
arm-none-eabi-size  sewing-PID-STM32-program.elf 
arm-none-eabi-objdump -h -S sewing-PID-STM32-program.elf  > "sewing-PID-STM32-program.list"
   text	   data	    bss	    dec	    hex	filename
  22148	    132	   1720	  24000	   5dc0	sewing-PID-STM32-program.elf
Finished building: default.size.stdout
 
Finished building: sewing-PID-STM32-program.list
 
21:33:55 **** Incremental Build of configuration Debug for project sewing-PID-STM32-program ****
make -j9 all 
arm-none-eabi-gcc "../Core/Src/main.c" -mcpu=cortex-m0plus -std=gnu11 -g3 -DDEBUG -DUSE_HAL_DRIVER -DSTM32C092xx -c -I../Core/Inc -I../Drivers/STM32C0xx_HAL_Driver/Inc -I../Drivers/STM32C0xx_HAL_Driver/Inc/Legacy -I../Drivers/CMSIS/Device/ST/STM32C0xx/Include -I../Drivers/CMSIS/Include -O0 -ffunction-sections -fdata-sections -Wall -fstack-usage -fcyclomatic-complexity -MMD -MP -MF"Core/Src/main.d" -MT"Core/Src/main.o" --specs=nano.specs -mfloat-abi=soft -mthumb -o "Core/Src/main.o"
arm-none-eabi-g++ -o "sewing-PID-STM32-program.elf" @"objects.list"   -mcpu=cortex-m0plus -T"/Users/john/Library/CloudStorage/OneDrive-Stanford/nonsense/sewing/singer4452-speed-controller/sewing-PID-STM32-program/sewing-PID-STM32-program/STM32C092KCTX_FLASH.ld" --specs=nosys.specs -Wl,-Map="sewing-PID-STM32-program.map" -Wl,--gc-sections -static --specs=nano.specs -mfloat-abi=soft -mthumb -Wl,--start-group -lc -lm -lstdc++ -lsupc++ -Wl,--end-group
Finished building target: sewing-PID-STM32-program.elf
 
arm-none-eabi-size  sewing-PID-STM32-program.elf 
arm-none-eabi-objdump -h -S sewing-PID-STM32-program.elf  > "sewing-PID-STM32-program.list"
   text	   data	    bss	    dec	    hex	filename
  22140	    132	   1720	  23992	   5db8	sewing-PID-STM32-program.elf
Finished building: default.size.stdout
 
Finished building: sewing-PID-STM32-program.list
 
21:34:29 **** Incremental Build of configuration Debug for project sewing-PID-STM32-program ****
make -j9 all 
arm-none-eabi-gcc "../Core/Src/main.c" -mcpu=cortex-m0plus -std=gnu11 -g3 -DDEBUG -DUSE_HAL_DRIVER -DSTM32C092xx -c -I../Core/Inc -I../Drivers/STM32C0xx_HAL_Driver/Inc -I../Drivers/STM32C0xx_HAL_Driver/Inc/Legacy -I../Drivers/CMSIS/Device/ST/STM32C0xx/Include -I../Drivers/CMSIS/Include -O0 -ffunction-sections -fdata-sections -Wall -fstack-usage -fcyclomatic-complexity -MMD -MP -MF"Core/Src/main.d" -MT"Core/Src/main.o" --specs=nano.specs -mfloat-abi=soft -mthumb -o "Core/Src/main.o"
arm-none-eabi-g++ -o "sewing-PID-STM32-program.elf" @"objects.list"   -mcpu=cortex-m0plus -T"/Users/john/Library/CloudStorage/OneDrive-Stanford/nonsense/sewing/singer4452-speed-controller/sewing-PID-STM32-program/sewing-PID-STM32-program/STM32C092KCTX_FLASH.ld" --specs=nosys.specs -Wl,-Map="sewing-PID-STM32-program.map" -Wl,--gc-sections -static --specs=nano.specs -mfloat-abi=soft -mthumb -Wl,--start-group -lc -lm -lstdc++ -lsupc++ -Wl,--end-group
Finished building target: sewing-PID-STM32-program.elf
 
arm-none-eabi-size  sewing-PID-STM32-program.elf 
arm-none-eabi-objdump -h -S sewing-PID-STM32-program.elf  > "sewing-PID-STM32-program.list"
   text	   data	    bss	    dec	    hex	filename
  22140	    132	   1720	  23992	   5db8	sewing-PID-STM32-program.elf
Finished building: default.size.stdout
 
Finished building: sewing-PID-STM32-program.list
 
21:41:30 **** Incremental Build of configuration Debug for project sewing-PID-STM32-program ****
make -j9 all 
arm-none-eabi-gcc "../Core/Src/main.c" -mcpu=cortex-m0plus -std=gnu11 -g3 -DDEBUG -DUSE_HAL_DRIVER -DSTM32C092xx -c -I../Core/Inc -I../Drivers/STM32C0xx_HAL_Driver/Inc -I../Drivers/STM32C0xx_HAL_Driver/Inc/Legacy -I../Drivers/CMSIS/Device/ST/STM32C0xx/Include -I../Drivers/CMSIS/Include -O0 -ffunction-sections -fdata-sections -Wall -fstack-usage -fcyclomatic-complexity -MMD -MP -MF"Core/Src/main.d" -MT"Core/Src/main.o" --specs=nano.specs -mfloat-abi=soft -mthumb -o "Core/Src/main.o"
arm-none-eabi-g++ -o "sewing-PID-STM32-program.elf" @"objects.list"   -mcpu=cortex-m0plus -T"/Users/john/Library/CloudStorage/OneDrive-Stanford/nonsense/sewing/singer4452-speed-controller/sewing-PID-STM32-program/sewing-PID-STM32-program/STM32C092KCTX_FLASH.ld" --specs=nosys.specs -Wl,-Map="sewing-PID-STM32-program.map" -Wl,--gc-sections -static --specs=nano.specs -mfloat-abi=soft -mthumb -Wl,--start-group -lc -lm -lstdc++ -lsupc++ -Wl,--end-group
Finished building target: sewing-PID-STM32-program.elf
 
arm-none-eabi-size  sewing-PID-STM32-program.elf 
arm-none-eabi-objdump -h -S sewing-PID-STM32-program.elf  > "sewing-PID-STM32-program.list"
   text	   data	    bss	    dec	    hex	filename
  22136	    132	   1720	  23988	   5db4	sewing-PID-STM32-program.elf
Finished building: default.size.stdout
 
Finished building: sewing-PID-STM32-program.list
 
21:42:05 **** Incremental Build of configuration Debug for project sewing-PID-STM32-program ****
make -j9 all 
arm-none-eabi-gcc "../Core/Src/main.c" -mcpu=cortex-m0plus -std=gnu11 -g3 -DDEBUG -DUSE_HAL_DRIVER -DSTM32C092xx -c -I../Core/Inc -I../Drivers/STM32C0xx_HAL_Driver/Inc -I../Drivers/STM32C0xx_HAL_Driver/Inc/Legacy -I../Drivers/CMSIS/Device/ST/STM32C0xx/Include -I../Drivers/CMSIS/Include -O0 -ffunction-sections -fdata-sections -Wall -fstack-usage -fcyclomatic-complexity -MMD -MP -MF"Core/Src/main.d" -MT"Core/Src/main.o" --specs=nano.specs -mfloat-abi=soft -mthumb -o "Core/Src/main.o"
arm-none-eabi-g++ -o "sewing-PID-STM32-program.elf" @"objects.list"   -mcpu=cortex-m0plus -T"/Users/john/Library/CloudStorage/OneDrive-Stanford/nonsense/sewing/singer4452-speed-controller/sewing-PID-STM32-program/sewing-PID-STM32-program/STM32C092KCTX_FLASH.ld" --specs=nosys.specs -Wl,-Map="sewing-PID-STM32-program.map" -Wl,--gc-sections -static --specs=nano.specs -mfloat-abi=soft -mthumb -Wl,--start-group -lc -lm -lstdc++ -lsupc++ -Wl,--end-group
Finished building target: sewing-PID-STM32-program.elf
 
arm-none-eabi-size  sewing-PID-STM32-program.elf 
arm-none-eabi-objdump -h -S sewing-PID-STM32-program.elf  > "sewing-PID-STM32-program.list"
   text	   data	    bss	    dec	    hex	filename
  22136	    132	   1720	  23988	   5db4	sewing-PID-STM32-program.elf
Finished building: default.size.stdout
 
Finished building: sewing-PID-STM32-program.list
 
21:42:37 **** Incremental Build of configuration Debug for project sewing-PID-STM32-program ****
make -j9 all 
arm-none-eabi-gcc "../Core/Src/main.c" -mcpu=cortex-m0plus -std=gnu11 -g3 -DDEBUG -DUSE_HAL_DRIVER -DSTM32C092xx -c -I../Core/Inc -I../Drivers/STM32C0xx_HAL_Driver/Inc -I../Drivers/STM32C0xx_HAL_Driver/Inc/Legacy -I../Drivers/CMSIS/Device/ST/STM32C0xx/Include -I../Drivers/CMSIS/Include -O0 -ffunction-sections -fdata-sections -Wall -fstack-usage -fcyclomatic-complexity -MMD -MP -MF"Core/Src/main.d" -MT"Core/Src/main.o" --specs=nano.specs -mfloat-abi=soft -mthumb -o "Core/Src/main.o"
arm-none-eabi-g++ -o "sewing-PID-STM32-program.elf" @"objects.list"   -mcpu=cortex-m0plus -T"/Users/john/Library/CloudStorage/OneDrive-Stanford/nonsense/sewing/singer4452-speed-controller/sewing-PID-STM32-program/sewing-PID-STM32-program/STM32C092KCTX_FLASH.ld" --specs=nosys.specs -Wl,-Map="sewing-PID-STM32-program.map" -Wl,--gc-sections -static --specs=nano.specs -mfloat-abi=soft -mthumb -Wl,--start-group -lc -lm -lstdc++ -lsupc++ -Wl,--end-group
Finished building target: sewing-PID-STM32-program.elf
 
arm-none-eabi-size  sewing-PID-STM32-program.elf 
arm-none-eabi-objdump -h -S sewing-PID-STM32-program.elf  > "sewing-PID-STM32-program.list"
   text	   data	    bss	    dec	    hex	filename
  22136	    132	   1720	  23988	   5db4	sewing-PID-STM32-program.elf
Finished building: default.size.stdout
 
Finished building: sewing-PID-STM32-program.list
 
21:45:25 **** Incremental Build of configuration Debug for project sewing-PID-STM32-program ****
make -j9 all 
arm-none-eabi-gcc "../Core/Src/main.c" -mcpu=cortex-m0plus -std=gnu11 -g3 -DDEBUG -DUSE_HAL_DRIVER -DSTM32C092xx -c -I../Core/Inc -I../Drivers/STM32C0xx_HAL_Driver/Inc -I../Drivers/STM32C0xx_HAL_Driver/Inc/Legacy -I../Drivers/CMSIS/Device/ST/STM32C0xx/Include -I../Drivers/CMSIS/Include -O0 -ffunction-sections -fdata-sections -Wall -fstack-usage -fcyclomatic-complexity -MMD -MP -MF"Core/Src/main.d" -MT"Core/Src/main.o" --specs=nano.specs -mfloat-abi=soft -mthumb -o "Core/Src/main.o"
../Core/Src/main.c: In function 'main':
../Core/Src/main.c:317:19: error: expected expression before 'uint16_t'
  317 |         HAL_Delay(uint16_t(dt * 1000));
      |                   ^~~~~~~~
make: *** [Core/Src/subdir.mk:34: Core/Src/main.o] Error 1
"make -j9 all" terminated with exit code 2. Build might be incomplete.
21:45:53 **** Incremental Build of configuration Debug for project sewing-PID-STM32-program ****
make -j9 all 
arm-none-eabi-gcc "../Core/Src/main.c" -mcpu=cortex-m0plus -std=gnu11 -g3 -DDEBUG -DUSE_HAL_DRIVER -DSTM32C092xx -c -I../Core/Inc -I../Drivers/STM32C0xx_HAL_Driver/Inc -I../Drivers/STM32C0xx_HAL_Driver/Inc/Legacy -I../Drivers/CMSIS/Device/ST/STM32C0xx/Include -I../Drivers/CMSIS/Include -O0 -ffunction-sections -fdata-sections -Wall -fstack-usage -fcyclomatic-complexity -MMD -MP -MF"Core/Src/main.d" -MT"Core/Src/main.o" --specs=nano.specs -mfloat-abi=soft -mthumb -o "Core/Src/main.o"
arm-none-eabi-g++ -o "sewing-PID-STM32-program.elf" @"objects.list"   -mcpu=cortex-m0plus -T"/Users/john/Library/CloudStorage/OneDrive-Stanford/nonsense/sewing/singer4452-speed-controller/sewing-PID-STM32-program/sewing-PID-STM32-program/STM32C092KCTX_FLASH.ld" --specs=nosys.specs -Wl,-Map="sewing-PID-STM32-program.map" -Wl,--gc-sections -static --specs=nano.specs -mfloat-abi=soft -mthumb -Wl,--start-group -lc -lm -lstdc++ -lsupc++ -Wl,--end-group
Finished building target: sewing-PID-STM32-program.elf
 
arm-none-eabi-size  sewing-PID-STM32-program.elf 
arm-none-eabi-objdump -h -S sewing-PID-STM32-program.elf  > "sewing-PID-STM32-program.list"
   text	   data	    bss	    dec	    hex	filename
  22360	    140	   1720	  24220	   5e9c	sewing-PID-STM32-program.elf
Finished building: default.size.stdout
 
Finished building: sewing-PID-STM32-program.list
 
21:47:53 **** Incremental Build of configuration Debug for project sewing-PID-STM32-program ****
make -j9 all 
arm-none-eabi-gcc "../Core/Src/main.c" -mcpu=cortex-m0plus -std=gnu11 -g3 -DDEBUG -DUSE_HAL_DRIVER -DSTM32C092xx -c -I../Core/Inc -I../Drivers/STM32C0xx_HAL_Driver/Inc -I../Drivers/STM32C0xx_HAL_Driver/Inc/Legacy -I../Drivers/CMSIS/Device/ST/STM32C0xx/Include -I../Drivers/CMSIS/Include -O0 -ffunction-sections -fdata-sections -Wall -fstack-usage -fcyclomatic-complexity -MMD -MP -MF"Core/Src/main.d" -MT"Core/Src/main.o" --specs=nano.specs -mfloat-abi=soft -mthumb -o "Core/Src/main.o"
arm-none-eabi-g++ -o "sewing-PID-STM32-program.elf" @"objects.list"   -mcpu=cortex-m0plus -T"/Users/john/Library/CloudStorage/OneDrive-Stanford/nonsense/sewing/singer4452-speed-controller/sewing-PID-STM32-program/sewing-PID-STM32-program/STM32C092KCTX_FLASH.ld" --specs=nosys.specs -Wl,-Map="sewing-PID-STM32-program.map" -Wl,--gc-sections -static --specs=nano.specs -mfloat-abi=soft -mthumb -Wl,--start-group -lc -lm -lstdc++ -lsupc++ -Wl,--end-group
Finished building target: sewing-PID-STM32-program.elf
 
arm-none-eabi-size  sewing-PID-STM32-program.elf 
arm-none-eabi-objdump -h -S sewing-PID-STM32-program.elf  > "sewing-PID-STM32-program.list"
   text	   data	    bss	    dec	    hex	filename
  22360	    140	   1720	  24220	   5e9c	sewing-PID-STM32-program.elf
Finished building: default.size.stdout
 
Finished building: sewing-PID-STM32-program.list
 
21:48:37 **** Incremental Build of configuration Debug for project sewing-PID-STM32-program ****
make -j9 all 
arm-none-eabi-gcc "../Core/Src/main.c" -mcpu=cortex-m0plus -std=gnu11 -g3 -DDEBUG -DUSE_HAL_DRIVER -DSTM32C092xx -c -I../Core/Inc -I../Drivers/STM32C0xx_HAL_Driver/Inc -I../Drivers/STM32C0xx_HAL_Driver/Inc/Legacy -I../Drivers/CMSIS/Device/ST/STM32C0xx/Include -I../Drivers/CMSIS/Include -O0 -ffunction-sections -fdata-sections -Wall -fstack-usage -fcyclomatic-complexity -MMD -MP -MF"Core/Src/main.d" -MT"Core/Src/main.o" --specs=nano.specs -mfloat-abi=soft -mthumb -o "Core/Src/main.o"
arm-none-eabi-g++ -o "sewing-PID-STM32-program.elf" @"objects.list"   -mcpu=cortex-m0plus -T"/Users/john/Library/CloudStorage/OneDrive-Stanford/nonsense/sewing/singer4452-speed-controller/sewing-PID-STM32-program/sewing-PID-STM32-program/STM32C092KCTX_FLASH.ld" --specs=nosys.specs -Wl,-Map="sewing-PID-STM32-program.map" -Wl,--gc-sections -static --specs=nano.specs -mfloat-abi=soft -mthumb -Wl,--start-group -lc -lm -lstdc++ -lsupc++ -Wl,--end-group
Finished building target: sewing-PID-STM32-program.elf
 
arm-none-eabi-size  sewing-PID-STM32-program.elf 
arm-none-eabi-objdump -h -S sewing-PID-STM32-program.elf  > "sewing-PID-STM32-program.list"
   text	   data	    bss	    dec	    hex	filename
  22340	    140	   1720	  24200	   5e88	sewing-PID-STM32-program.elf
Finished building: default.size.stdout
 
Finished building: sewing-PID-STM32-program.list
 
21:49:54 **** Incremental Build of configuration Debug for project sewing-PID-STM32-program ****
make -j9 all 
arm-none-eabi-gcc "../Core/Src/main.c" -mcpu=cortex-m0plus -std=gnu11 -g3 -DDEBUG -DUSE_HAL_DRIVER -DSTM32C092xx -c -I../Core/Inc -I../Drivers/STM32C0xx_HAL_Driver/Inc -I../Drivers/STM32C0xx_HAL_Driver/Inc/Legacy -I../Drivers/CMSIS/Device/ST/STM32C0xx/Include -I../Drivers/CMSIS/Include -O0 -ffunction-sections -fdata-sections -Wall -fstack-usage -fcyclomatic-complexity -MMD -MP -MF"Core/Src/main.d" -MT"Core/Src/main.o" --specs=nano.specs -mfloat-abi=soft -mthumb -o "Core/Src/main.o"
arm-none-eabi-g++ -o "sewing-PID-STM32-program.elf" @"objects.list"   -mcpu=cortex-m0plus -T"/Users/john/Library/CloudStorage/OneDrive-Stanford/nonsense/sewing/singer4452-speed-controller/sewing-PID-STM32-program/sewing-PID-STM32-program/STM32C092KCTX_FLASH.ld" --specs=nosys.specs -Wl,-Map="sewing-PID-STM32-program.map" -Wl,--gc-sections -static --specs=nano.specs -mfloat-abi=soft -mthumb -Wl,--start-group -lc -lm -lstdc++ -lsupc++ -Wl,--end-group
Finished building target: sewing-PID-STM32-program.elf
 
arm-none-eabi-size  sewing-PID-STM32-program.elf 
arm-none-eabi-objdump -h -S sewing-PID-STM32-program.elf  > "sewing-PID-STM32-program.list"
   text	   data	    bss	    dec	    hex	filename
  22340	    140	   1720	  24200	   5e88	sewing-PID-STM32-program.elf
Finished building: default.size.stdout
 
Finished building: sewing-PID-STM32-program.list
 
21:50:28 **** Incremental Build of configuration Debug for project sewing-PID-STM32-program ****
make -j9 all 
arm-none-eabi-gcc "../Core/Src/main.c" -mcpu=cortex-m0plus -std=gnu11 -g3 -DDEBUG -DUSE_HAL_DRIVER -DSTM32C092xx -c -I../Core/Inc -I../Drivers/STM32C0xx_HAL_Driver/Inc -I../Drivers/STM32C0xx_HAL_Driver/Inc/Legacy -I../Drivers/CMSIS/Device/ST/STM32C0xx/Include -I../Drivers/CMSIS/Include -O0 -ffunction-sections -fdata-sections -Wall -fstack-usage -fcyclomatic-complexity -MMD -MP -MF"Core/Src/main.d" -MT"Core/Src/main.o" --specs=nano.specs -mfloat-abi=soft -mthumb -o "Core/Src/main.o"
arm-none-eabi-g++ -o "sewing-PID-STM32-program.elf" @"objects.list"   -mcpu=cortex-m0plus -T"/Users/john/Library/CloudStorage/OneDrive-Stanford/nonsense/sewing/singer4452-speed-controller/sewing-PID-STM32-program/sewing-PID-STM32-program/STM32C092KCTX_FLASH.ld" --specs=nosys.specs -Wl,-Map="sewing-PID-STM32-program.map" -Wl,--gc-sections -static --specs=nano.specs -mfloat-abi=soft -mthumb -Wl,--start-group -lc -lm -lstdc++ -lsupc++ -Wl,--end-group
Finished building target: sewing-PID-STM32-program.elf
 
arm-none-eabi-size  sewing-PID-STM32-program.elf 
arm-none-eabi-objdump -h -S sewing-PID-STM32-program.elf  > "sewing-PID-STM32-program.list"
   text	   data	    bss	    dec	    hex	filename
  22340	    140	   1720	  24200	   5e88	sewing-PID-STM32-program.elf
Finished building: default.size.stdout
 
Finished building: sewing-PID-STM32-program.list
 
21:51:07 **** Incremental Build of configuration Debug for project sewing-PID-STM32-program ****
make -j9 all 
arm-none-eabi-gcc "../Core/Src/main.c" -mcpu=cortex-m0plus -std=gnu11 -g3 -DDEBUG -DUSE_HAL_DRIVER -DSTM32C092xx -c -I../Core/Inc -I../Drivers/STM32C0xx_HAL_Driver/Inc -I../Drivers/STM32C0xx_HAL_Driver/Inc/Legacy -I../Drivers/CMSIS/Device/ST/STM32C0xx/Include -I../Drivers/CMSIS/Include -O0 -ffunction-sections -fdata-sections -Wall -fstack-usage -fcyclomatic-complexity -MMD -MP -MF"Core/Src/main.d" -MT"Core/Src/main.o" --specs=nano.specs -mfloat-abi=soft -mthumb -o "Core/Src/main.o"
arm-none-eabi-g++ -o "sewing-PID-STM32-program.elf" @"objects.list"   -mcpu=cortex-m0plus -T"/Users/john/Library/CloudStorage/OneDrive-Stanford/nonsense/sewing/singer4452-speed-controller/sewing-PID-STM32-program/sewing-PID-STM32-program/STM32C092KCTX_FLASH.ld" --specs=nosys.specs -Wl,-Map="sewing-PID-STM32-program.map" -Wl,--gc-sections -static --specs=nano.specs -mfloat-abi=soft -mthumb -Wl,--start-group -lc -lm -lstdc++ -lsupc++ -Wl,--end-group
Finished building target: sewing-PID-STM32-program.elf
 
arm-none-eabi-size  sewing-PID-STM32-program.elf 
arm-none-eabi-objdump -h -S sewing-PID-STM32-program.elf  > "sewing-PID-STM32-program.list"
   text	   data	    bss	    dec	    hex	filename
  22340	    140	   1720	  24200	   5e88	sewing-PID-STM32-program.elf
Finished building: default.size.stdout
 
Finished building: sewing-PID-STM32-program.list
 
21:52:19 **** Incremental Build of configuration Debug for project sewing-PID-STM32-program ****
make -j9 all 
arm-none-eabi-gcc "../Core/Src/main.c" -mcpu=cortex-m0plus -std=gnu11 -g3 -DDEBUG -DUSE_HAL_DRIVER -DSTM32C092xx -c -I../Core/Inc -I../Drivers/STM32C0xx_HAL_Driver/Inc -I../Drivers/STM32C0xx_HAL_Driver/Inc/Legacy -I../Drivers/CMSIS/Device/ST/STM32C0xx/Include -I../Drivers/CMSIS/Include -O0 -ffunction-sections -fdata-sections -Wall -fstack-usage -fcyclomatic-complexity -MMD -MP -MF"Core/Src/main.d" -MT"Core/Src/main.o" --specs=nano.specs -mfloat-abi=soft -mthumb -o "Core/Src/main.o"
arm-none-eabi-g++ -o "sewing-PID-STM32-program.elf" @"objects.list"   -mcpu=cortex-m0plus -T"/Users/john/Library/CloudStorage/OneDrive-Stanford/nonsense/sewing/singer4452-speed-controller/sewing-PID-STM32-program/sewing-PID-STM32-program/STM32C092KCTX_FLASH.ld" --specs=nosys.specs -Wl,-Map="sewing-PID-STM32-program.map" -Wl,--gc-sections -static --specs=nano.specs -mfloat-abi=soft -mthumb -Wl,--start-group -lc -lm -lstdc++ -lsupc++ -Wl,--end-group
Finished building target: sewing-PID-STM32-program.elf
 
arm-none-eabi-size  sewing-PID-STM32-program.elf 
arm-none-eabi-objdump -h -S sewing-PID-STM32-program.elf  > "sewing-PID-STM32-program.list"
   text	   data	    bss	    dec	    hex	filename
  22336	    140	   1720	  24196	   5e84	sewing-PID-STM32-program.elf
Finished building: default.size.stdout
 
Finished building: sewing-PID-STM32-program.list
 
21:58:29 **** Incremental Build of configuration Debug for project sewing-PID-STM32-program ****
make -j9 all 
arm-none-eabi-gcc "../Core/Src/main.c" -mcpu=cortex-m0plus -std=gnu11 -g3 -DDEBUG -DUSE_HAL_DRIVER -DSTM32C092xx -c -I../Core/Inc -I../Drivers/STM32C0xx_HAL_Driver/Inc -I../Drivers/STM32C0xx_HAL_Driver/Inc/Legacy -I../Drivers/CMSIS/Device/ST/STM32C0xx/Include -I../Drivers/CMSIS/Include -O0 -ffunction-sections -fdata-sections -Wall -fstack-usage -fcyclomatic-complexity -MMD -MP -MF"Core/Src/main.d" -MT"Core/Src/main.o" --specs=nano.specs -mfloat-abi=soft -mthumb -o "Core/Src/main.o"
arm-none-eabi-g++ -o "sewing-PID-STM32-program.elf" @"objects.list"   -mcpu=cortex-m0plus -T"/Users/john/Library/CloudStorage/OneDrive-Stanford/nonsense/sewing/singer4452-speed-controller/sewing-PID-STM32-program/sewing-PID-STM32-program/STM32C092KCTX_FLASH.ld" --specs=nosys.specs -Wl,-Map="sewing-PID-STM32-program.map" -Wl,--gc-sections -static --specs=nano.specs -mfloat-abi=soft -mthumb -Wl,--start-group -lc -lm -lstdc++ -lsupc++ -Wl,--end-group
Finished building target: sewing-PID-STM32-program.elf
 
arm-none-eabi-size  sewing-PID-STM32-program.elf 
arm-none-eabi-objdump -h -S sewing-PID-STM32-program.elf  > "sewing-PID-STM32-program.list"
   text	   data	    bss	    dec	    hex	filename
  22528	    140	   1800	  24468	   5f94	sewing-PID-STM32-program.elf
Finished building: default.size.stdout
 
Finished building: sewing-PID-STM32-program.list
 
22:24:44 **** Incremental Build of configuration Debug for project sewing-PID-STM32-program ****
make -j9 all 
arm-none-eabi-gcc "../Core/Src/main.c" -mcpu=cortex-m0plus -std=gnu11 -g3 -DDEBUG -DUSE_HAL_DRIVER -DSTM32C092xx -c -I../Core/Inc -I../Drivers/STM32C0xx_HAL_Driver/Inc -I../Drivers/STM32C0xx_HAL_Driver/Inc/Legacy -I../Drivers/CMSIS/Device/ST/STM32C0xx/Include -I../Drivers/CMSIS/Include -O0 -ffunction-sections -fdata-sections -Wall -fstack-usage -fcyclomatic-complexity -MMD -MP -MF"Core/Src/main.d" -MT"Core/Src/main.o" --specs=nano.specs -mfloat-abi=soft -mthumb -o "Core/Src/main.o"
../Core/Src/main.c: In function 'main':
../Core/Src/main.c:314:25: error: 'speed_samples' undeclared (first use in this function)
  314 |                         speed_samples[i] = 0;
      |                         ^~~~~~~~~~~~~
../Core/Src/main.c:314:25: note: each undeclared identifier is reported only once for each function it appears in
../Core/Src/main.c:316:17: error: 'sample_index' undeclared (first use in this function)
  316 |                 sample_index = 0;
      |                 ^~~~~~~~~~~~
make: *** [Core/Src/subdir.mk:34: Core/Src/main.o] Error 1
"make -j9 all" terminated with exit code 2. Build might be incomplete.
22:25:16 **** Incremental Build of configuration Debug for project sewing-PID-STM32-program ****
make -j9 all 
arm-none-eabi-gcc "../Core/Src/main.c" -mcpu=cortex-m0plus -std=gnu11 -g3 -DDEBUG -DUSE_HAL_DRIVER -DSTM32C092xx -c -I../Core/Inc -I../Drivers/STM32C0xx_HAL_Driver/Inc -I../Drivers/STM32C0xx_HAL_Driver/Inc/Legacy -I../Drivers/CMSIS/Device/ST/STM32C0xx/Include -I../Drivers/CMSIS/Include -O0 -ffunction-sections -fdata-sections -Wall -fstack-usage -fcyclomatic-complexity -MMD -MP -MF"Core/Src/main.d" -MT"Core/Src/main.o" --specs=nano.specs -mfloat-abi=soft -mthumb -o "Core/Src/main.o"
arm-none-eabi-g++ -o "sewing-PID-STM32-program.elf" @"objects.list"   -mcpu=cortex-m0plus -T"/Users/john/Library/CloudStorage/OneDrive-Stanford/nonsense/sewing/singer4452-speed-controller/sewing-PID-STM32-program/sewing-PID-STM32-program/STM32C092KCTX_FLASH.ld" --specs=nosys.specs -Wl,-Map="sewing-PID-STM32-program.map" -Wl,--gc-sections -static --specs=nano.specs -mfloat-abi=soft -mthumb -Wl,--start-group -lc -lm -lstdc++ -lsupc++ -Wl,--end-group
Finished building target: sewing-PID-STM32-program.elf
 
arm-none-eabi-size  sewing-PID-STM32-program.elf 
arm-none-eabi-objdump -h -S sewing-PID-STM32-program.elf  > "sewing-PID-STM32-program.list"
   text	   data	    bss	    dec	    hex	filename
  22340	    140	   1720	  24200	   5e88	sewing-PID-STM32-program.elf
Finished building: default.size.stdout
 
Finished building: sewing-PID-STM32-program.list
 
22:26:36 **** Incremental Build of configuration Debug for project sewing-PID-STM32-program ****
make -j9 all 
arm-none-eabi-gcc "../Core/Src/main.c" -mcpu=cortex-m0plus -std=gnu11 -g3 -DDEBUG -DUSE_HAL_DRIVER -DSTM32C092xx -c -I../Core/Inc -I../Drivers/STM32C0xx_HAL_Driver/Inc -I../Drivers/STM32C0xx_HAL_Driver/Inc/Legacy -I../Drivers/CMSIS/Device/ST/STM32C0xx/Include -I../Drivers/CMSIS/Include -O0 -ffunction-sections -fdata-sections -Wall -fstack-usage -fcyclomatic-complexity -MMD -MP -MF"Core/Src/main.d" -MT"Core/Src/main.o" --specs=nano.specs -mfloat-abi=soft -mthumb -o "Core/Src/main.o"
arm-none-eabi-g++ -o "sewing-PID-STM32-program.elf" @"objects.list"   -mcpu=cortex-m0plus -T"/Users/john/Library/CloudStorage/OneDrive-Stanford/nonsense/sewing/singer4452-speed-controller/sewing-PID-STM32-program/sewing-PID-STM32-program/STM32C092KCTX_FLASH.ld" --specs=nosys.specs -Wl,-Map="sewing-PID-STM32-program.map" -Wl,--gc-sections -static --specs=nano.specs -mfloat-abi=soft -mthumb -Wl,--start-group -lc -lm -lstdc++ -lsupc++ -Wl,--end-group
Finished building target: sewing-PID-STM32-program.elf
 
arm-none-eabi-size  sewing-PID-STM32-program.elf 
arm-none-eabi-objdump -h -S sewing-PID-STM32-program.elf  > "sewing-PID-STM32-program.list"
   text	   data	    bss	    dec	    hex	filename
  22336	    140	   1720	  24196	   5e84	sewing-PID-STM32-program.elf
Finished building: default.size.stdout
 
Finished building: sewing-PID-STM32-program.list
 
22:33:56 **** Incremental Build of configuration Debug for project sewing-PID-STM32-program ****
make -j9 all 
arm-none-eabi-gcc "../Core/Src/main.c" -mcpu=cortex-m0plus -std=gnu11 -g3 -DDEBUG -DUSE_HAL_DRIVER -DSTM32C092xx -c -I../Core/Inc -I../Drivers/STM32C0xx_HAL_Driver/Inc -I../Drivers/STM32C0xx_HAL_Driver/Inc/Legacy -I../Drivers/CMSIS/Device/ST/STM32C0xx/Include -I../Drivers/CMSIS/Include -O0 -ffunction-sections -fdata-sections -Wall -fstack-usage -fcyclomatic-complexity -MMD -MP -MF"Core/Src/main.d" -MT"Core/Src/main.o" --specs=nano.specs -mfloat-abi=soft -mthumb -o "Core/Src/main.o"
arm-none-eabi-g++ -o "sewing-PID-STM32-program.elf" @"objects.list"   -mcpu=cortex-m0plus -T"/Users/john/Library/CloudStorage/OneDrive-Stanford/nonsense/sewing/singer4452-speed-controller/sewing-PID-STM32-program/sewing-PID-STM32-program/STM32C092KCTX_FLASH.ld" --specs=nosys.specs -Wl,-Map="sewing-PID-STM32-program.map" -Wl,--gc-sections -static --specs=nano.specs -mfloat-abi=soft -mthumb -Wl,--start-group -lc -lm -lstdc++ -lsupc++ -Wl,--end-group
Finished building target: sewing-PID-STM32-program.elf
 
arm-none-eabi-size  sewing-PID-STM32-program.elf 
arm-none-eabi-objdump -h -S sewing-PID-STM32-program.elf  > "sewing-PID-STM32-program.list"
   text	   data	    bss	    dec	    hex	filename
  22332	    140	   1720	  24192	   5e80	sewing-PID-STM32-program.elf
Finished building: default.size.stdout
 
Finished building: sewing-PID-STM32-program.list
 
22:34:42 **** Incremental Build of configuration Debug for project sewing-PID-STM32-program ****
make -j9 all 
arm-none-eabi-gcc "../Core/Src/main.c" -mcpu=cortex-m0plus -std=gnu11 -g3 -DDEBUG -DUSE_HAL_DRIVER -DSTM32C092xx -c -I../Core/Inc -I../Drivers/STM32C0xx_HAL_Driver/Inc -I../Drivers/STM32C0xx_HAL_Driver/Inc/Legacy -I../Drivers/CMSIS/Device/ST/STM32C0xx/Include -I../Drivers/CMSIS/Include -O0 -ffunction-sections -fdata-sections -Wall -fstack-usage -fcyclomatic-complexity -MMD -MP -MF"Core/Src/main.d" -MT"Core/Src/main.o" --specs=nano.specs -mfloat-abi=soft -mthumb -o "Core/Src/main.o"
arm-none-eabi-g++ -o "sewing-PID-STM32-program.elf" @"objects.list"   -mcpu=cortex-m0plus -T"/Users/john/Library/CloudStorage/OneDrive-Stanford/nonsense/sewing/singer4452-speed-controller/sewing-PID-STM32-program/sewing-PID-STM32-program/STM32C092KCTX_FLASH.ld" --specs=nosys.specs -Wl,-Map="sewing-PID-STM32-program.map" -Wl,--gc-sections -static --specs=nano.specs -mfloat-abi=soft -mthumb -Wl,--start-group -lc -lm -lstdc++ -lsupc++ -Wl,--end-group
Finished building target: sewing-PID-STM32-program.elf
 
arm-none-eabi-size  sewing-PID-STM32-program.elf 
arm-none-eabi-objdump -h -S sewing-PID-STM32-program.elf  > "sewing-PID-STM32-program.list"
   text	   data	    bss	    dec	    hex	filename
  22176	    140	   1720	  24036	   5de4	sewing-PID-STM32-program.elf
Finished building: default.size.stdout
 
Finished building: sewing-PID-STM32-program.list
 
22:36:35 **** Incremental Build of configuration Debug for project sewing-PID-STM32-program ****
make -j9 all 
arm-none-eabi-gcc "../Core/Src/main.c" -mcpu=cortex-m0plus -std=gnu11 -g3 -DDEBUG -DUSE_HAL_DRIVER -DSTM32C092xx -c -I../Core/Inc -I../Drivers/STM32C0xx_HAL_Driver/Inc -I../Drivers/STM32C0xx_HAL_Driver/Inc/Legacy -I../Drivers/CMSIS/Device/ST/STM32C0xx/Include -I../Drivers/CMSIS/Include -O0 -ffunction-sections -fdata-sections -Wall -fstack-usage -fcyclomatic-complexity -MMD -MP -MF"Core/Src/main.d" -MT"Core/Src/main.o" --specs=nano.specs -mfloat-abi=soft -mthumb -o "Core/Src/main.o"
arm-none-eabi-g++ -o "sewing-PID-STM32-program.elf" @"objects.list"   -mcpu=cortex-m0plus -T"/Users/john/Library/CloudStorage/OneDrive-Stanford/nonsense/sewing/singer4452-speed-controller/sewing-PID-STM32-program/sewing-PID-STM32-program/STM32C092KCTX_FLASH.ld" --specs=nosys.specs -Wl,-Map="sewing-PID-STM32-program.map" -Wl,--gc-sections -static --specs=nano.specs -mfloat-abi=soft -mthumb -Wl,--start-group -lc -lm -lstdc++ -lsupc++ -Wl,--end-group
Finished building target: sewing-PID-STM32-program.elf
 
arm-none-eabi-size  sewing-PID-STM32-program.elf 
arm-none-eabi-objdump -h -S sewing-PID-STM32-program.elf  > "sewing-PID-STM32-program.list"
   text	   data	    bss	    dec	    hex	filename
  22176	    140	   1720	  24036	   5de4	sewing-PID-STM32-program.elf
Finished building: default.size.stdout
 
Finished building: sewing-PID-STM32-program.list
 
22:37:45 **** Incremental Build of configuration Debug for project sewing-PID-STM32-program ****
make -j9 all 
arm-none-eabi-gcc "../Core/Src/main.c" -mcpu=cortex-m0plus -std=gnu11 -g3 -DDEBUG -DUSE_HAL_DRIVER -DSTM32C092xx -c -I../Core/Inc -I../Drivers/STM32C0xx_HAL_Driver/Inc -I../Drivers/STM32C0xx_HAL_Driver/Inc/Legacy -I../Drivers/CMSIS/Device/ST/STM32C0xx/Include -I../Drivers/CMSIS/Include -O0 -ffunction-sections -fdata-sections -Wall -fstack-usage -fcyclomatic-complexity -MMD -MP -MF"Core/Src/main.d" -MT"Core/Src/main.o" --specs=nano.specs -mfloat-abi=soft -mthumb -o "Core/Src/main.o"
arm-none-eabi-g++ -o "sewing-PID-STM32-program.elf" @"objects.list"   -mcpu=cortex-m0plus -T"/Users/john/Library/CloudStorage/OneDrive-Stanford/nonsense/sewing/singer4452-speed-controller/sewing-PID-STM32-program/sewing-PID-STM32-program/STM32C092KCTX_FLASH.ld" --specs=nosys.specs -Wl,-Map="sewing-PID-STM32-program.map" -Wl,--gc-sections -static --specs=nano.specs -mfloat-abi=soft -mthumb -Wl,--start-group -lc -lm -lstdc++ -lsupc++ -Wl,--end-group
Finished building target: sewing-PID-STM32-program.elf
 
arm-none-eabi-size  sewing-PID-STM32-program.elf 
arm-none-eabi-objdump -h -S sewing-PID-STM32-program.elf  > "sewing-PID-STM32-program.list"
   text	   data	    bss	    dec	    hex	filename
  22332	    140	   1720	  24192	   5e80	sewing-PID-STM32-program.elf
Finished building: default.size.stdout
 
Finished building: sewing-PID-STM32-program.list
 
22:38:45 **** Incremental Build of configuration Debug for project sewing-PID-STM32-program ****
make -j9 all 
arm-none-eabi-gcc "../Core/Src/main.c" -mcpu=cortex-m0plus -std=gnu11 -g3 -DDEBUG -DUSE_HAL_DRIVER -DSTM32C092xx -c -I../Core/Inc -I../Drivers/STM32C0xx_HAL_Driver/Inc -I../Drivers/STM32C0xx_HAL_Driver/Inc/Legacy -I../Drivers/CMSIS/Device/ST/STM32C0xx/Include -I../Drivers/CMSIS/Include -O0 -ffunction-sections -fdata-sections -Wall -fstack-usage -fcyclomatic-complexity -MMD -MP -MF"Core/Src/main.d" -MT"Core/Src/main.o" --specs=nano.specs -mfloat-abi=soft -mthumb -o "Core/Src/main.o"
arm-none-eabi-g++ -o "sewing-PID-STM32-program.elf" @"objects.list"   -mcpu=cortex-m0plus -T"/Users/john/Library/CloudStorage/OneDrive-Stanford/nonsense/sewing/singer4452-speed-controller/sewing-PID-STM32-program/sewing-PID-STM32-program/STM32C092KCTX_FLASH.ld" --specs=nosys.specs -Wl,-Map="sewing-PID-STM32-program.map" -Wl,--gc-sections -static --specs=nano.specs -mfloat-abi=soft -mthumb -Wl,--start-group -lc -lm -lstdc++ -lsupc++ -Wl,--end-group
Finished building target: sewing-PID-STM32-program.elf
 
arm-none-eabi-size  sewing-PID-STM32-program.elf 
arm-none-eabi-objdump -h -S sewing-PID-STM32-program.elf  > "sewing-PID-STM32-program.list"
   text	   data	    bss	    dec	    hex	filename
  22332	    140	   1720	  24192	   5e80	sewing-PID-STM32-program.elf
Finished building: default.size.stdout
 
Finished building: sewing-PID-STM32-program.list
 
22:46:23 **** Incremental Build of configuration Debug for project sewing-PID-STM32-program ****
make -j9 all 
arm-none-eabi-gcc "../Core/Src/main.c" -mcpu=cortex-m0plus -std=gnu11 -g3 -DDEBUG -DUSE_HAL_DRIVER -DSTM32C092xx -c -I../Core/Inc -I../Drivers/STM32C0xx_HAL_Driver/Inc -I../Drivers/STM32C0xx_HAL_Driver/Inc/Legacy -I../Drivers/CMSIS/Device/ST/STM32C0xx/Include -I../Drivers/CMSIS/Include -O0 -ffunction-sections -fdata-sections -Wall -fstack-usage -fcyclomatic-complexity -MMD -MP -MF"Core/Src/main.d" -MT"Core/Src/main.o" --specs=nano.specs -mfloat-abi=soft -mthumb -o "Core/Src/main.o"
../Core/Src/main.c: In function 'main':
../Core/Src/main.c:322:62: error: 'current_throttle' undeclared (first use in this function); did you mean 'set_throttle'?
  322 |                 if (throttle_diff > max_slew) new_throttle = current_throttle + max_slew;
      |                                                              ^~~~~~~~~~~~~~~~
      |                                                              set_throttle
../Core/Src/main.c:322:62: note: each undeclared identifier is reported only once for each function it appears in
make: *** [Core/Src/subdir.mk:34: Core/Src/main.o] Error 1
"make -j9 all" terminated with exit code 2. Build might be incomplete.
22:46:48 **** Incremental Build of configuration Debug for project sewing-PID-STM32-program ****
make -j9 all 
arm-none-eabi-gcc "../Core/Src/main.c" -mcpu=cortex-m0plus -std=gnu11 -g3 -DDEBUG -DUSE_HAL_DRIVER -DSTM32C092xx -c -I../Core/Inc -I../Drivers/STM32C0xx_HAL_Driver/Inc -I../Drivers/STM32C0xx_HAL_Driver/Inc/Legacy -I../Drivers/CMSIS/Device/ST/STM32C0xx/Include -I../Drivers/CMSIS/Include -O0 -ffunction-sections -fdata-sections -Wall -fstack-usage -fcyclomatic-complexity -MMD -MP -MF"Core/Src/main.d" -MT"Core/Src/main.o" --specs=nano.specs -mfloat-abi=soft -mthumb -o "Core/Src/main.o"
arm-none-eabi-g++ -o "sewing-PID-STM32-program.elf" @"objects.list"   -mcpu=cortex-m0plus -T"/Users/john/Library/CloudStorage/OneDrive-Stanford/nonsense/sewing/singer4452-speed-controller/sewing-PID-STM32-program/sewing-PID-STM32-program/STM32C092KCTX_FLASH.ld" --specs=nosys.specs -Wl,-Map="sewing-PID-STM32-program.map" -Wl,--gc-sections -static --specs=nano.specs -mfloat-abi=soft -mthumb -Wl,--start-group -lc -lm -lstdc++ -lsupc++ -Wl,--end-group
Finished building target: sewing-PID-STM32-program.elf
 
arm-none-eabi-size  sewing-PID-STM32-program.elf 
arm-none-eabi-objdump -h -S sewing-PID-STM32-program.elf  > "sewing-PID-STM32-program.list"
   text	   data	    bss	    dec	    hex	filename
  22476	    140	   1720	  24336	   5f10	sewing-PID-STM32-program.elf
Finished building: default.size.stdout
 
Finished building: sewing-PID-STM32-program.list
 
22:47:30 **** Incremental Build of configuration Debug for project sewing-PID-STM32-program ****
make -j9 all 
arm-none-eabi-gcc "../Core/Src/main.c" -mcpu=cortex-m0plus -std=gnu11 -g3 -DDEBUG -DUSE_HAL_DRIVER -DSTM32C092xx -c -I../Core/Inc -I../Drivers/STM32C0xx_HAL_Driver/Inc -I../Drivers/STM32C0xx_HAL_Driver/Inc/Legacy -I../Drivers/CMSIS/Device/ST/STM32C0xx/Include -I../Drivers/CMSIS/Include -O0 -ffunction-sections -fdata-sections -Wall -fstack-usage -fcyclomatic-complexity -MMD -MP -MF"Core/Src/main.d" -MT"Core/Src/main.o" --specs=nano.specs -mfloat-abi=soft -mthumb -o "Core/Src/main.o"
arm-none-eabi-g++ -o "sewing-PID-STM32-program.elf" @"objects.list"   -mcpu=cortex-m0plus -T"/Users/john/Library/CloudStorage/OneDrive-Stanford/nonsense/sewing/singer4452-speed-controller/sewing-PID-STM32-program/sewing-PID-STM32-program/STM32C092KCTX_FLASH.ld" --specs=nosys.specs -Wl,-Map="sewing-PID-STM32-program.map" -Wl,--gc-sections -static --specs=nano.specs -mfloat-abi=soft -mthumb -Wl,--start-group -lc -lm -lstdc++ -lsupc++ -Wl,--end-group
Finished building target: sewing-PID-STM32-program.elf
 
arm-none-eabi-size  sewing-PID-STM32-program.elf 
arm-none-eabi-objdump -h -S sewing-PID-STM32-program.elf  > "sewing-PID-STM32-program.list"
   text	   data	    bss	    dec	    hex	filename
  22476	    140	   1720	  24336	   5f10	sewing-PID-STM32-program.elf
Finished building: default.size.stdout
 
Finished building: sewing-PID-STM32-program.list
 
22:48:18 **** Incremental Build of configuration Debug for project sewing-PID-STM32-program ****
make -j9 all 
arm-none-eabi-gcc "../Core/Src/main.c" -mcpu=cortex-m0plus -std=gnu11 -g3 -DDEBUG -DUSE_HAL_DRIVER -DSTM32C092xx -c -I../Core/Inc -I../Drivers/STM32C0xx_HAL_Driver/Inc -I../Drivers/STM32C0xx_HAL_Driver/Inc/Legacy -I../Drivers/CMSIS/Device/ST/STM32C0xx/Include -I../Drivers/CMSIS/Include -O0 -ffunction-sections -fdata-sections -Wall -fstack-usage -fcyclomatic-complexity -MMD -MP -MF"Core/Src/main.d" -MT"Core/Src/main.o" --specs=nano.specs -mfloat-abi=soft -mthumb -o "Core/Src/main.o"
arm-none-eabi-g++ -o "sewing-PID-STM32-program.elf" @"objects.list"   -mcpu=cortex-m0plus -T"/Users/john/Library/CloudStorage/OneDrive-Stanford/nonsense/sewing/singer4452-speed-controller/sewing-PID-STM32-program/sewing-PID-STM32-program/STM32C092KCTX_FLASH.ld" --specs=nosys.specs -Wl,-Map="sewing-PID-STM32-program.map" -Wl,--gc-sections -static --specs=nano.specs -mfloat-abi=soft -mthumb -Wl,--start-group -lc -lm -lstdc++ -lsupc++ -Wl,--end-group
Finished building target: sewing-PID-STM32-program.elf
 
arm-none-eabi-size  sewing-PID-STM32-program.elf 
arm-none-eabi-objdump -h -S sewing-PID-STM32-program.elf  > "sewing-PID-STM32-program.list"
   text	   data	    bss	    dec	    hex	filename
  22476	    140	   1720	  24336	   5f10	sewing-PID-STM32-program.elf
Finished building: default.size.stdout
 
Finished building: sewing-PID-STM32-program.list
 
22:49:12 **** Incremental Build of configuration Debug for project sewing-PID-STM32-program ****
make -j9 all 
arm-none-eabi-gcc "../Core/Src/main.c" -mcpu=cortex-m0plus -std=gnu11 -g3 -DDEBUG -DUSE_HAL_DRIVER -DSTM32C092xx -c -I../Core/Inc -I../Drivers/STM32C0xx_HAL_Driver/Inc -I../Drivers/STM32C0xx_HAL_Driver/Inc/Legacy -I../Drivers/CMSIS/Device/ST/STM32C0xx/Include -I../Drivers/CMSIS/Include -O0 -ffunction-sections -fdata-sections -Wall -fstack-usage -fcyclomatic-complexity -MMD -MP -MF"Core/Src/main.d" -MT"Core/Src/main.o" --specs=nano.specs -mfloat-abi=soft -mthumb -o "Core/Src/main.o"
arm-none-eabi-g++ -o "sewing-PID-STM32-program.elf" @"objects.list"   -mcpu=cortex-m0plus -T"/Users/john/Library/CloudStorage/OneDrive-Stanford/nonsense/sewing/singer4452-speed-controller/sewing-PID-STM32-program/sewing-PID-STM32-program/STM32C092KCTX_FLASH.ld" --specs=nosys.specs -Wl,-Map="sewing-PID-STM32-program.map" -Wl,--gc-sections -static --specs=nano.specs -mfloat-abi=soft -mthumb -Wl,--start-group -lc -lm -lstdc++ -lsupc++ -Wl,--end-group
Finished building target: sewing-PID-STM32-program.elf
 
arm-none-eabi-size  sewing-PID-STM32-program.elf 
arm-none-eabi-objdump -h -S sewing-PID-STM32-program.elf  > "sewing-PID-STM32-program.list"
   text	   data	    bss	    dec	    hex	filename
  22332	    140	   1720	  24192	   5e80	sewing-PID-STM32-program.elf
Finished building: default.size.stdout
 
Finished building: sewing-PID-STM32-program.list
 
22:50:09 **** Incremental Build of configuration Debug for project sewing-PID-STM32-program ****
make -j9 all 
arm-none-eabi-gcc "../Core/Src/main.c" -mcpu=cortex-m0plus -std=gnu11 -g3 -DDEBUG -DUSE_HAL_DRIVER -DSTM32C092xx -c -I../Core/Inc -I../Drivers/STM32C0xx_HAL_Driver/Inc -I../Drivers/STM32C0xx_HAL_Driver/Inc/Legacy -I../Drivers/CMSIS/Device/ST/STM32C0xx/Include -I../Drivers/CMSIS/Include -O0 -ffunction-sections -fdata-sections -Wall -fstack-usage -fcyclomatic-complexity -MMD -MP -MF"Core/Src/main.d" -MT"Core/Src/main.o" --specs=nano.specs -mfloat-abi=soft -mthumb -o "Core/Src/main.o"
arm-none-eabi-g++ -o "sewing-PID-STM32-program.elf" @"objects.list"   -mcpu=cortex-m0plus -T"/Users/john/Library/CloudStorage/OneDrive-Stanford/nonsense/sewing/singer4452-speed-controller/sewing-PID-STM32-program/sewing-PID-STM32-program/STM32C092KCTX_FLASH.ld" --specs=nosys.specs -Wl,-Map="sewing-PID-STM32-program.map" -Wl,--gc-sections -static --specs=nano.specs -mfloat-abi=soft -mthumb -Wl,--start-group -lc -lm -lstdc++ -lsupc++ -Wl,--end-group
Finished building target: sewing-PID-STM32-program.elf
 
arm-none-eabi-size  sewing-PID-STM32-program.elf 
arm-none-eabi-objdump -h -S sewing-PID-STM32-program.elf  > "sewing-PID-STM32-program.list"
   text	   data	    bss	    dec	    hex	filename
  22336	    140	   1720	  24196	   5e84	sewing-PID-STM32-program.elf
Finished building: default.size.stdout
 
Finished building: sewing-PID-STM32-program.list
 
22:51:07 **** Incremental Build of configuration Debug for project sewing-PID-STM32-program ****
make -j9 all 
arm-none-eabi-gcc "../Core/Src/main.c" -mcpu=cortex-m0plus -std=gnu11 -g3 -DDEBUG -DUSE_HAL_DRIVER -DSTM32C092xx -c -I../Core/Inc -I../Drivers/STM32C0xx_HAL_Driver/Inc -I../Drivers/STM32C0xx_HAL_Driver/Inc/Legacy -I../Drivers/CMSIS/Device/ST/STM32C0xx/Include -I../Drivers/CMSIS/Include -O0 -ffunction-sections -fdata-sections -Wall -fstack-usage -fcyclomatic-complexity -MMD -MP -MF"Core/Src/main.d" -MT"Core/Src/main.o" --specs=nano.specs -mfloat-abi=soft -mthumb -o "Core/Src/main.o"
arm-none-eabi-g++ -o "sewing-PID-STM32-program.elf" @"objects.list"   -mcpu=cortex-m0plus -T"/Users/john/Library/CloudStorage/OneDrive-Stanford/nonsense/sewing/singer4452-speed-controller/sewing-PID-STM32-program/sewing-PID-STM32-program/STM32C092KCTX_FLASH.ld" --specs=nosys.specs -Wl,-Map="sewing-PID-STM32-program.map" -Wl,--gc-sections -static --specs=nano.specs -mfloat-abi=soft -mthumb -Wl,--start-group -lc -lm -lstdc++ -lsupc++ -Wl,--end-group
Finished building target: sewing-PID-STM32-program.elf
 
arm-none-eabi-size  sewing-PID-STM32-program.elf 
arm-none-eabi-objdump -h -S sewing-PID-STM32-program.elf  > "sewing-PID-STM32-program.list"
   text	   data	    bss	    dec	    hex	filename
  22332	    140	   1720	  24192	   5e80	sewing-PID-STM32-program.elf
Finished building: default.size.stdout
 
Finished building: sewing-PID-STM32-program.list
 
22:51:53 **** Incremental Build of configuration Debug for project sewing-PID-STM32-program ****
make -j9 all 
arm-none-eabi-gcc "../Core/Src/main.c" -mcpu=cortex-m0plus -std=gnu11 -g3 -DDEBUG -DUSE_HAL_DRIVER -DSTM32C092xx -c -I../Core/Inc -I../Drivers/STM32C0xx_HAL_Driver/Inc -I../Drivers/STM32C0xx_HAL_Driver/Inc/Legacy -I../Drivers/CMSIS/Device/ST/STM32C0xx/Include -I../Drivers/CMSIS/Include -O0 -ffunction-sections -fdata-sections -Wall -fstack-usage -fcyclomatic-complexity -MMD -MP -MF"Core/Src/main.d" -MT"Core/Src/main.o" --specs=nano.specs -mfloat-abi=soft -mthumb -o "Core/Src/main.o"
arm-none-eabi-g++ -o "sewing-PID-STM32-program.elf" @"objects.list"   -mcpu=cortex-m0plus -T"/Users/john/Library/CloudStorage/OneDrive-Stanford/nonsense/sewing/singer4452-speed-controller/sewing-PID-STM32-program/sewing-PID-STM32-program/STM32C092KCTX_FLASH.ld" --specs=nosys.specs -Wl,-Map="sewing-PID-STM32-program.map" -Wl,--gc-sections -static --specs=nano.specs -mfloat-abi=soft -mthumb -Wl,--start-group -lc -lm -lstdc++ -lsupc++ -Wl,--end-group
Finished building target: sewing-PID-STM32-program.elf
 
arm-none-eabi-size  sewing-PID-STM32-program.elf 
arm-none-eabi-objdump -h -S sewing-PID-STM32-program.elf  > "sewing-PID-STM32-program.list"
   text	   data	    bss	    dec	    hex	filename
  22180	    140	   1720	  24040	   5de8	sewing-PID-STM32-program.elf
Finished building: default.size.stdout
 
Finished building: sewing-PID-STM32-program.list
 
22:53:16 **** Incremental Build of configuration Debug for project sewing-PID-STM32-program ****
make -j9 all 
arm-none-eabi-gcc "../Core/Src/main.c" -mcpu=cortex-m0plus -std=gnu11 -g3 -DDEBUG -DUSE_HAL_DRIVER -DSTM32C092xx -c -I../Core/Inc -I../Drivers/STM32C0xx_HAL_Driver/Inc -I../Drivers/STM32C0xx_HAL_Driver/Inc/Legacy -I../Drivers/CMSIS/Device/ST/STM32C0xx/Include -I../Drivers/CMSIS/Include -O0 -ffunction-sections -fdata-sections -Wall -fstack-usage -fcyclomatic-complexity -MMD -MP -MF"Core/Src/main.d" -MT"Core/Src/main.o" --specs=nano.specs -mfloat-abi=soft -mthumb -o "Core/Src/main.o"
arm-none-eabi-g++ -o "sewing-PID-STM32-program.elf" @"objects.list"   -mcpu=cortex-m0plus -T"/Users/john/Library/CloudStorage/OneDrive-Stanford/nonsense/sewing/singer4452-speed-controller/sewing-PID-STM32-program/sewing-PID-STM32-program/STM32C092KCTX_FLASH.ld" --specs=nosys.specs -Wl,-Map="sewing-PID-STM32-program.map" -Wl,--gc-sections -static --specs=nano.specs -mfloat-abi=soft -mthumb -Wl,--start-group -lc -lm -lstdc++ -lsupc++ -Wl,--end-group
Finished building target: sewing-PID-STM32-program.elf
 
arm-none-eabi-size  sewing-PID-STM32-program.elf 
arm-none-eabi-objdump -h -S sewing-PID-STM32-program.elf  > "sewing-PID-STM32-program.list"
   text	   data	    bss	    dec	    hex	filename
  22332	    140	   1720	  24192	   5e80	sewing-PID-STM32-program.elf
Finished building: default.size.stdout
 
Finished building: sewing-PID-STM32-program.list
 
22:53:28 **** Incremental Build of configuration Debug for project sewing-PID-STM32-program ****
make -j9 all 
arm-none-eabi-size  sewing-PID-STM32-program.elf 
   text	   data	    bss	    dec	    hex	filename
  22332	    140	   1720	  24192	   5e80	sewing-PID-STM32-program.elf
Finished building: default.size.stdout
 
20:08:58 **** Incremental Build of configuration Debug for project sewing-PID-STM32-program ****
make -j9 all 
arm-none-eabi-gcc "../Core/Src/main.c" -mcpu=cortex-m0plus -std=gnu11 -g3 -DDEBUG -DUSE_HAL_DRIVER -DSTM32C092xx -c -I../Core/Inc -I../Drivers/STM32C0xx_HAL_Driver/Inc -I../Drivers/STM32C0xx_HAL_Driver/Inc/Legacy -I../Drivers/CMSIS/Device/ST/STM32C0xx/Include -I../Drivers/CMSIS/Include -O0 -ffunction-sections -fdata-sections -Wall -fstack-usage -fcyclomatic-complexity -MMD -MP -MF"Core/Src/main.d" -MT"Core/Src/main.o" --specs=nano.specs -mfloat-abi=soft -mthumb -o "Core/Src/main.o"
arm-none-eabi-g++ -o "sewing-PID-STM32-program.elf" @"objects.list"   -mcpu=cortex-m0plus -T"/Users/john/Library/CloudStorage/OneDrive-Stanford/nonsense/sewing/singer4452-speed-controller/sewing-PID-STM32-program/sewing-PID-STM32-program/STM32C092KCTX_FLASH.ld" --specs=nosys.specs -Wl,-Map="sewing-PID-STM32-program.map" -Wl,--gc-sections -static --specs=nano.specs -mfloat-abi=soft -mthumb -Wl,--start-group -lc -lm -lstdc++ -lsupc++ -Wl,--end-group
Finished building target: sewing-PID-STM32-program.elf
 
arm-none-eabi-size  sewing-PID-STM32-program.elf 
arm-none-eabi-objdump -h -S sewing-PID-STM32-program.elf  > "sewing-PID-STM32-program.list"
   text	   data	    bss	    dec	    hex	filename
  22344	    140	   1720	  24204	   5e8c	sewing-PID-STM32-program.elf
Finished building: default.size.stdout
 
Finished building: sewing-PID-STM32-program.list
 
16:06:57 **** Incremental Build of configuration Debug for project sewing-PID-STM32-program ****
make -j9 all 
arm-none-eabi-gcc "../Core/Src/main.c" -mcpu=cortex-m0plus -std=gnu11 -g3 -DDEBUG -DUSE_HAL_DRIVER -DSTM32C092xx -c -I../Core/Inc -I../Drivers/STM32C0xx_HAL_Driver/Inc -I../Drivers/STM32C0xx_HAL_Driver/Inc/Legacy -I../Drivers/CMSIS/Device/ST/STM32C0xx/Include -I../Drivers/CMSIS/Include -O0 -ffunction-sections -fdata-sections -Wall -fstack-usage -fcyclomatic-complexity -MMD -MP -MF"Core/Src/main.d" -MT"Core/Src/main.o" --specs=nano.specs -mfloat-abi=soft -mthumb -o "Core/Src/main.o"
arm-none-eabi-g++ -o "sewing-PID-STM32-program.elf" @"objects.list"   -mcpu=cortex-m0plus -T"/Users/john/Library/CloudStorage/OneDrive-Stanford/nonsense/sewing/singer4452-speed-controller/sewing-PID-STM32-program/sewing-PID-STM32-program/STM32C092KCTX_FLASH.ld" --specs=nosys.specs -Wl,-Map="sewing-PID-STM32-program.map" -Wl,--gc-sections -static --specs=nano.specs -mfloat-abi=soft -mthumb -Wl,--start-group -lc -lm -lstdc++ -lsupc++ -Wl,--end-group
Finished building target: sewing-PID-STM32-program.elf
 
arm-none-eabi-size  sewing-PID-STM32-program.elf 
arm-none-eabi-objdump -h -S sewing-PID-STM32-program.elf  > "sewing-PID-STM32-program.list"
   text	   data	    bss	    dec	    hex	filename
  22428	    140	   1720	  24288	   5ee0	sewing-PID-STM32-program.elf
Finished building: default.size.stdout
 
Finished building: sewing-PID-STM32-program.list
 
